$ rsbpf load file --path e2e/testdata/bpf/fentry_counter.bpf.o --programs fentry:test_fentry:do_unlinkat --metadata parity=rust
 Bpfman State                                         
 BPF Function:  test_fentry                           
 Program Type:  fentry                                
 Path:          e2e/testdata/bpf/fentry_counter.bpf.o 
 Global:        None                                  
 Metadata:      parity=rust                           
 Map Pin Path:  /run/bpfman/fs/maps/260830            
 Map Owner ID:  None                                  
 Maps Used By:  260830                                
 Links:         None                                  

 Kernel State                                               
 Program ID:                       260830                   
 BPF Function:                     test_fentry              
 Kernel Type:                      tracing                  
 Loaded At:                        2026-06-26T16:50:58+0100 
 Tag:                              7a2dd52cbef12658         
 GPL Compatible:                   true                     
 Map IDs:                          [417338]                 
 BTF ID:                           775453                   
 Size Translated (bytes):          168                      
 JITted:                           true                     
 Size JITted:                      114                      
 Kernel Allocated Memory (bytes):  4096                     
 Verified Instruction Count:       12                       
[exit 0]

$ rsbpf get program 260830
 Bpfman State                                         
 BPF Function:  test_fentry                           
 Program Type:  fentry                                
 Path:          e2e/testdata/bpf/fentry_counter.bpf.o 
 Global:        None                                  
 Metadata:      parity=rust                           
 Map Pin Path:  /run/bpfman/fs/maps/260830            
 Map Owner ID:  None                                  
 Maps Used By:  260830                                
 Links:         None                                  

 Kernel State                                               
 Program ID:                       260830                   
 BPF Function:                     test_fentry              
 Kernel Type:                      tracing                  
 Loaded At:                        2026-06-26T16:50:58+0100 
 Tag:                              7a2dd52cbef12658         
 GPL Compatible:                   true                     
 Map IDs:                          [417338]                 
 BTF ID:                           775453                   
 Size Translated (bytes):          168                      
 JITted:                           true                     
 Size JITted:                      114                      
 Kernel Allocated Memory (bytes):  4096                     
 Verified Instruction Count:       12                       
[exit 0]

$ rsbpf attach 260830 fentry --metadata owner=parity
 Bpfman State                   
 BPF Function:     test_fentry  
 Program Type:     fentry       
 Program ID:       260830       
 Link ID:          2803789332   
 Attach Function:  do_unlinkat  
 Metadata:         owner=parity 
[exit 0]

$ rsbpf get link 2803789332
 Bpfman State                   
 BPF Function:     test_fentry  
 Program Type:     fentry       
 Program ID:       260830       
 Link ID:          2803789332   
 Attach Function:  do_unlinkat  
 Metadata:         owner=parity 
[exit 0]

$ rsbpf list programs
 Program ID  Application  Type    Function Name  Links          
 260830                   fentry  test_fentry    (1) 2803789332 
[exit 0]

$ rsbpf list links
 Program ID  Link ID     Application  Type    Function Name  Attachment  
 260830      2803789332               fentry  test_fentry    do_unlinkat 
[exit 0]

$ rsbpf detach 2803789332

[exit 0]

$ rsbpf unload 260830

[exit 0]

$ rsbpf get program 260830
 Kernel State                                               
 Program ID:                       260830                   
 BPF Function:                     test_fentry              
 Kernel Type:                      tracing                  
 Loaded At:                        2026-06-26T16:50:58+0100 
 Tag:                              7a2dd52cbef12658         
 GPL Compatible:                   true                     
 Map IDs:                          [417338]                 
 BTF ID:                           775453                   
 Size Translated (bytes):          168                      
 JITted:                           true                     
 Size JITted:                      114                      
 Kernel Allocated Memory (bytes):  4096                     
 Verified Instruction Count:       12                       
[exit 0]

