$ gobpf program load file e2e/testdata/bpf/fentry_counter.bpf.o --programs fexit:test_fexit:do_unlinkat --metadata parity=go -o json
{
  "programs": [
    {
      "record": {
        "program_id": 260861,
        "load": {
          "object_path": "/run/bpfman-parity-go/programs/260861/bytecode.o",
          "program_name": "test_fexit",
          "program_type": "fexit",
          "global_data": {},
          "image_source": null,
          "attach_func": "do_unlinkat",
          "map_owner_id": null
        },
        "license": "Dual BSD/GPL",
        "gpl_compatible": true,
        "handles": {
          "pin_path": "/run/bpfman-parity-go/fs/prog_260861",
          "map_pin_path": "/run/bpfman-parity-go/fs/maps/260861",
          "map_owner_id": null
        },
        "meta": {
          "name": "test_fexit",
          "owner": "",
          "description": "",
          "metadata": {
            "parity": "go"
          }
        },
        "created_at": "2026-06-26T15:50:58Z",
        "updated_at": null
      },
      "status": {
        "kernel": {
          "id": 260861,
          "name": "test_fexit",
          "program_type": "tracing",
          "tag": "9af58df68492f573",
          "loaded_at": "2026-06-26T15:50:57Z",
          "uid": 0,
          "has_uid": true,
          "btf_id": 775493,
          "has_btf_id": true,
          "map_ids": [
            417353
          ],
          "has_map_ids": true,
          "jited_size": 117,
          "xlated_size": 168,
          "verified_insns": 13,
          "memlock": 4096,
          "has_memlock": true,
          "restricted": false
        },
        "stats": null,
        "prog_pin": "/run/bpfman-parity-go/fs/prog_260861",
        "map_dir": "/run/bpfman-parity-go/fs/maps/260861",
        "bytecode": "/run/bpfman-parity-go/programs/260861/bytecode.o",
        "links": [],
        "maps": [
          {
            "id": 417353,
            "name": "fentry_stats_ma",
            "map_type": "percpuarray",
            "key_size": 4,
            "value_size": 8,
            "max_entries": 2,
            "flags": 0,
            "btf_id": 775492,
            "has_btf_id": true,
            "map_extra": 0,
            "has_map_extra": false,
            "memlock": 576,
            "has_memlock": true,
            "frozen": false,
            "pin_path": "",
            "present": false
          }
        ],
        "map_used_by": [
          260861
        ]
      }
    }
  ]
}
[exit 0]

$ gobpf program get 260861 -o json
{
  "record": {
    "program_id": 260861,
    "load": {
      "object_path": "/run/bpfman-parity-go/programs/260861/bytecode.o",
      "program_name": "test_fexit",
      "program_type": "fexit",
      "global_data": {},
      "image_source": null,
      "attach_func": "do_unlinkat",
      "map_owner_id": null
    },
    "license": "Dual BSD/GPL",
    "gpl_compatible": true,
    "handles": {
      "pin_path": "/run/bpfman-parity-go/fs/prog_260861",
      "map_pin_path": "/run/bpfman-parity-go/fs/maps/260861",
      "map_owner_id": null
    },
    "meta": {
      "name": "test_fexit",
      "owner": "",
      "description": "",
      "metadata": {
        "parity": "go"
      }
    },
    "created_at": "2026-06-26T15:50:58Z",
    "updated_at": null
  },
  "status": {
    "kernel": {
      "id": 260861,
      "name": "test_fexit",
      "program_type": "tracing",
      "tag": "9af58df68492f573",
      "loaded_at": "2026-06-26T15:50:57Z",
      "uid": 0,
      "has_uid": true,
      "btf_id": 775493,
      "has_btf_id": true,
      "map_ids": [
        417353
      ],
      "has_map_ids": true,
      "jited_size": 117,
      "xlated_size": 168,
      "verified_insns": 13,
      "memlock": 4096,
      "has_memlock": true,
      "restricted": false
    },
    "stats": {
      "runtime": 0,
      "run_count": 0,
      "recursion_misses": 0
    },
    "prog_pin": "/run/bpfman-parity-go/fs/prog_260861",
    "map_dir": "/run/bpfman-parity-go/fs/maps/260861",
    "bytecode": "/run/bpfman-parity-go/programs/260861/bytecode.o",
    "links": [],
    "maps": [
      {
        "id": 417353,
        "name": "fentry_stats_ma",
        "map_type": "percpuarray",
        "key_size": 4,
        "value_size": 8,
        "max_entries": 2,
        "flags": 0,
        "btf_id": 775492,
        "has_btf_id": true,
        "map_extra": 0,
        "has_map_extra": false,
        "memlock": 576,
        "has_memlock": true,
        "frozen": false,
        "pin_path": "/run/bpfman-parity-go/fs/maps/260861/fentry_stats_map",
        "present": true
      }
    ],
    "map_used_by": [
      260861
    ]
  }
}
[exit 0]

$ gobpf link attach fexit 260861 --metadata owner=parity -o json
{
  "record": {
    "id": 2123456957,
    "program_id": 260861,
    "kernel_link_id": 371399,
    "kind": "fexit",
    "pin_path": "/run/bpfman-parity-go/fs/links/2123456957",
    "details": {
      "fn_name": "do_unlinkat"
    },
    "created_at": "2026-06-26T15:50:58Z",
    "metadata": {
      "owner": "parity"
    }
  },
  "status": {
    "kernel": {
      "id": 371399,
      "program_id": 260861,
      "link_type": "tracing",
      "attach_type": "25",
      "ifindex": 0,
      "target_obj_id": 1,
      "target_btf_id": 73440,
      "cgroup_id": 0,
      "netns_ino": 0,
      "netfilter_pf": 0,
      "netfilter_hooknum": 0,
      "netfilter_priority": 0,
      "netfilter_flags": 0,
      "kprobe_multi_count": 0,
      "kprobe_multi_flags": 0,
      "kprobe_multi_missed": 0,
      "kprobe_address": 0,
      "kprobe_missed": 0
    },
    "kernel_seen": true,
    "pin_present": true
  }
}
[exit 0]

$ gobpf link get 2123456957 -o json
{
  "record": {
    "id": 2123456957,
    "program_id": 260861,
    "kernel_link_id": 371399,
    "kind": "fexit",
    "pin_path": "/run/bpfman-parity-go/fs/links/2123456957",
    "details": {
      "fn_name": "do_unlinkat"
    },
    "created_at": "2026-06-26T15:50:58Z",
    "metadata": {
      "owner": "parity"
    }
  },
  "status": {
    "kernel": {
      "id": 371399,
      "program_id": 260861,
      "link_type": "tracing",
      "attach_type": "25",
      "ifindex": 0,
      "target_obj_id": 1,
      "target_btf_id": 73440,
      "cgroup_id": 0,
      "netns_ino": 0,
      "netfilter_pf": 0,
      "netfilter_hooknum": 0,
      "netfilter_priority": 0,
      "netfilter_flags": 0,
      "kprobe_multi_count": 0,
      "kprobe_multi_flags": 0,
      "kprobe_multi_missed": 0,
      "kprobe_address": 0,
      "kprobe_missed": 0
    },
    "kernel_seen": true,
    "pin_present": true
  }
}
[exit 0]

$ gobpf link list -o json
{
  "links": [
    {
      "id": 2123456957,
      "program_id": 260861,
      "kernel_link_id": 371399,
      "kind": "fexit",
      "pin_path": "/run/bpfman-parity-go/fs/links/2123456957",
      "details": {
        "fn_name": "do_unlinkat"
      },
      "created_at": "2026-06-26T15:50:58Z",
      "metadata": {
        "owner": "parity"
      }
    }
  ]
}
[exit 0]

$ gobpf program list -o json
{
  "programs": [
    {
      "program_id": 260861,
      "managed": true,
      "application": "",
      "type": "fexit",
      "function_name": "test_fexit",
      "links": [
        2123456957
      ],
      "record": {
        "program_id": 260861,
        "load": {
          "object_path": "/run/bpfman-parity-go/programs/260861/bytecode.o",
          "program_name": "test_fexit",
          "program_type": "fexit",
          "global_data": {},
          "image_source": null,
          "attach_func": "do_unlinkat",
          "map_owner_id": null
        },
        "license": "Dual BSD/GPL",
        "gpl_compatible": true,
        "handles": {
          "pin_path": "/run/bpfman-parity-go/fs/prog_260861",
          "map_pin_path": "/run/bpfman-parity-go/fs/maps/260861",
          "map_owner_id": null
        },
        "meta": {
          "name": "test_fexit",
          "owner": "",
          "description": "",
          "metadata": {
            "parity": "go"
          }
        },
        "created_at": "2026-06-26T15:50:58Z",
        "updated_at": null
      },
      "kernel": {
        "id": 260861,
        "name": "test_fexit",
        "program_type": "tracing",
        "tag": "9af58df68492f573",
        "loaded_at": "2026-06-26T15:50:57Z",
        "uid": 0,
        "has_uid": true,
        "btf_id": 775493,
        "has_btf_id": true,
        "map_ids": [
          417353
        ],
        "has_map_ids": true,
        "jited_size": 117,
        "xlated_size": 168,
        "verified_insns": 13,
        "memlock": 4096,
        "has_memlock": true,
        "restricted": false
      }
    }
  ]
}
[exit 0]

$ gobpf link detach 2123456957

[exit 0]

$ gobpf program unload 260861

[exit 0]

$ gobpf program get 260861 -o json
bpfman: error: record not found
[exit 1]

