$ rsbpf attach 260116 tcx --direction egress --iface bpfmanpar0 --priority 100
 Bpfman State                   
 BPF Function:       tcx_stats  
 Program Type:       tcx        
 Program ID:         260116     
 Link ID:            2494082312 
 Interface:          bpfmanpar0 
 Direction:          egress     
 Priority:           100        
 Position:           0          
 Network Namespace:  None       
 Metadata:           None       
[exit 0]

$ rsbpf attach 260143 kprobe --fn-name vfs_read --offset 0
 Bpfman State                     
 BPF Function:     kprobe_counter 
 Program Type:     kprobe         
 Program ID:       260143         
 Link ID:          395005618      
 Attach Function:  vfs_read       
 Offset:           0              
 Container PID:    None           
 Metadata:         None           
[exit 0]

$ rsbpf attach 260180 uprobe --target /nix/store/l0l2ll1lmylczj1ihqn351af2kyp5x19-glibc-2.42-51/lib/libc.so.6 --fn-name malloc --pid 1
 Bpfman State                                                                              
 BPF Function:     uprobe_counter                                                          
 Program Type:     uprobe                                                                  
 Program ID:       260180                                                                  
 Link ID:          3472995045                                                              
 Target:           /nix/store/l0l2ll1lmylczj1ihqn351af2kyp5x19-glibc-2.42-51/lib/libc.so.6 
 Attach Function:  malloc                                                                  
 Offset:           0                                                                       
 PID:              1                                                                       
 Container PID:    None                                                                    
 Metadata:         None                                                                    
[exit 0]

$ rsbpf attach 260202 uprobe --target /nix/store/l0l2ll1lmylczj1ihqn351af2kyp5x19-glibc-2.42-51/lib/libc.so.6 --offset 4096
 Bpfman State                                                                              
 BPF Function:     uprobe_counter                                                          
 Program Type:     uprobe                                                                  
 Program ID:       260202                                                                  
 Link ID:          1410065435                                                              
 Target:           /nix/store/l0l2ll1lmylczj1ihqn351af2kyp5x19-glibc-2.42-51/lib/libc.so.6 
 Attach Function:  None                                                                    
 Offset:           4096                                                                    
 PID:              None                                                                    
 Container PID:    None                                                                    
 Metadata:         None                                                                    
[exit 0]

$ rsbpf attach 260224 uprobe --target /nix/store/l0l2ll1lmylczj1ihqn351af2kyp5x19-glibc-2.42-51/lib/libc.so.6 --fn-name malloc --container-pid 1
[ERROR bpfman] Error: failed to attach probe program named "uprobe_counter": Unable to attach uprobe in container with pid 1
Error: Unable to attach uprobe in container with pid 1
[exit 1]

$ rsbpf attach 260246 kprobe --fn-name vfs_read --container-pid 1
Error: kprobe container option not supported yet
[exit 1]

