$ rsbpf load image --image-url quay.io/bpfman-bytecode/xdp_pass:latest --programs xdp:pass --pull-policy Always
 Bpfman State                                           
 BPF Function:  pass                                    
 Program Type:  xdp                                     
 Image URL:     quay.io/bpfman-bytecode/xdp_pass:latest 
 Pull Policy:   Always                                  
 Global:        None                                    
 Metadata:      None                                    
 Map Pin Path:  /run/bpfman/fs/maps/260946              
 Map Owner ID:  None                                    
 Maps Used By:  260946                                  
 Links:         None                                    

 Kernel State                                               
 Program ID:                       260946                   
 BPF Function:                     pass                     
 Kernel Type:                      xdp                      
 Loaded At:                        2026-06-26T16:55:39+0100 
 Tag:                              48c0ee5069099093         
 GPL Compatible:                   true                     
 Map IDs:                          [417397]                 
 BTF ID:                           775596                   
 Size Translated (bytes):          96                       
 JITted:                           true                     
 Size JITted:                      79                       
 Kernel Allocated Memory (bytes):  4096                     
 Verified Instruction Count:       9                        
[exit 0]

$ rsbpf get program 260946
 Bpfman State                                           
 BPF Function:  pass                                    
 Program Type:  xdp                                     
 Image URL:     quay.io/bpfman-bytecode/xdp_pass:latest 
 Pull Policy:   Always                                  
 Global:        None                                    
 Metadata:      None                                    
 Map Pin Path:  /run/bpfman/fs/maps/260946              
 Map Owner ID:  None                                    
 Maps Used By:  260946                                  
 Links:         None                                    

 Kernel State                                               
 Program ID:                       260946                   
 BPF Function:                     pass                     
 Kernel Type:                      xdp                      
 Loaded At:                        2026-06-26T16:55:39+0100 
 Tag:                              48c0ee5069099093         
 GPL Compatible:                   true                     
 Map IDs:                          [417397]                 
 BTF ID:                           775596                   
 Size Translated (bytes):          96                       
 JITted:                           true                     
 Size JITted:                      79                       
 Kernel Allocated Memory (bytes):  4096                     
 Verified Instruction Count:       9                        
[exit 0]

