$ gobpf link attach xdp 260379 bpfmanpa --priority 100 -o json
{
  "record": {
    "id": 2123456943,
    "program_id": 260379,
    "kernel_link_id": 371363,
    "kind": "xdp",
    "pin_path": "/run/bpfman-parity-go/fs/xdp/dispatcher_4026531833_25208_1/link_0",
    "details": {
      "interface": "bpfmanpa",
      "ifindex": 25208,
      "priority": 100,
      "position": 0,
      "proceed_on": [
        2,
        31
      ],
      "netns": "",
      "nsid": 4026531833,
      "dispatcher_id": 260380,
      "revision": 1
    },
    "created_at": "0001-01-01T00:00:00Z",
    "metadata": null
  },
  "status": {
    "kernel": {
      "id": 371363,
      "program_id": 260379,
      "link_type": "tracing",
      "attach_type": "0",
      "ifindex": 0,
      "target_obj_id": 260380,
      "target_btf_id": 3,
      "cgroup_id": 0,
      "netns_ino": 0,
      "netfilter_pf": 0,
      "netfilter_hooknum": 0,
      "netfilter_priority": 0,
      "netfilter_flags": 0,
      "kprobe_multi_count": 0,
      "kprobe_multi_flags": 0,
      "kprobe_multi_missed": 0,
      "kprobe_address": 0,
      "kprobe_missed": 0
    },
    "kernel_seen": true,
    "pin_present": true
  }
}
[exit 0]

$ gobpf link attach xdp 260379 bpfmanpb --priority 100 -o json
{
  "record": {
    "id": 2123456944,
    "program_id": 260379,
    "kernel_link_id": 371365,
    "kind": "xdp",
    "pin_path": "/run/bpfman-parity-go/fs/xdp/dispatcher_4026531833_25210_1/link_0",
    "details": {
      "interface": "bpfmanpb",
      "ifindex": 25210,
      "priority": 100,
      "position": 0,
      "proceed_on": [
        2,
        31
      ],
      "netns": "",
      "nsid": 4026531833,
      "dispatcher_id": 260381,
      "revision": 1
    },
    "created_at": "0001-01-01T00:00:00Z",
    "metadata": null
  },
  "status": {
    "kernel": {
      "id": 371365,
      "program_id": 260379,
      "link_type": "tracing",
      "attach_type": "0",
      "ifindex": 0,
      "target_obj_id": 260381,
      "target_btf_id": 3,
      "cgroup_id": 0,
      "netns_ino": 0,
      "netfilter_pf": 0,
      "netfilter_hooknum": 0,
      "netfilter_priority": 0,
      "netfilter_flags": 0,
      "kprobe_multi_count": 0,
      "kprobe_multi_flags": 0,
      "kprobe_multi_missed": 0,
      "kprobe_address": 0,
      "kprobe_missed": 0
    },
    "kernel_seen": true,
    "pin_present": true
  }
}
[exit 0]

$ gobpf dispatcher list -o json
{
  "dispatchers": [
    {
      "key": {
        "type": "xdp",
        "nsid": 4026531833,
        "ifindex": 25208
      },
      "revision": 1,
      "runtime": {
        "program_id": 260380,
        "kernel_link_id": 371364,
        "netns_path": ""
      },
      "member_count": 1
    },
    {
      "key": {
        "type": "xdp",
        "nsid": 4026531833,
        "ifindex": 25210
      },
      "revision": 1,
      "runtime": {
        "program_id": 260381,
        "kernel_link_id": 371366,
        "netns_path": ""
      },
      "member_count": 1
    }
  ]
}
[exit 0]

$ gobpf link detach 2123456943

[exit 0]

$ gobpf dispatcher list -o json
{
  "dispatchers": [
    {
      "key": {
        "type": "xdp",
        "nsid": 4026531833,
        "ifindex": 25210
      },
      "revision": 1,
      "runtime": {
        "program_id": 260381,
        "kernel_link_id": 371366,
        "netns_path": ""
      },
      "member_count": 1
    }
  ]
}
[exit 0]

$ gobpf link get 2123456944 -o json
{
  "record": {
    "id": 2123456944,
    "program_id": 260379,
    "kernel_link_id": 371365,
    "kind": "xdp",
    "pin_path": "/run/bpfman-parity-go/fs/xdp/dispatcher_4026531833_25210_1/link_0",
    "details": {
      "interface": "bpfmanpb",
      "ifindex": 25210,
      "priority": 100,
      "position": 0,
      "proceed_on": [
        2,
        31
      ],
      "netns": "",
      "nsid": 4026531833,
      "dispatcher_id": 260381,
      "revision": 1
    },
    "created_at": "2026-06-26T15:48:23Z",
    "metadata": null
  },
  "status": {
    "kernel": {
      "id": 371365,
      "program_id": 260379,
      "link_type": "tracing",
      "attach_type": "0",
      "ifindex": 0,
      "target_obj_id": 260381,
      "target_btf_id": 3,
      "cgroup_id": 0,
      "netns_ino": 0,
      "netfilter_pf": 0,
      "netfilter_hooknum": 0,
      "netfilter_priority": 0,
      "netfilter_flags": 0,
      "kprobe_multi_count": 0,
      "kprobe_multi_flags": 0,
      "kprobe_multi_missed": 0,
      "kprobe_address": 0,
      "kprobe_missed": 0
    },
    "kernel_seen": true,
    "pin_present": true
  }
}
[exit 0]

$ gobpf link detach 2123456944

[exit 0]

$ gobpf program unload 260379

[exit 0]

