$ gobpf link attach tc 260444 nsveth0p ingress --netns /var/run/netns/bpfmanns --priority 100 -o json
{
  "record": {
    "id": 2123456946,
    "program_id": 260444,
    "kernel_link_id": 371375,
    "kind": "tc",
    "pin_path": "/run/bpfman-parity-go/fs/tc-ingress/dispatcher_4026534491_25215_1/link_0",
    "details": {
      "interface": "nsveth0p",
      "ifindex": 25215,
      "direction": "ingress",
      "priority": 100,
      "position": 0,
      "proceed_on": [
        3,
        30
      ],
      "netns": "",
      "nsid": 4026534491,
      "dispatcher_id": 260445,
      "revision": 1
    },
    "created_at": "0001-01-01T00:00:00Z",
    "metadata": null
  },
  "status": {
    "kernel": {
      "id": 371375,
      "program_id": 260444,
      "link_type": "tracing",
      "attach_type": "0",
      "ifindex": 0,
      "target_obj_id": 260445,
      "target_btf_id": 3,
      "cgroup_id": 0,
      "netns_ino": 0,
      "netfilter_pf": 0,
      "netfilter_hooknum": 0,
      "netfilter_priority": 0,
      "netfilter_flags": 0,
      "kprobe_multi_count": 0,
      "kprobe_multi_flags": 0,
      "kprobe_multi_missed": 0,
      "kprobe_address": 0,
      "kprobe_missed": 0
    },
    "kernel_seen": true,
    "pin_present": true
  }
}
[exit 0]

$ gobpf link get 2123456946 -o json
{
  "record": {
    "id": 2123456946,
    "program_id": 260444,
    "kernel_link_id": 371375,
    "kind": "tc",
    "pin_path": "/run/bpfman-parity-go/fs/tc-ingress/dispatcher_4026534491_25215_1/link_0",
    "details": {
      "interface": "nsveth0p",
      "ifindex": 25215,
      "direction": "ingress",
      "priority": 100,
      "position": 0,
      "proceed_on": [
        3,
        30
      ],
      "netns": "/var/run/netns/bpfmanns",
      "nsid": 4026534491,
      "dispatcher_id": 260445,
      "revision": 1
    },
    "created_at": "2026-06-26T15:48:25Z",
    "metadata": null
  },
  "status": {
    "kernel": {
      "id": 371375,
      "program_id": 260444,
      "link_type": "tracing",
      "attach_type": "0",
      "ifindex": 0,
      "target_obj_id": 260445,
      "target_btf_id": 3,
      "cgroup_id": 0,
      "netns_ino": 0,
      "netfilter_pf": 0,
      "netfilter_hooknum": 0,
      "netfilter_priority": 0,
      "netfilter_flags": 0,
      "kprobe_multi_count": 0,
      "kprobe_multi_flags": 0,
      "kprobe_multi_missed": 0,
      "kprobe_address": 0,
      "kprobe_missed": 0
    },
    "kernel_seen": true,
    "pin_present": true
  }
}
[exit 0]

$ gobpf link detach 2123456946

[exit 0]

$ gobpf program unload 260444

[exit 0]

