$ gobpf link attach tcx 260464 nsveth0p ingress --netns /var/run/netns/bpfmanns --priority 100 -o json
{
  "record": {
    "id": 2123456947,
    "program_id": 260464,
    "kernel_link_id": 371377,
    "kind": "tcx",
    "pin_path": "/run/bpfman-parity-go/fs/tcx-ingress/link_4026534491_25219_260464",
    "details": {
      "interface": "nsveth0p",
      "ifindex": 25219,
      "direction": "ingress",
      "priority": 100,
      "position": 0,
      "netns": "/var/run/netns/bpfmanns",
      "nsid": 4026534491
    },
    "created_at": "2026-06-26T15:48:26Z",
    "metadata": null
  },
  "status": {
    "kernel": {
      "id": 371377,
      "program_id": 260464,
      "link_type": "tcx",
      "attach_type": "46",
      "ifindex": 25219,
      "target_obj_id": 0,
      "target_btf_id": 0,
      "cgroup_id": 0,
      "netns_ino": 0,
      "netfilter_pf": 0,
      "netfilter_hooknum": 0,
      "netfilter_priority": 0,
      "netfilter_flags": 0,
      "kprobe_multi_count": 0,
      "kprobe_multi_flags": 0,
      "kprobe_multi_missed": 0,
      "kprobe_address": 0,
      "kprobe_missed": 0
    },
    "kernel_seen": true,
    "pin_present": true
  }
}
[exit 0]

$ gobpf link get 2123456947 -o json
{
  "record": {
    "id": 2123456947,
    "program_id": 260464,
    "kernel_link_id": 371377,
    "kind": "tcx",
    "pin_path": "/run/bpfman-parity-go/fs/tcx-ingress/link_4026534491_25219_260464",
    "details": {
      "interface": "nsveth0p",
      "ifindex": 25219,
      "direction": "ingress",
      "priority": 100,
      "position": 0,
      "netns": "/var/run/netns/bpfmanns",
      "nsid": 4026534491
    },
    "created_at": "2026-06-26T15:48:26Z",
    "metadata": null
  },
  "status": {
    "kernel": {
      "id": 371377,
      "program_id": 260464,
      "link_type": "tcx",
      "attach_type": "46",
      "ifindex": 25219,
      "target_obj_id": 0,
      "target_btf_id": 0,
      "cgroup_id": 0,
      "netns_ino": 0,
      "netfilter_pf": 0,
      "netfilter_hooknum": 0,
      "netfilter_priority": 0,
      "netfilter_flags": 0,
      "kprobe_multi_count": 0,
      "kprobe_multi_flags": 0,
      "kprobe_multi_missed": 0,
      "kprobe_address": 0,
      "kprobe_missed": 0
    },
    "kernel_seen": true,
    "pin_present": true
  }
}
[exit 0]

$ gobpf link detach 2123456947

[exit 0]

$ gobpf program unload 260464

[exit 0]

