$ rsbpf attach 260453 tc --direction ingress --iface nsveth0p --netns /var/run/netns/bpfmanns --priority 100
 Bpfman State                                
 BPF Function:       stats                   
 Program Type:       tc                      
 Program ID:         260453                  
 Link ID:            1673783587              
 Interface:          nsveth0p                
 Direction:          ingress                 
 Priority:           100                     
 Position:           0                       
 Proceed On:         pipe, dispatcher_return 
 Network Namespace:  /var/run/netns/bpfmanns 
 Metadata:           None                    
[exit 0]

$ rsbpf get link 1673783587
 Bpfman State                                
 BPF Function:       stats                   
 Program Type:       tc                      
 Program ID:         260453                  
 Link ID:            1673783587              
 Interface:          nsveth0p                
 Direction:          ingress                 
 Priority:           100                     
 Position:           0                       
 Proceed On:         pipe, dispatcher_return 
 Network Namespace:  /var/run/netns/bpfmanns 
 Metadata:           None                    
[exit 0]

$ rsbpf detach 1673783587

[exit 0]

$ rsbpf unload 260453

[exit 0]

