$ rsbpf attach 260472 tcx --direction ingress --iface nsveth0p --netns /var/run/netns/bpfmanns --priority 100
 Bpfman State                                
 BPF Function:       tcx_stats               
 Program Type:       tcx                     
 Program ID:         260472                  
 Link ID:            4142610881              
 Interface:          nsveth0p                
 Direction:          ingress                 
 Priority:           100                     
 Position:           0                       
 Network Namespace:  /var/run/netns/bpfmanns 
 Metadata:           None                    
[exit 0]

$ rsbpf get link 4142610881
 Bpfman State                                
 BPF Function:       tcx_stats               
 Program Type:       tcx                     
 Program ID:         260472                  
 Link ID:            4142610881              
 Interface:          nsveth0p                
 Direction:          ingress                 
 Priority:           100                     
 Position:           0                       
 Network Namespace:  /var/run/netns/bpfmanns 
 Metadata:           None                    
[exit 0]

$ rsbpf detach 4142610881

[exit 0]

$ rsbpf unload 260472

[exit 0]

