$ gobpf link attach tc 261086 nsveth0p ingress --netns /var/run/netns/bpfmanns --priority 100 -o json
{
  "record": {
    "id": 2123456961,
    "program_id": 261086,
    "kernel_link_id": 371411,
    "kind": "tc",
    "pin_path": "/run/bpfman-parity-go/fs/tc-ingress/dispatcher_4026534491_25247_1/link_0",
    "details": {
      "interface": "nsveth0p",
      "ifindex": 25247,
      "direction": "ingress",
      "priority": 100,
      "position": 0,
      "proceed_on": [
        3,
        30
      ],
      "netns": "",
      "nsid": 4026534491,
      "dispatcher_id": 261087,
      "revision": 1
    },
    "created_at": "0001-01-01T00:00:00Z",
    "metadata": null
  },
  "status": {
    "kernel": {
      "id": 371411,
      "program_id": 261086,
      "link_type": "tracing",
      "attach_type": "0",
      "ifindex": 0,
      "target_obj_id": 261087,
      "target_btf_id": 3,
      "cgroup_id": 0,
      "netns_ino": 0,
      "netfilter_pf": 0,
      "netfilter_hooknum": 0,
      "netfilter_priority": 0,
      "netfilter_flags": 0,
      "kprobe_multi_count": 0,
      "kprobe_multi_flags": 0,
      "kprobe_multi_missed": 0,
      "kprobe_address": 0,
      "kprobe_missed": 0
    },
    "kernel_seen": true,
    "pin_present": true
  }
}
[exit 0]

$ gobpf link get 2123456961 -o json
{
  "record": {
    "id": 2123456961,
    "program_id": 261086,
    "kernel_link_id": 371411,
    "kind": "tc",
    "pin_path": "/run/bpfman-parity-go/fs/tc-ingress/dispatcher_4026534491_25247_1/link_0",
    "details": {
      "interface": "nsveth0p",
      "ifindex": 25247,
      "direction": "ingress",
      "priority": 100,
      "position": 0,
      "proceed_on": [
        3,
        30
      ],
      "netns": "/var/run/netns/bpfmanns",
      "nsid": 4026534491,
      "dispatcher_id": 261087,
      "revision": 1
    },
    "created_at": "2026-06-26T16:02:30Z",
    "metadata": null
  },
  "status": {
    "kernel": {
      "id": 371411,
      "program_id": 261086,
      "link_type": "tracing",
      "attach_type": "0",
      "ifindex": 0,
      "target_obj_id": 261087,
      "target_btf_id": 3,
      "cgroup_id": 0,
      "netns_ino": 0,
      "netfilter_pf": 0,
      "netfilter_hooknum": 0,
      "netfilter_priority": 0,
      "netfilter_flags": 0,
      "kprobe_multi_count": 0,
      "kprobe_multi_flags": 0,
      "kprobe_multi_missed": 0,
      "kprobe_address": 0,
      "kprobe_missed": 0
    },
    "kernel_seen": true,
    "pin_present": true
  }
}
[exit 0]

$ sudo ip netns del bpfmanns   # delete the namespace path
[exit 0]

$ gobpf link get 2123456961 -o json
{
  "record": {
    "id": 2123456961,
    "program_id": 261086,
    "kernel_link_id": 371411,
    "kind": "tc",
    "pin_path": "/run/bpfman-parity-go/fs/tc-ingress/dispatcher_4026534491_25247_1/link_0",
    "details": {
      "interface": "nsveth0p",
      "ifindex": 25247,
      "direction": "ingress",
      "priority": 100,
      "position": 0,
      "proceed_on": [
        3,
        30
      ],
      "netns": "/var/run/netns/bpfmanns",
      "nsid": 4026534491,
      "dispatcher_id": 261087,
      "revision": 1
    },
    "created_at": "2026-06-26T16:02:30Z",
    "metadata": null
  },
  "status": {
    "kernel": {
      "id": 371411,
      "program_id": 261086,
      "link_type": "tracing",
      "attach_type": "0",
      "ifindex": 0,
      "target_obj_id": 261087,
      "target_btf_id": 3,
      "cgroup_id": 0,
      "netns_ino": 0,
      "netfilter_pf": 0,
      "netfilter_hooknum": 0,
      "netfilter_priority": 0,
      "netfilter_flags": 0,
      "kprobe_multi_count": 0,
      "kprobe_multi_flags": 0,
      "kprobe_multi_missed": 0,
      "kprobe_address": 0,
      "kprobe_missed": 0
    },
    "kernel_seen": true,
    "pin_present": true
  }
}
[exit 0]

$ gobpf link detach 2123456961

[exit 0]

$ gobpf link get 2123456961 -o json
bpfman: error: not found
[exit 1]

$ gobpf program unload 261086

[exit 0]

$ gobpf program get 261086 -o json
bpfman: error: record not found
[exit 1]

