$ rsbpf load file --path e2e/testdata/bpf/xdp_pass.bpf.o --programs xdp:pass
 Bpfman State                                   
 BPF Function:  pass                            
 Program Type:  xdp                             
 Path:          e2e/testdata/bpf/xdp_pass.bpf.o 
 Global:        None                            
 Metadata:      None                            
 Map Pin Path:  /run/bpfman/fs/maps/257768      
 Map Owner ID:  None                            
 Maps Used By:  257768                          
 Links:         None                            

 Kernel State                                               
 Program ID:                       257768                   
 BPF Function:                     pass                     
 Kernel Type:                      xdp                      
 Loaded At:                        2026-06-26T15:10:11+0100 
 Tag:                              671e1cfa7d68206f         
 GPL Compatible:                   true                     
 Map IDs:                          [415102]                 
 BTF ID:                           770660                   
 Size Translated (bytes):          168                      
 JITted:                           true                     
 Size JITted:                      117                      
 Kernel Allocated Memory (bytes):  4096                     
 Verified Instruction Count:       12                       
[exit 0]

$ rsbpf attach 257768 xdp --iface bpfmanpar9 --priority 50
 Bpfman State                                
 BPF Function:       pass                    
 Program Type:       xdp                     
 Program ID:         257768                  
 Link ID:            1693722583              
 Interface:          bpfmanpar9              
 Priority:           50                      
 Position:           0                       
 Proceed On:         pass, dispatcher_return 
 Network Namespace:  None                    
 Metadata:           None                    
[exit 0]

$ rsbpf attach 257768 xdp --iface bpfmanpar9 --priority 10
 Bpfman State                                
 BPF Function:       pass                    
 Program Type:       xdp                     
 Program ID:         257768                  
 Link ID:            555405597               
 Interface:          bpfmanpar9              
 Priority:           10                      
 Position:           0                       
 Proceed On:         pass, dispatcher_return 
 Network Namespace:  None                    
 Metadata:           None                    
[exit 0]

$ rsbpf attach 257768 xdp --iface bpfmanpar9 --priority 40
 Bpfman State                                
 BPF Function:       pass                    
 Program Type:       xdp                     
 Program ID:         257768                  
 Link ID:            1741887803              
 Interface:          bpfmanpar9              
 Priority:           40                      
 Position:           1                       
 Proceed On:         pass, dispatcher_return 
 Network Namespace:  None                    
 Metadata:           None                    
[exit 0]

$ rsbpf attach 257768 xdp --iface bpfmanpar9 --priority 20
 Bpfman State                                
 BPF Function:       pass                    
 Program Type:       xdp                     
 Program ID:         257768                  
 Link ID:            2323617212              
 Interface:          bpfmanpar9              
 Priority:           20                      
 Position:           1                       
 Proceed On:         pass, dispatcher_return 
 Network Namespace:  None                    
 Metadata:           None                    
[exit 0]

$ rsbpf attach 257768 xdp --iface bpfmanpar9 --priority 30
 Bpfman State                                
 BPF Function:       pass                    
 Program Type:       xdp                     
 Program ID:         257768                  
 Link ID:            2247592132              
 Interface:          bpfmanpar9              
 Priority:           30                      
 Position:           2                       
 Proceed On:         pass, dispatcher_return 
 Network Namespace:  None                    
 Metadata:           None                    
[exit 0]

$ rsbpf get link 1693722583
 Bpfman State                                
 BPF Function:       pass                    
 Program Type:       xdp                     
 Program ID:         257768                  
 Link ID:            1693722583              
 Interface:          bpfmanpar9              
 Priority:           50                      
 Position:           4                       
 Proceed On:         pass, dispatcher_return 
 Network Namespace:  None                    
 Metadata:           None                    
[exit 0]

$ rsbpf get link 555405597
 Bpfman State                                
 BPF Function:       pass                    
 Program Type:       xdp                     
 Program ID:         257768                  
 Link ID:            555405597               
 Interface:          bpfmanpar9              
 Priority:           10                      
 Position:           0                       
 Proceed On:         pass, dispatcher_return 
 Network Namespace:  None                    
 Metadata:           None                    
[exit 0]

$ rsbpf get link 1741887803
 Bpfman State                                
 BPF Function:       pass                    
 Program Type:       xdp                     
 Program ID:         257768                  
 Link ID:            1741887803              
 Interface:          bpfmanpar9              
 Priority:           40                      
 Position:           3                       
 Proceed On:         pass, dispatcher_return 
 Network Namespace:  None                    
 Metadata:           None                    
[exit 0]

$ rsbpf get link 2323617212
 Bpfman State                                
 BPF Function:       pass                    
 Program Type:       xdp                     
 Program ID:         257768                  
 Link ID:            2323617212              
 Interface:          bpfmanpar9              
 Priority:           20                      
 Position:           1                       
 Proceed On:         pass, dispatcher_return 
 Network Namespace:  None                    
 Metadata:           None                    
[exit 0]

$ rsbpf get link 2247592132
 Bpfman State                                
 BPF Function:       pass                    
 Program Type:       xdp                     
 Program ID:         257768                  
 Link ID:            2247592132              
 Interface:          bpfmanpar9              
 Priority:           30                      
 Position:           2                       
 Proceed On:         pass, dispatcher_return 
 Network Namespace:  None                    
 Metadata:           None                    
[exit 0]

$ rsbpf detach 1693722583

[exit 0]

$ rsbpf detach 555405597

[exit 0]

$ rsbpf detach 1741887803

[exit 0]

$ rsbpf detach 2323617212

[exit 0]

$ rsbpf detach 2247592132

[exit 0]

$ rsbpf unload 257768

[exit 0]

