$ gobpf link attach xdp 260265 bpfmanpar9 --priority 100 -o json
{
  "record": {
    "id": 2123456937,
    "program_id": 260265,
    "kernel_link_id": 371323,
    "kind": "xdp",
    "pin_path": "/run/bpfman-parity-go/fs/xdp/dispatcher_4026531833_25200_1/link_0",
    "details": {
      "interface": "bpfmanpar9",
      "ifindex": 25200,
      "priority": 100,
      "position": 0,
      "proceed_on": [
        2,
        31
      ],
      "netns": "",
      "nsid": 4026531833,
      "dispatcher_id": 260266,
      "revision": 1
    },
    "created_at": "0001-01-01T00:00:00Z",
    "metadata": null
  },
  "status": {
    "kernel": {
      "id": 371323,
      "program_id": 260265,
      "link_type": "tracing",
      "attach_type": "0",
      "ifindex": 0,
      "target_obj_id": 260266,
      "target_btf_id": 3,
      "cgroup_id": 0,
      "netns_ino": 0,
      "netfilter_pf": 0,
      "netfilter_hooknum": 0,
      "netfilter_priority": 0,
      "netfilter_flags": 0,
      "kprobe_multi_count": 0,
      "kprobe_multi_flags": 0,
      "kprobe_multi_missed": 0,
      "kprobe_address": 0,
      "kprobe_missed": 0
    },
    "kernel_seen": true,
    "pin_present": true
  }
}
[exit 0]

$ gobpf link attach xdp 260265 bpfmanpar9 --priority 100 -o json
{
  "record": {
    "id": 2123456938,
    "program_id": 260265,
    "kernel_link_id": 371325,
    "kind": "xdp",
    "pin_path": "/run/bpfman-parity-go/fs/xdp/dispatcher_4026531833_25200_2/link_0",
    "details": {
      "interface": "bpfmanpar9",
      "ifindex": 25200,
      "priority": 100,
      "position": 0,
      "proceed_on": [
        2,
        31
      ],
      "netns": "",
      "nsid": 4026531833,
      "dispatcher_id": 260267,
      "revision": 2
    },
    "created_at": "0001-01-01T00:00:00Z",
    "metadata": null
  },
  "status": {
    "kernel": {
      "id": 371325,
      "program_id": 260265,
      "link_type": "tracing",
      "attach_type": "0",
      "ifindex": 0,
      "target_obj_id": 260267,
      "target_btf_id": 3,
      "cgroup_id": 0,
      "netns_ino": 0,
      "netfilter_pf": 0,
      "netfilter_hooknum": 0,
      "netfilter_priority": 0,
      "netfilter_flags": 0,
      "kprobe_multi_count": 0,
      "kprobe_multi_flags": 0,
      "kprobe_multi_missed": 0,
      "kprobe_address": 0,
      "kprobe_missed": 0
    },
    "kernel_seen": true,
    "pin_present": true
  }
}
[exit 0]

$ gobpf link attach xdp 260265 bpfmanpar9 --priority 100 -o json
{
  "record": {
    "id": 2123456939,
    "program_id": 260265,
    "kernel_link_id": 371327,
    "kind": "xdp",
    "pin_path": "/run/bpfman-parity-go/fs/xdp/dispatcher_4026531833_25200_3/link_0",
    "details": {
      "interface": "bpfmanpar9",
      "ifindex": 25200,
      "priority": 100,
      "position": 0,
      "proceed_on": [
        2,
        31
      ],
      "netns": "",
      "nsid": 4026531833,
      "dispatcher_id": 260268,
      "revision": 3
    },
    "created_at": "0001-01-01T00:00:00Z",
    "metadata": null
  },
  "status": {
    "kernel": {
      "id": 371327,
      "program_id": 260265,
      "link_type": "tracing",
      "attach_type": "0",
      "ifindex": 0,
      "target_obj_id": 260268,
      "target_btf_id": 3,
      "cgroup_id": 0,
      "netns_ino": 0,
      "netfilter_pf": 0,
      "netfilter_hooknum": 0,
      "netfilter_priority": 0,
      "netfilter_flags": 0,
      "kprobe_multi_count": 0,
      "kprobe_multi_flags": 0,
      "kprobe_multi_missed": 0,
      "kprobe_address": 0,
      "kprobe_missed": 0
    },
    "kernel_seen": true,
    "pin_present": true
  }
}
[exit 0]

$ gobpf link get 2123456937 -o json
{
  "record": {
    "id": 2123456937,
    "program_id": 260265,
    "kernel_link_id": 371328,
    "kind": "xdp",
    "pin_path": "/run/bpfman-parity-go/fs/xdp/dispatcher_4026531833_25200_3/link_1",
    "details": {
      "interface": "bpfmanpar9",
      "ifindex": 25200,
      "priority": 100,
      "position": 1,
      "proceed_on": [
        2,
        31
      ],
      "netns": "",
      "nsid": 4026531833,
      "dispatcher_id": 260268,
      "revision": 3
    },
    "created_at": "2026-06-26T15:48:20Z",
    "metadata": null
  },
  "status": {
    "kernel": {
      "id": 371328,
      "program_id": 260265,
      "link_type": "tracing",
      "attach_type": "0",
      "ifindex": 0,
      "target_obj_id": 260268,
      "target_btf_id": 4,
      "cgroup_id": 0,
      "netns_ino": 0,
      "netfilter_pf": 0,
      "netfilter_hooknum": 0,
      "netfilter_priority": 0,
      "netfilter_flags": 0,
      "kprobe_multi_count": 0,
      "kprobe_multi_flags": 0,
      "kprobe_multi_missed": 0,
      "kprobe_address": 0,
      "kprobe_missed": 0
    },
    "kernel_seen": true,
    "pin_present": true
  }
}
[exit 0]

$ gobpf link get 2123456938 -o json
{
  "record": {
    "id": 2123456938,
    "program_id": 260265,
    "kernel_link_id": 371329,
    "kind": "xdp",
    "pin_path": "/run/bpfman-parity-go/fs/xdp/dispatcher_4026531833_25200_3/link_2",
    "details": {
      "interface": "bpfmanpar9",
      "ifindex": 25200,
      "priority": 100,
      "position": 2,
      "proceed_on": [
        2,
        31
      ],
      "netns": "",
      "nsid": 4026531833,
      "dispatcher_id": 260268,
      "revision": 3
    },
    "created_at": "2026-06-26T15:48:20Z",
    "metadata": null
  },
  "status": {
    "kernel": {
      "id": 371329,
      "program_id": 260265,
      "link_type": "tracing",
      "attach_type": "0",
      "ifindex": 0,
      "target_obj_id": 260268,
      "target_btf_id": 5,
      "cgroup_id": 0,
      "netns_ino": 0,
      "netfilter_pf": 0,
      "netfilter_hooknum": 0,
      "netfilter_priority": 0,
      "netfilter_flags": 0,
      "kprobe_multi_count": 0,
      "kprobe_multi_flags": 0,
      "kprobe_multi_missed": 0,
      "kprobe_address": 0,
      "kprobe_missed": 0
    },
    "kernel_seen": true,
    "pin_present": true
  }
}
[exit 0]

$ gobpf link get 2123456939 -o json
{
  "record": {
    "id": 2123456939,
    "program_id": 260265,
    "kernel_link_id": 371327,
    "kind": "xdp",
    "pin_path": "/run/bpfman-parity-go/fs/xdp/dispatcher_4026531833_25200_3/link_0",
    "details": {
      "interface": "bpfmanpar9",
      "ifindex": 25200,
      "priority": 100,
      "position": 0,
      "proceed_on": [
        2,
        31
      ],
      "netns": "",
      "nsid": 4026531833,
      "dispatcher_id": 260268,
      "revision": 3
    },
    "created_at": "2026-06-26T15:48:20Z",
    "metadata": null
  },
  "status": {
    "kernel": {
      "id": 371327,
      "program_id": 260265,
      "link_type": "tracing",
      "attach_type": "0",
      "ifindex": 0,
      "target_obj_id": 260268,
      "target_btf_id": 3,
      "cgroup_id": 0,
      "netns_ino": 0,
      "netfilter_pf": 0,
      "netfilter_hooknum": 0,
      "netfilter_priority": 0,
      "netfilter_flags": 0,
      "kprobe_multi_count": 0,
      "kprobe_multi_flags": 0,
      "kprobe_multi_missed": 0,
      "kprobe_address": 0,
      "kprobe_missed": 0
    },
    "kernel_seen": true,
    "pin_present": true
  }
}
[exit 0]

$ gobpf link detach 2123456937

[exit 0]

$ gobpf link detach 2123456938

[exit 0]

$ gobpf link detach 2123456939

[exit 0]

$ gobpf program unload 260265

[exit 0]

