$ gobpf program load file e2e/testdata/bpf/tcx_counter.bpf.o --programs tcx:tcx_stats -o json
{
  "programs": [
    {
      "record": {
        "program_id": 257936,
        "load": {
          "object_path": "/run/bpfman-parity-go/programs/257936/bytecode.o",
          "program_name": "tcx_stats",
          "program_type": "tcx",
          "global_data": {},
          "image_source": null,
          "attach_func": null,
          "map_owner_id": null
        },
        "license": "Dual BSD/GPL",
        "gpl_compatible": true,
        "handles": {
          "pin_path": "/run/bpfman-parity-go/fs/prog_257936",
          "map_pin_path": "/run/bpfman-parity-go/fs/maps/257936",
          "map_owner_id": null
        },
        "meta": {
          "name": "tcx_stats",
          "owner": "",
          "description": "",
          "metadata": {}
        },
        "created_at": "2026-06-26T14:10:15Z",
        "updated_at": null
      },
      "status": {
        "kernel": {
          "id": 257936,
          "name": "tcx_stats",
          "program_type": "schedcls",
          "tag": "7a2dd52cbef12658",
          "loaded_at": "2026-06-26T14:10:14Z",
          "uid": 0,
          "has_uid": true,
          "btf_id": 770922,
          "has_btf_id": true,
          "map_ids": [
            415225
          ],
          "has_map_ids": true,
          "jited_size": 114,
          "xlated_size": 168,
          "verified_insns": 12,
          "memlock": 4096,
          "has_memlock": true,
          "restricted": false
        },
        "stats": null,
        "prog_pin": "/run/bpfman-parity-go/fs/prog_257936",
        "map_dir": "/run/bpfman-parity-go/fs/maps/257936",
        "bytecode": "/run/bpfman-parity-go/programs/257936/bytecode.o",
        "links": [],
        "maps": [
          {
            "id": 415225,
            "name": "tcx_stats_map",
            "map_type": "percpuarray",
            "key_size": 4,
            "value_size": 8,
            "max_entries": 1,
            "flags": 0,
            "btf_id": 770921,
            "has_btf_id": true,
            "map_extra": 0,
            "has_map_extra": false,
            "memlock": 440,
            "has_memlock": true,
            "frozen": false,
            "pin_path": "",
            "present": false
          }
        ],
        "map_used_by": [
          257936
        ]
      }
    }
  ]
}
[exit 0]

$ gobpf link attach tcx 257936 bpfmanpar9 ingress --priority 50 -o json
{
  "record": {
    "id": 2123456846,
    "program_id": 257936,
    "kernel_link_id": 370171,
    "kind": "tcx",
    "pin_path": "/run/bpfman-parity-go/fs/tcx-ingress/link_4026531833_25112_257936",
    "details": {
      "interface": "bpfmanpar9",
      "ifindex": 25112,
      "direction": "ingress",
      "priority": 50,
      "position": 0,
      "netns": "",
      "nsid": 4026531833
    },
    "created_at": "2026-06-26T14:10:15Z",
    "metadata": null
  },
  "status": {
    "kernel": {
      "id": 370171,
      "program_id": 257936,
      "link_type": "tcx",
      "attach_type": "46",
      "ifindex": 25112,
      "target_obj_id": 0,
      "target_btf_id": 0,
      "cgroup_id": 0,
      "netns_ino": 0,
      "netfilter_pf": 0,
      "netfilter_hooknum": 0,
      "netfilter_priority": 0,
      "netfilter_flags": 0,
      "kprobe_multi_count": 0,
      "kprobe_multi_flags": 0,
      "kprobe_multi_missed": 0,
      "kprobe_address": 0,
      "kprobe_missed": 0
    },
    "kernel_seen": true,
    "pin_present": true
  }
}
[exit 0]

$ gobpf program load file e2e/testdata/bpf/tcx_counter.bpf.o --programs tcx:tcx_stats -o json
{
  "programs": [
    {
      "record": {
        "program_id": 257939,
        "load": {
          "object_path": "/run/bpfman-parity-go/programs/257939/bytecode.o",
          "program_name": "tcx_stats",
          "program_type": "tcx",
          "global_data": {},
          "image_source": null,
          "attach_func": null,
          "map_owner_id": null
        },
        "license": "Dual BSD/GPL",
        "gpl_compatible": true,
        "handles": {
          "pin_path": "/run/bpfman-parity-go/fs/prog_257939",
          "map_pin_path": "/run/bpfman-parity-go/fs/maps/257939",
          "map_owner_id": null
        },
        "meta": {
          "name": "tcx_stats",
          "owner": "",
          "description": "",
          "metadata": {}
        },
        "created_at": "2026-06-26T14:10:15Z",
        "updated_at": null
      },
      "status": {
        "kernel": {
          "id": 257939,
          "name": "tcx_stats",
          "program_type": "schedcls",
          "tag": "7a2dd52cbef12658",
          "loaded_at": "2026-06-26T14:10:14Z",
          "uid": 0,
          "has_uid": true,
          "btf_id": 770930,
          "has_btf_id": true,
          "map_ids": [
            415229
          ],
          "has_map_ids": true,
          "jited_size": 114,
          "xlated_size": 168,
          "verified_insns": 12,
          "memlock": 4096,
          "has_memlock": true,
          "restricted": false
        },
        "stats": null,
        "prog_pin": "/run/bpfman-parity-go/fs/prog_257939",
        "map_dir": "/run/bpfman-parity-go/fs/maps/257939",
        "bytecode": "/run/bpfman-parity-go/programs/257939/bytecode.o",
        "links": [],
        "maps": [
          {
            "id": 415229,
            "name": "tcx_stats_map",
            "map_type": "percpuarray",
            "key_size": 4,
            "value_size": 8,
            "max_entries": 1,
            "flags": 0,
            "btf_id": 770929,
            "has_btf_id": true,
            "map_extra": 0,
            "has_map_extra": false,
            "memlock": 440,
            "has_memlock": true,
            "frozen": false,
            "pin_path": "",
            "present": false
          }
        ],
        "map_used_by": [
          257939
        ]
      }
    }
  ]
}
[exit 0]

$ gobpf link attach tcx 257939 bpfmanpar9 ingress --priority 10 -o json
{
  "record": {
    "id": 2123456847,
    "program_id": 257939,
    "kernel_link_id": 370172,
    "kind": "tcx",
    "pin_path": "/run/bpfman-parity-go/fs/tcx-ingress/link_4026531833_25112_257939",
    "details": {
      "interface": "bpfmanpar9",
      "ifindex": 25112,
      "direction": "ingress",
      "priority": 10,
      "position": 0,
      "netns": "",
      "nsid": 4026531833
    },
    "created_at": "2026-06-26T14:10:15Z",
    "metadata": null
  },
  "status": {
    "kernel": {
      "id": 370172,
      "program_id": 257939,
      "link_type": "tcx",
      "attach_type": "46",
      "ifindex": 25112,
      "target_obj_id": 0,
      "target_btf_id": 0,
      "cgroup_id": 0,
      "netns_ino": 0,
      "netfilter_pf": 0,
      "netfilter_hooknum": 0,
      "netfilter_priority": 0,
      "netfilter_flags": 0,
      "kprobe_multi_count": 0,
      "kprobe_multi_flags": 0,
      "kprobe_multi_missed": 0,
      "kprobe_address": 0,
      "kprobe_missed": 0
    },
    "kernel_seen": true,
    "pin_present": true
  }
}
[exit 0]

$ gobpf program load file e2e/testdata/bpf/tcx_counter.bpf.o --programs tcx:tcx_stats -o json
{
  "programs": [
    {
      "record": {
        "program_id": 257942,
        "load": {
          "object_path": "/run/bpfman-parity-go/programs/257942/bytecode.o",
          "program_name": "tcx_stats",
          "program_type": "tcx",
          "global_data": {},
          "image_source": null,
          "attach_func": null,
          "map_owner_id": null
        },
        "license": "Dual BSD/GPL",
        "gpl_compatible": true,
        "handles": {
          "pin_path": "/run/bpfman-parity-go/fs/prog_257942",
          "map_pin_path": "/run/bpfman-parity-go/fs/maps/257942",
          "map_owner_id": null
        },
        "meta": {
          "name": "tcx_stats",
          "owner": "",
          "description": "",
          "metadata": {}
        },
        "created_at": "2026-06-26T14:10:15Z",
        "updated_at": null
      },
      "status": {
        "kernel": {
          "id": 257942,
          "name": "tcx_stats",
          "program_type": "schedcls",
          "tag": "7a2dd52cbef12658",
          "loaded_at": "2026-06-26T14:10:14Z",
          "uid": 0,
          "has_uid": true,
          "btf_id": 770938,
          "has_btf_id": true,
          "map_ids": [
            415233
          ],
          "has_map_ids": true,
          "jited_size": 114,
          "xlated_size": 168,
          "verified_insns": 12,
          "memlock": 4096,
          "has_memlock": true,
          "restricted": false
        },
        "stats": null,
        "prog_pin": "/run/bpfman-parity-go/fs/prog_257942",
        "map_dir": "/run/bpfman-parity-go/fs/maps/257942",
        "bytecode": "/run/bpfman-parity-go/programs/257942/bytecode.o",
        "links": [],
        "maps": [
          {
            "id": 415233,
            "name": "tcx_stats_map",
            "map_type": "percpuarray",
            "key_size": 4,
            "value_size": 8,
            "max_entries": 1,
            "flags": 0,
            "btf_id": 770937,
            "has_btf_id": true,
            "map_extra": 0,
            "has_map_extra": false,
            "memlock": 440,
            "has_memlock": true,
            "frozen": false,
            "pin_path": "",
            "present": false
          }
        ],
        "map_used_by": [
          257942
        ]
      }
    }
  ]
}
[exit 0]

$ gobpf link attach tcx 257942 bpfmanpar9 ingress --priority 40 -o json
{
  "record": {
    "id": 2123456848,
    "program_id": 257942,
    "kernel_link_id": 370173,
    "kind": "tcx",
    "pin_path": "/run/bpfman-parity-go/fs/tcx-ingress/link_4026531833_25112_257942",
    "details": {
      "interface": "bpfmanpar9",
      "ifindex": 25112,
      "direction": "ingress",
      "priority": 40,
      "position": 0,
      "netns": "",
      "nsid": 4026531833
    },
    "created_at": "2026-06-26T14:10:15Z",
    "metadata": null
  },
  "status": {
    "kernel": {
      "id": 370173,
      "program_id": 257942,
      "link_type": "tcx",
      "attach_type": "46",
      "ifindex": 25112,
      "target_obj_id": 0,
      "target_btf_id": 0,
      "cgroup_id": 0,
      "netns_ino": 0,
      "netfilter_pf": 0,
      "netfilter_hooknum": 0,
      "netfilter_priority": 0,
      "netfilter_flags": 0,
      "kprobe_multi_count": 0,
      "kprobe_multi_flags": 0,
      "kprobe_multi_missed": 0,
      "kprobe_address": 0,
      "kprobe_missed": 0
    },
    "kernel_seen": true,
    "pin_present": true
  }
}
[exit 0]

$ gobpf program load file e2e/testdata/bpf/tcx_counter.bpf.o --programs tcx:tcx_stats -o json
{
  "programs": [
    {
      "record": {
        "program_id": 257945,
        "load": {
          "object_path": "/run/bpfman-parity-go/programs/257945/bytecode.o",
          "program_name": "tcx_stats",
          "program_type": "tcx",
          "global_data": {},
          "image_source": null,
          "attach_func": null,
          "map_owner_id": null
        },
        "license": "Dual BSD/GPL",
        "gpl_compatible": true,
        "handles": {
          "pin_path": "/run/bpfman-parity-go/fs/prog_257945",
          "map_pin_path": "/run/bpfman-parity-go/fs/maps/257945",
          "map_owner_id": null
        },
        "meta": {
          "name": "tcx_stats",
          "owner": "",
          "description": "",
          "metadata": {}
        },
        "created_at": "2026-06-26T14:10:15Z",
        "updated_at": null
      },
      "status": {
        "kernel": {
          "id": 257945,
          "name": "tcx_stats",
          "program_type": "schedcls",
          "tag": "7a2dd52cbef12658",
          "loaded_at": "2026-06-26T14:10:15Z",
          "uid": 0,
          "has_uid": true,
          "btf_id": 770946,
          "has_btf_id": true,
          "map_ids": [
            415237
          ],
          "has_map_ids": true,
          "jited_size": 114,
          "xlated_size": 168,
          "verified_insns": 12,
          "memlock": 4096,
          "has_memlock": true,
          "restricted": false
        },
        "stats": null,
        "prog_pin": "/run/bpfman-parity-go/fs/prog_257945",
        "map_dir": "/run/bpfman-parity-go/fs/maps/257945",
        "bytecode": "/run/bpfman-parity-go/programs/257945/bytecode.o",
        "links": [],
        "maps": [
          {
            "id": 415237,
            "name": "tcx_stats_map",
            "map_type": "percpuarray",
            "key_size": 4,
            "value_size": 8,
            "max_entries": 1,
            "flags": 0,
            "btf_id": 770945,
            "has_btf_id": true,
            "map_extra": 0,
            "has_map_extra": false,
            "memlock": 440,
            "has_memlock": true,
            "frozen": false,
            "pin_path": "",
            "present": false
          }
        ],
        "map_used_by": [
          257945
        ]
      }
    }
  ]
}
[exit 0]

$ gobpf link attach tcx 257945 bpfmanpar9 ingress --priority 20 -o json
{
  "record": {
    "id": 2123456849,
    "program_id": 257945,
    "kernel_link_id": 370174,
    "kind": "tcx",
    "pin_path": "/run/bpfman-parity-go/fs/tcx-ingress/link_4026531833_25112_257945",
    "details": {
      "interface": "bpfmanpar9",
      "ifindex": 25112,
      "direction": "ingress",
      "priority": 20,
      "position": 0,
      "netns": "",
      "nsid": 4026531833
    },
    "created_at": "2026-06-26T14:10:15Z",
    "metadata": null
  },
  "status": {
    "kernel": {
      "id": 370174,
      "program_id": 257945,
      "link_type": "tcx",
      "attach_type": "46",
      "ifindex": 25112,
      "target_obj_id": 0,
      "target_btf_id": 0,
      "cgroup_id": 0,
      "netns_ino": 0,
      "netfilter_pf": 0,
      "netfilter_hooknum": 0,
      "netfilter_priority": 0,
      "netfilter_flags": 0,
      "kprobe_multi_count": 0,
      "kprobe_multi_flags": 0,
      "kprobe_multi_missed": 0,
      "kprobe_address": 0,
      "kprobe_missed": 0
    },
    "kernel_seen": true,
    "pin_present": true
  }
}
[exit 0]

$ gobpf program load file e2e/testdata/bpf/tcx_counter.bpf.o --programs tcx:tcx_stats -o json
{
  "programs": [
    {
      "record": {
        "program_id": 257948,
        "load": {
          "object_path": "/run/bpfman-parity-go/programs/257948/bytecode.o",
          "program_name": "tcx_stats",
          "program_type": "tcx",
          "global_data": {},
          "image_source": null,
          "attach_func": null,
          "map_owner_id": null
        },
        "license": "Dual BSD/GPL",
        "gpl_compatible": true,
        "handles": {
          "pin_path": "/run/bpfman-parity-go/fs/prog_257948",
          "map_pin_path": "/run/bpfman-parity-go/fs/maps/257948",
          "map_owner_id": null
        },
        "meta": {
          "name": "tcx_stats",
          "owner": "",
          "description": "",
          "metadata": {}
        },
        "created_at": "2026-06-26T14:10:15Z",
        "updated_at": null
      },
      "status": {
        "kernel": {
          "id": 257948,
          "name": "tcx_stats",
          "program_type": "schedcls",
          "tag": "7a2dd52cbef12658",
          "loaded_at": "2026-06-26T14:10:15Z",
          "uid": 0,
          "has_uid": true,
          "btf_id": 770954,
          "has_btf_id": true,
          "map_ids": [
            415241
          ],
          "has_map_ids": true,
          "jited_size": 114,
          "xlated_size": 168,
          "verified_insns": 12,
          "memlock": 4096,
          "has_memlock": true,
          "restricted": false
        },
        "stats": null,
        "prog_pin": "/run/bpfman-parity-go/fs/prog_257948",
        "map_dir": "/run/bpfman-parity-go/fs/maps/257948",
        "bytecode": "/run/bpfman-parity-go/programs/257948/bytecode.o",
        "links": [],
        "maps": [
          {
            "id": 415241,
            "name": "tcx_stats_map",
            "map_type": "percpuarray",
            "key_size": 4,
            "value_size": 8,
            "max_entries": 1,
            "flags": 0,
            "btf_id": 770953,
            "has_btf_id": true,
            "map_extra": 0,
            "has_map_extra": false,
            "memlock": 440,
            "has_memlock": true,
            "frozen": false,
            "pin_path": "",
            "present": false
          }
        ],
        "map_used_by": [
          257948
        ]
      }
    }
  ]
}
[exit 0]

$ gobpf link attach tcx 257948 bpfmanpar9 ingress --priority 30 -o json
{
  "record": {
    "id": 2123456850,
    "program_id": 257948,
    "kernel_link_id": 370175,
    "kind": "tcx",
    "pin_path": "/run/bpfman-parity-go/fs/tcx-ingress/link_4026531833_25112_257948",
    "details": {
      "interface": "bpfmanpar9",
      "ifindex": 25112,
      "direction": "ingress",
      "priority": 30,
      "position": 0,
      "netns": "",
      "nsid": 4026531833
    },
    "created_at": "2026-06-26T14:10:15Z",
    "metadata": null
  },
  "status": {
    "kernel": {
      "id": 370175,
      "program_id": 257948,
      "link_type": "tcx",
      "attach_type": "46",
      "ifindex": 25112,
      "target_obj_id": 0,
      "target_btf_id": 0,
      "cgroup_id": 0,
      "netns_ino": 0,
      "netfilter_pf": 0,
      "netfilter_hooknum": 0,
      "netfilter_priority": 0,
      "netfilter_flags": 0,
      "kprobe_multi_count": 0,
      "kprobe_multi_flags": 0,
      "kprobe_multi_missed": 0,
      "kprobe_address": 0,
      "kprobe_missed": 0
    },
    "kernel_seen": true,
    "pin_present": true
  }
}
[exit 0]

$ gobpf link get 2123456846 -o json
{
  "record": {
    "id": 2123456846,
    "program_id": 257936,
    "kernel_link_id": 370171,
    "kind": "tcx",
    "pin_path": "/run/bpfman-parity-go/fs/tcx-ingress/link_4026531833_25112_257936",
    "details": {
      "interface": "bpfmanpar9",
      "ifindex": 25112,
      "direction": "ingress",
      "priority": 50,
      "position": 4,
      "netns": "",
      "nsid": 4026531833
    },
    "created_at": "2026-06-26T14:10:15Z",
    "metadata": null
  },
  "status": {
    "kernel": {
      "id": 370171,
      "program_id": 257936,
      "link_type": "tcx",
      "attach_type": "46",
      "ifindex": 25112,
      "target_obj_id": 0,
      "target_btf_id": 0,
      "cgroup_id": 0,
      "netns_ino": 0,
      "netfilter_pf": 0,
      "netfilter_hooknum": 0,
      "netfilter_priority": 0,
      "netfilter_flags": 0,
      "kprobe_multi_count": 0,
      "kprobe_multi_flags": 0,
      "kprobe_multi_missed": 0,
      "kprobe_address": 0,
      "kprobe_missed": 0
    },
    "kernel_seen": true,
    "pin_present": true
  }
}
[exit 0]

$ gobpf link get 2123456847 -o json
{
  "record": {
    "id": 2123456847,
    "program_id": 257939,
    "kernel_link_id": 370172,
    "kind": "tcx",
    "pin_path": "/run/bpfman-parity-go/fs/tcx-ingress/link_4026531833_25112_257939",
    "details": {
      "interface": "bpfmanpar9",
      "ifindex": 25112,
      "direction": "ingress",
      "priority": 10,
      "position": 0,
      "netns": "",
      "nsid": 4026531833
    },
    "created_at": "2026-06-26T14:10:15Z",
    "metadata": null
  },
  "status": {
    "kernel": {
      "id": 370172,
      "program_id": 257939,
      "link_type": "tcx",
      "attach_type": "46",
      "ifindex": 25112,
      "target_obj_id": 0,
      "target_btf_id": 0,
      "cgroup_id": 0,
      "netns_ino": 0,
      "netfilter_pf": 0,
      "netfilter_hooknum": 0,
      "netfilter_priority": 0,
      "netfilter_flags": 0,
      "kprobe_multi_count": 0,
      "kprobe_multi_flags": 0,
      "kprobe_multi_missed": 0,
      "kprobe_address": 0,
      "kprobe_missed": 0
    },
    "kernel_seen": true,
    "pin_present": true
  }
}
[exit 0]

$ gobpf link get 2123456848 -o json
{
  "record": {
    "id": 2123456848,
    "program_id": 257942,
    "kernel_link_id": 370173,
    "kind": "tcx",
    "pin_path": "/run/bpfman-parity-go/fs/tcx-ingress/link_4026531833_25112_257942",
    "details": {
      "interface": "bpfmanpar9",
      "ifindex": 25112,
      "direction": "ingress",
      "priority": 40,
      "position": 3,
      "netns": "",
      "nsid": 4026531833
    },
    "created_at": "2026-06-26T14:10:15Z",
    "metadata": null
  },
  "status": {
    "kernel": {
      "id": 370173,
      "program_id": 257942,
      "link_type": "tcx",
      "attach_type": "46",
      "ifindex": 25112,
      "target_obj_id": 0,
      "target_btf_id": 0,
      "cgroup_id": 0,
      "netns_ino": 0,
      "netfilter_pf": 0,
      "netfilter_hooknum": 0,
      "netfilter_priority": 0,
      "netfilter_flags": 0,
      "kprobe_multi_count": 0,
      "kprobe_multi_flags": 0,
      "kprobe_multi_missed": 0,
      "kprobe_address": 0,
      "kprobe_missed": 0
    },
    "kernel_seen": true,
    "pin_present": true
  }
}
[exit 0]

$ gobpf link get 2123456849 -o json
{
  "record": {
    "id": 2123456849,
    "program_id": 257945,
    "kernel_link_id": 370174,
    "kind": "tcx",
    "pin_path": "/run/bpfman-parity-go/fs/tcx-ingress/link_4026531833_25112_257945",
    "details": {
      "interface": "bpfmanpar9",
      "ifindex": 25112,
      "direction": "ingress",
      "priority": 20,
      "position": 1,
      "netns": "",
      "nsid": 4026531833
    },
    "created_at": "2026-06-26T14:10:15Z",
    "metadata": null
  },
  "status": {
    "kernel": {
      "id": 370174,
      "program_id": 257945,
      "link_type": "tcx",
      "attach_type": "46",
      "ifindex": 25112,
      "target_obj_id": 0,
      "target_btf_id": 0,
      "cgroup_id": 0,
      "netns_ino": 0,
      "netfilter_pf": 0,
      "netfilter_hooknum": 0,
      "netfilter_priority": 0,
      "netfilter_flags": 0,
      "kprobe_multi_count": 0,
      "kprobe_multi_flags": 0,
      "kprobe_multi_missed": 0,
      "kprobe_address": 0,
      "kprobe_missed": 0
    },
    "kernel_seen": true,
    "pin_present": true
  }
}
[exit 0]

$ gobpf link get 2123456850 -o json
{
  "record": {
    "id": 2123456850,
    "program_id": 257948,
    "kernel_link_id": 370175,
    "kind": "tcx",
    "pin_path": "/run/bpfman-parity-go/fs/tcx-ingress/link_4026531833_25112_257948",
    "details": {
      "interface": "bpfmanpar9",
      "ifindex": 25112,
      "direction": "ingress",
      "priority": 30,
      "position": 2,
      "netns": "",
      "nsid": 4026531833
    },
    "created_at": "2026-06-26T14:10:15Z",
    "metadata": null
  },
  "status": {
    "kernel": {
      "id": 370175,
      "program_id": 257948,
      "link_type": "tcx",
      "attach_type": "46",
      "ifindex": 25112,
      "target_obj_id": 0,
      "target_btf_id": 0,
      "cgroup_id": 0,
      "netns_ino": 0,
      "netfilter_pf": 0,
      "netfilter_hooknum": 0,
      "netfilter_priority": 0,
      "netfilter_flags": 0,
      "kprobe_multi_count": 0,
      "kprobe_multi_flags": 0,
      "kprobe_multi_missed": 0,
      "kprobe_address": 0,
      "kprobe_missed": 0
    },
    "kernel_seen": true,
    "pin_present": true
  }
}
[exit 0]

$ gobpf link detach 2123456846

[exit 0]

$ gobpf link detach 2123456847

[exit 0]

$ gobpf link detach 2123456848

[exit 0]

$ gobpf link detach 2123456849

[exit 0]

$ gobpf link detach 2123456850

[exit 0]

$ gobpf program unload 257936

[exit 0]

$ gobpf program unload 257939

[exit 0]

$ gobpf program unload 257942

[exit 0]

$ gobpf program unload 257945

[exit 0]

$ gobpf program unload 257948

[exit 0]

