$ gobpf program load file e2e/testdata/bpf/tc_counter.bpf.o --programs tc:stats -o json
{
  "programs": [
    {
      "record": {
        "program_id": 257844,
        "load": {
          "object_path": "/run/bpfman-parity-go/programs/257844/bytecode.o",
          "program_name": "stats",
          "program_type": "tc",
          "global_data": {},
          "image_source": null,
          "attach_func": null,
          "map_owner_id": null
        },
        "license": "Dual BSD/GPL",
        "gpl_compatible": true,
        "handles": {
          "pin_path": "/run/bpfman-parity-go/fs/prog_257844",
          "map_pin_path": "/run/bpfman-parity-go/fs/maps/257844",
          "map_owner_id": null
        },
        "meta": {
          "name": "stats",
          "owner": "",
          "description": "",
          "metadata": {}
        },
        "created_at": "2026-06-26T14:10:13Z",
        "updated_at": null
      },
      "status": {
        "kernel": {
          "id": 257844,
          "name": "stats",
          "program_type": "extension",
          "tag": "ddaa0f8c90c60f04",
          "loaded_at": "2026-06-26T14:10:12Z",
          "uid": 0,
          "has_uid": true,
          "btf_id": 770752,
          "has_btf_id": true,
          "map_ids": [
            415144
          ],
          "has_map_ids": true,
          "jited_size": 162,
          "xlated_size": 240,
          "verified_insns": 23,
          "memlock": 4096,
          "has_memlock": true,
          "restricted": false
        },
        "stats": null,
        "prog_pin": "/run/bpfman-parity-go/fs/prog_257844",
        "map_dir": "/run/bpfman-parity-go/fs/maps/257844",
        "bytecode": "/run/bpfman-parity-go/programs/257844/bytecode.o",
        "links": [],
        "maps": [
          {
            "id": 415144,
            "name": "tc_stats_map",
            "map_type": "percpuarray",
            "key_size": 4,
            "value_size": 16,
            "max_entries": 8,
            "flags": 0,
            "btf_id": 770750,
            "has_btf_id": true,
            "map_extra": 0,
            "has_map_extra": false,
            "memlock": 2416,
            "has_memlock": true,
            "frozen": false,
            "pin_path": "",
            "present": false
          }
        ],
        "map_used_by": [
          257844
        ]
      }
    }
  ]
}
[exit 0]

$ gobpf link attach tc 257844 bpfmanpar9 ingress --priority 50 -o json
{
  "record": {
    "id": 2123456841,
    "program_id": 257844,
    "kernel_link_id": 370121,
    "kind": "tc",
    "pin_path": "/run/bpfman-parity-go/fs/tc-ingress/dispatcher_4026531833_25108_1/link_0",
    "details": {
      "interface": "bpfmanpar9",
      "ifindex": 25108,
      "direction": "ingress",
      "priority": 50,
      "position": 0,
      "proceed_on": [
        3,
        30
      ],
      "netns": "",
      "nsid": 4026531833,
      "dispatcher_id": 257845,
      "revision": 1
    },
    "created_at": "0001-01-01T00:00:00Z",
    "metadata": null
  },
  "status": {
    "kernel": {
      "id": 370121,
      "program_id": 257844,
      "link_type": "tracing",
      "attach_type": "0",
      "ifindex": 0,
      "target_obj_id": 257845,
      "target_btf_id": 3,
      "cgroup_id": 0,
      "netns_ino": 0,
      "netfilter_pf": 0,
      "netfilter_hooknum": 0,
      "netfilter_priority": 0,
      "netfilter_flags": 0,
      "kprobe_multi_count": 0,
      "kprobe_multi_flags": 0,
      "kprobe_multi_missed": 0,
      "kprobe_address": 0,
      "kprobe_missed": 0
    },
    "kernel_seen": true,
    "pin_present": true
  }
}
[exit 0]

$ gobpf link attach tc 257844 bpfmanpar9 ingress --priority 10 -o json
{
  "record": {
    "id": 2123456842,
    "program_id": 257844,
    "kernel_link_id": 370122,
    "kind": "tc",
    "pin_path": "/run/bpfman-parity-go/fs/tc-ingress/dispatcher_4026531833_25108_2/link_0",
    "details": {
      "interface": "bpfmanpar9",
      "ifindex": 25108,
      "direction": "ingress",
      "priority": 10,
      "position": 0,
      "proceed_on": [
        3,
        30
      ],
      "netns": "",
      "nsid": 4026531833,
      "dispatcher_id": 257846,
      "revision": 2
    },
    "created_at": "0001-01-01T00:00:00Z",
    "metadata": null
  },
  "status": {
    "kernel": {
      "id": 370122,
      "program_id": 257844,
      "link_type": "tracing",
      "attach_type": "0",
      "ifindex": 0,
      "target_obj_id": 257846,
      "target_btf_id": 3,
      "cgroup_id": 0,
      "netns_ino": 0,
      "netfilter_pf": 0,
      "netfilter_hooknum": 0,
      "netfilter_priority": 0,
      "netfilter_flags": 0,
      "kprobe_multi_count": 0,
      "kprobe_multi_flags": 0,
      "kprobe_multi_missed": 0,
      "kprobe_address": 0,
      "kprobe_missed": 0
    },
    "kernel_seen": true,
    "pin_present": true
  }
}
[exit 0]

$ gobpf link attach tc 257844 bpfmanpar9 ingress --priority 40 -o json
{
  "record": {
    "id": 2123456843,
    "program_id": 257844,
    "kernel_link_id": 370125,
    "kind": "tc",
    "pin_path": "/run/bpfman-parity-go/fs/tc-ingress/dispatcher_4026531833_25108_3/link_1",
    "details": {
      "interface": "bpfmanpar9",
      "ifindex": 25108,
      "direction": "ingress",
      "priority": 40,
      "position": 1,
      "proceed_on": [
        3,
        30
      ],
      "netns": "",
      "nsid": 4026531833,
      "dispatcher_id": 257847,
      "revision": 3
    },
    "created_at": "0001-01-01T00:00:00Z",
    "metadata": null
  },
  "status": {
    "kernel": {
      "id": 370125,
      "program_id": 257844,
      "link_type": "tracing",
      "attach_type": "0",
      "ifindex": 0,
      "target_obj_id": 257847,
      "target_btf_id": 4,
      "cgroup_id": 0,
      "netns_ino": 0,
      "netfilter_pf": 0,
      "netfilter_hooknum": 0,
      "netfilter_priority": 0,
      "netfilter_flags": 0,
      "kprobe_multi_count": 0,
      "kprobe_multi_flags": 0,
      "kprobe_multi_missed": 0,
      "kprobe_address": 0,
      "kprobe_missed": 0
    },
    "kernel_seen": true,
    "pin_present": true
  }
}
[exit 0]

$ gobpf link attach tc 257844 bpfmanpar9 ingress --priority 20 -o json
{
  "record": {
    "id": 2123456844,
    "program_id": 257844,
    "kernel_link_id": 370128,
    "kind": "tc",
    "pin_path": "/run/bpfman-parity-go/fs/tc-ingress/dispatcher_4026531833_25108_4/link_1",
    "details": {
      "interface": "bpfmanpar9",
      "ifindex": 25108,
      "direction": "ingress",
      "priority": 20,
      "position": 1,
      "proceed_on": [
        3,
        30
      ],
      "netns": "",
      "nsid": 4026531833,
      "dispatcher_id": 257848,
      "revision": 4
    },
    "created_at": "0001-01-01T00:00:00Z",
    "metadata": null
  },
  "status": {
    "kernel": {
      "id": 370128,
      "program_id": 257844,
      "link_type": "tracing",
      "attach_type": "0",
      "ifindex": 0,
      "target_obj_id": 257848,
      "target_btf_id": 4,
      "cgroup_id": 0,
      "netns_ino": 0,
      "netfilter_pf": 0,
      "netfilter_hooknum": 0,
      "netfilter_priority": 0,
      "netfilter_flags": 0,
      "kprobe_multi_count": 0,
      "kprobe_multi_flags": 0,
      "kprobe_multi_missed": 0,
      "kprobe_address": 0,
      "kprobe_missed": 0
    },
    "kernel_seen": true,
    "pin_present": true
  }
}
[exit 0]

$ gobpf link attach tc 257844 bpfmanpar9 ingress --priority 30 -o json
{
  "record": {
    "id": 2123456845,
    "program_id": 257844,
    "kernel_link_id": 370133,
    "kind": "tc",
    "pin_path": "/run/bpfman-parity-go/fs/tc-ingress/dispatcher_4026531833_25108_5/link_2",
    "details": {
      "interface": "bpfmanpar9",
      "ifindex": 25108,
      "direction": "ingress",
      "priority": 30,
      "position": 2,
      "proceed_on": [
        3,
        30
      ],
      "netns": "",
      "nsid": 4026531833,
      "dispatcher_id": 257849,
      "revision": 5
    },
    "created_at": "0001-01-01T00:00:00Z",
    "metadata": null
  },
  "status": {
    "kernel": {
      "id": 370133,
      "program_id": 257844,
      "link_type": "tracing",
      "attach_type": "0",
      "ifindex": 0,
      "target_obj_id": 257849,
      "target_btf_id": 5,
      "cgroup_id": 0,
      "netns_ino": 0,
      "netfilter_pf": 0,
      "netfilter_hooknum": 0,
      "netfilter_priority": 0,
      "netfilter_flags": 0,
      "kprobe_multi_count": 0,
      "kprobe_multi_flags": 0,
      "kprobe_multi_missed": 0,
      "kprobe_address": 0,
      "kprobe_missed": 0
    },
    "kernel_seen": true,
    "pin_present": true
  }
}
[exit 0]

$ gobpf dispatcher get tc-ingress 4026531833 25108 -o json
{
  "key": {
    "type": "tc-ingress",
    "nsid": 4026531833,
    "ifindex": 25108
  },
  "revision": 5,
  "runtime": {
    "program_id": 257849,
    "filter_priority": 50,
    "filter_handle": 1,
    "netns_path": ""
  },
  "members": [
    {
      "program_id": 257844,
      "program_name": "stats",
      "prog_pin_path": "/run/bpfman-parity-go/fs/prog_257844",
      "link_id": 2123456842,
      "kernel_link_id": 370131,
      "link_pin_path": "/run/bpfman-parity-go/fs/tc-ingress/dispatcher_4026531833_25108_5/link_0",
      "position": 0,
      "priority": 10,
      "proceed_on": 2147483664,
      "ifname": "bpfmanpar9",
      "metadata": null
    },
    {
      "program_id": 257844,
      "program_name": "stats",
      "prog_pin_path": "/run/bpfman-parity-go/fs/prog_257844",
      "link_id": 2123456844,
      "kernel_link_id": 370132,
      "link_pin_path": "/run/bpfman-parity-go/fs/tc-ingress/dispatcher_4026531833_25108_5/link_1",
      "position": 1,
      "priority": 20,
      "proceed_on": 2147483664,
      "ifname": "bpfmanpar9",
      "metadata": null
    },
    {
      "program_id": 257844,
      "program_name": "stats",
      "prog_pin_path": "/run/bpfman-parity-go/fs/prog_257844",
      "link_id": 2123456845,
      "kernel_link_id": 370133,
      "link_pin_path": "/run/bpfman-parity-go/fs/tc-ingress/dispatcher_4026531833_25108_5/link_2",
      "position": 2,
      "priority": 30,
      "proceed_on": 2147483664,
      "ifname": "bpfmanpar9",
      "metadata": null
    },
    {
      "program_id": 257844,
      "program_name": "stats",
      "prog_pin_path": "/run/bpfman-parity-go/fs/prog_257844",
      "link_id": 2123456843,
      "kernel_link_id": 370134,
      "link_pin_path": "/run/bpfman-parity-go/fs/tc-ingress/dispatcher_4026531833_25108_5/link_3",
      "position": 3,
      "priority": 40,
      "proceed_on": 2147483664,
      "ifname": "bpfmanpar9",
      "metadata": null
    },
    {
      "program_id": 257844,
      "program_name": "stats",
      "prog_pin_path": "/run/bpfman-parity-go/fs/prog_257844",
      "link_id": 2123456841,
      "kernel_link_id": 370135,
      "link_pin_path": "/run/bpfman-parity-go/fs/tc-ingress/dispatcher_4026531833_25108_5/link_4",
      "position": 4,
      "priority": 50,
      "proceed_on": 2147483664,
      "ifname": "bpfmanpar9",
      "metadata": null
    }
  ]
}
[exit 0]

$ gobpf link get 2123456841 -o json
{
  "record": {
    "id": 2123456841,
    "program_id": 257844,
    "kernel_link_id": 370135,
    "kind": "tc",
    "pin_path": "/run/bpfman-parity-go/fs/tc-ingress/dispatcher_4026531833_25108_5/link_4",
    "details": {
      "interface": "bpfmanpar9",
      "ifindex": 25108,
      "direction": "ingress",
      "priority": 50,
      "position": 4,
      "proceed_on": [
        3,
        30
      ],
      "netns": "",
      "nsid": 4026531833,
      "dispatcher_id": 257849,
      "revision": 5
    },
    "created_at": "2026-06-26T14:10:13Z",
    "metadata": null
  },
  "status": {
    "kernel": {
      "id": 370135,
      "program_id": 257844,
      "link_type": "tracing",
      "attach_type": "0",
      "ifindex": 0,
      "target_obj_id": 257849,
      "target_btf_id": 7,
      "cgroup_id": 0,
      "netns_ino": 0,
      "netfilter_pf": 0,
      "netfilter_hooknum": 0,
      "netfilter_priority": 0,
      "netfilter_flags": 0,
      "kprobe_multi_count": 0,
      "kprobe_multi_flags": 0,
      "kprobe_multi_missed": 0,
      "kprobe_address": 0,
      "kprobe_missed": 0
    },
    "kernel_seen": true,
    "pin_present": true
  }
}
[exit 0]

$ gobpf link get 2123456842 -o json
{
  "record": {
    "id": 2123456842,
    "program_id": 257844,
    "kernel_link_id": 370131,
    "kind": "tc",
    "pin_path": "/run/bpfman-parity-go/fs/tc-ingress/dispatcher_4026531833_25108_5/link_0",
    "details": {
      "interface": "bpfmanpar9",
      "ifindex": 25108,
      "direction": "ingress",
      "priority": 10,
      "position": 0,
      "proceed_on": [
        3,
        30
      ],
      "netns": "",
      "nsid": 4026531833,
      "dispatcher_id": 257849,
      "revision": 5
    },
    "created_at": "2026-06-26T14:10:13Z",
    "metadata": null
  },
  "status": {
    "kernel": {
      "id": 370131,
      "program_id": 257844,
      "link_type": "tracing",
      "attach_type": "0",
      "ifindex": 0,
      "target_obj_id": 257849,
      "target_btf_id": 3,
      "cgroup_id": 0,
      "netns_ino": 0,
      "netfilter_pf": 0,
      "netfilter_hooknum": 0,
      "netfilter_priority": 0,
      "netfilter_flags": 0,
      "kprobe_multi_count": 0,
      "kprobe_multi_flags": 0,
      "kprobe_multi_missed": 0,
      "kprobe_address": 0,
      "kprobe_missed": 0
    },
    "kernel_seen": true,
    "pin_present": true
  }
}
[exit 0]

$ gobpf link get 2123456843 -o json
{
  "record": {
    "id": 2123456843,
    "program_id": 257844,
    "kernel_link_id": 370134,
    "kind": "tc",
    "pin_path": "/run/bpfman-parity-go/fs/tc-ingress/dispatcher_4026531833_25108_5/link_3",
    "details": {
      "interface": "bpfmanpar9",
      "ifindex": 25108,
      "direction": "ingress",
      "priority": 40,
      "position": 3,
      "proceed_on": [
        3,
        30
      ],
      "netns": "",
      "nsid": 4026531833,
      "dispatcher_id": 257849,
      "revision": 5
    },
    "created_at": "2026-06-26T14:10:13Z",
    "metadata": null
  },
  "status": {
    "kernel": {
      "id": 370134,
      "program_id": 257844,
      "link_type": "tracing",
      "attach_type": "0",
      "ifindex": 0,
      "target_obj_id": 257849,
      "target_btf_id": 6,
      "cgroup_id": 0,
      "netns_ino": 0,
      "netfilter_pf": 0,
      "netfilter_hooknum": 0,
      "netfilter_priority": 0,
      "netfilter_flags": 0,
      "kprobe_multi_count": 0,
      "kprobe_multi_flags": 0,
      "kprobe_multi_missed": 0,
      "kprobe_address": 0,
      "kprobe_missed": 0
    },
    "kernel_seen": true,
    "pin_present": true
  }
}
[exit 0]

$ gobpf link get 2123456844 -o json
{
  "record": {
    "id": 2123456844,
    "program_id": 257844,
    "kernel_link_id": 370132,
    "kind": "tc",
    "pin_path": "/run/bpfman-parity-go/fs/tc-ingress/dispatcher_4026531833_25108_5/link_1",
    "details": {
      "interface": "bpfmanpar9",
      "ifindex": 25108,
      "direction": "ingress",
      "priority": 20,
      "position": 1,
      "proceed_on": [
        3,
        30
      ],
      "netns": "",
      "nsid": 4026531833,
      "dispatcher_id": 257849,
      "revision": 5
    },
    "created_at": "2026-06-26T14:10:13Z",
    "metadata": null
  },
  "status": {
    "kernel": {
      "id": 370132,
      "program_id": 257844,
      "link_type": "tracing",
      "attach_type": "0",
      "ifindex": 0,
      "target_obj_id": 257849,
      "target_btf_id": 4,
      "cgroup_id": 0,
      "netns_ino": 0,
      "netfilter_pf": 0,
      "netfilter_hooknum": 0,
      "netfilter_priority": 0,
      "netfilter_flags": 0,
      "kprobe_multi_count": 0,
      "kprobe_multi_flags": 0,
      "kprobe_multi_missed": 0,
      "kprobe_address": 0,
      "kprobe_missed": 0
    },
    "kernel_seen": true,
    "pin_present": true
  }
}
[exit 0]

$ gobpf link get 2123456845 -o json
{
  "record": {
    "id": 2123456845,
    "program_id": 257844,
    "kernel_link_id": 370133,
    "kind": "tc",
    "pin_path": "/run/bpfman-parity-go/fs/tc-ingress/dispatcher_4026531833_25108_5/link_2",
    "details": {
      "interface": "bpfmanpar9",
      "ifindex": 25108,
      "direction": "ingress",
      "priority": 30,
      "position": 2,
      "proceed_on": [
        3,
        30
      ],
      "netns": "",
      "nsid": 4026531833,
      "dispatcher_id": 257849,
      "revision": 5
    },
    "created_at": "2026-06-26T14:10:13Z",
    "metadata": null
  },
  "status": {
    "kernel": {
      "id": 370133,
      "program_id": 257844,
      "link_type": "tracing",
      "attach_type": "0",
      "ifindex": 0,
      "target_obj_id": 257849,
      "target_btf_id": 5,
      "cgroup_id": 0,
      "netns_ino": 0,
      "netfilter_pf": 0,
      "netfilter_hooknum": 0,
      "netfilter_priority": 0,
      "netfilter_flags": 0,
      "kprobe_multi_count": 0,
      "kprobe_multi_flags": 0,
      "kprobe_multi_missed": 0,
      "kprobe_address": 0,
      "kprobe_missed": 0
    },
    "kernel_seen": true,
    "pin_present": true
  }
}
[exit 0]

$ gobpf dispatcher get tc-ingress 4026531833 25108 -o json
{
  "key": {
    "type": "tc-ingress",
    "nsid": 4026531833,
    "ifindex": 25108
  },
  "revision": 5,
  "runtime": {
    "program_id": 257849,
    "filter_priority": 50,
    "filter_handle": 1,
    "netns_path": ""
  },
  "members": [
    {
      "program_id": 257844,
      "program_name": "stats",
      "prog_pin_path": "/run/bpfman-parity-go/fs/prog_257844",
      "link_id": 2123456842,
      "kernel_link_id": 370131,
      "link_pin_path": "/run/bpfman-parity-go/fs/tc-ingress/dispatcher_4026531833_25108_5/link_0",
      "position": 0,
      "priority": 10,
      "proceed_on": 2147483664,
      "ifname": "bpfmanpar9",
      "metadata": null
    },
    {
      "program_id": 257844,
      "program_name": "stats",
      "prog_pin_path": "/run/bpfman-parity-go/fs/prog_257844",
      "link_id": 2123456844,
      "kernel_link_id": 370132,
      "link_pin_path": "/run/bpfman-parity-go/fs/tc-ingress/dispatcher_4026531833_25108_5/link_1",
      "position": 1,
      "priority": 20,
      "proceed_on": 2147483664,
      "ifname": "bpfmanpar9",
      "metadata": null
    },
    {
      "program_id": 257844,
      "program_name": "stats",
      "prog_pin_path": "/run/bpfman-parity-go/fs/prog_257844",
      "link_id": 2123456845,
      "kernel_link_id": 370133,
      "link_pin_path": "/run/bpfman-parity-go/fs/tc-ingress/dispatcher_4026531833_25108_5/link_2",
      "position": 2,
      "priority": 30,
      "proceed_on": 2147483664,
      "ifname": "bpfmanpar9",
      "metadata": null
    },
    {
      "program_id": 257844,
      "program_name": "stats",
      "prog_pin_path": "/run/bpfman-parity-go/fs/prog_257844",
      "link_id": 2123456843,
      "kernel_link_id": 370134,
      "link_pin_path": "/run/bpfman-parity-go/fs/tc-ingress/dispatcher_4026531833_25108_5/link_3",
      "position": 3,
      "priority": 40,
      "proceed_on": 2147483664,
      "ifname": "bpfmanpar9",
      "metadata": null
    },
    {
      "program_id": 257844,
      "program_name": "stats",
      "prog_pin_path": "/run/bpfman-parity-go/fs/prog_257844",
      "link_id": 2123456841,
      "kernel_link_id": 370135,
      "link_pin_path": "/run/bpfman-parity-go/fs/tc-ingress/dispatcher_4026531833_25108_5/link_4",
      "position": 4,
      "priority": 50,
      "proceed_on": 2147483664,
      "ifname": "bpfmanpar9",
      "metadata": null
    }
  ]
}
[exit 0]

$ gobpf link detach 2123456841

[exit 0]

$ gobpf link detach 2123456842

[exit 0]

$ gobpf link detach 2123456843

[exit 0]

$ gobpf link detach 2123456844

[exit 0]

$ gobpf link detach 2123456845

[exit 0]

$ gobpf program unload 257844

[exit 0]

