$ gobpf program load file e2e/testdata/bpf/xdp_pass.bpf.o --programs xdp:pass -o json
{
  "programs": [
    {
      "record": {
        "program_id": 257751,
        "load": {
          "object_path": "/run/bpfman-parity-go/programs/257751/bytecode.o",
          "program_name": "pass",
          "program_type": "xdp",
          "global_data": {},
          "image_source": null,
          "attach_func": null,
          "map_owner_id": null
        },
        "license": "Dual BSD/GPL",
        "gpl_compatible": true,
        "handles": {
          "pin_path": "/run/bpfman-parity-go/fs/prog_257751",
          "map_pin_path": "/run/bpfman-parity-go/fs/maps/257751",
          "map_owner_id": null
        },
        "meta": {
          "name": "pass",
          "owner": "",
          "description": "",
          "metadata": {}
        },
        "created_at": "2026-06-26T14:10:10Z",
        "updated_at": null
      },
      "status": {
        "kernel": {
          "id": 257751,
          "name": "pass",
          "program_type": "extension",
          "tag": "671e1cfa7d68206f",
          "loaded_at": "2026-06-26T14:10:10Z",
          "uid": 0,
          "has_uid": true,
          "btf_id": 770579,
          "has_btf_id": true,
          "map_ids": [
            415061
          ],
          "has_map_ids": true,
          "jited_size": 117,
          "xlated_size": 168,
          "verified_insns": 12,
          "memlock": 4096,
          "has_memlock": true,
          "restricted": false
        },
        "stats": null,
        "prog_pin": "/run/bpfman-parity-go/fs/prog_257751",
        "map_dir": "/run/bpfman-parity-go/fs/maps/257751",
        "bytecode": "/run/bpfman-parity-go/programs/257751/bytecode.o",
        "links": [],
        "maps": [
          {
            "id": 415061,
            "name": "xdp_pass_stats_",
            "map_type": "percpuarray",
            "key_size": 4,
            "value_size": 8,
            "max_entries": 1,
            "flags": 0,
            "btf_id": 770577,
            "has_btf_id": true,
            "map_extra": 0,
            "has_map_extra": false,
            "memlock": 440,
            "has_memlock": true,
            "frozen": false,
            "pin_path": "",
            "present": false
          }
        ],
        "map_used_by": [
          257751
        ]
      }
    }
  ]
}
[exit 0]

$ gobpf link attach xdp 257751 bpfmanpar9 --priority 50 -o json
{
  "record": {
    "id": 2123456836,
    "program_id": 257751,
    "kernel_link_id": 370069,
    "kind": "xdp",
    "pin_path": "/run/bpfman-parity-go/fs/xdp/dispatcher_4026531833_25104_1/link_0",
    "details": {
      "interface": "bpfmanpar9",
      "ifindex": 25104,
      "priority": 50,
      "position": 0,
      "proceed_on": [
        2,
        31
      ],
      "netns": "",
      "nsid": 4026531833,
      "dispatcher_id": 257752,
      "revision": 1
    },
    "created_at": "0001-01-01T00:00:00Z",
    "metadata": null
  },
  "status": {
    "kernel": {
      "id": 370069,
      "program_id": 257751,
      "link_type": "tracing",
      "attach_type": "0",
      "ifindex": 0,
      "target_obj_id": 257752,
      "target_btf_id": 3,
      "cgroup_id": 0,
      "netns_ino": 0,
      "netfilter_pf": 0,
      "netfilter_hooknum": 0,
      "netfilter_priority": 0,
      "netfilter_flags": 0,
      "kprobe_multi_count": 0,
      "kprobe_multi_flags": 0,
      "kprobe_multi_missed": 0,
      "kprobe_address": 0,
      "kprobe_missed": 0
    },
    "kernel_seen": true,
    "pin_present": true
  }
}
[exit 0]

$ gobpf link attach xdp 257751 bpfmanpar9 --priority 10 -o json
{
  "record": {
    "id": 2123456837,
    "program_id": 257751,
    "kernel_link_id": 370071,
    "kind": "xdp",
    "pin_path": "/run/bpfman-parity-go/fs/xdp/dispatcher_4026531833_25104_2/link_0",
    "details": {
      "interface": "bpfmanpar9",
      "ifindex": 25104,
      "priority": 10,
      "position": 0,
      "proceed_on": [
        2,
        31
      ],
      "netns": "",
      "nsid": 4026531833,
      "dispatcher_id": 257753,
      "revision": 2
    },
    "created_at": "0001-01-01T00:00:00Z",
    "metadata": null
  },
  "status": {
    "kernel": {
      "id": 370071,
      "program_id": 257751,
      "link_type": "tracing",
      "attach_type": "0",
      "ifindex": 0,
      "target_obj_id": 257753,
      "target_btf_id": 3,
      "cgroup_id": 0,
      "netns_ino": 0,
      "netfilter_pf": 0,
      "netfilter_hooknum": 0,
      "netfilter_priority": 0,
      "netfilter_flags": 0,
      "kprobe_multi_count": 0,
      "kprobe_multi_flags": 0,
      "kprobe_multi_missed": 0,
      "kprobe_address": 0,
      "kprobe_missed": 0
    },
    "kernel_seen": true,
    "pin_present": true
  }
}
[exit 0]

$ gobpf link attach xdp 257751 bpfmanpar9 --priority 40 -o json
{
  "record": {
    "id": 2123456838,
    "program_id": 257751,
    "kernel_link_id": 370074,
    "kind": "xdp",
    "pin_path": "/run/bpfman-parity-go/fs/xdp/dispatcher_4026531833_25104_3/link_1",
    "details": {
      "interface": "bpfmanpar9",
      "ifindex": 25104,
      "priority": 40,
      "position": 1,
      "proceed_on": [
        2,
        31
      ],
      "netns": "",
      "nsid": 4026531833,
      "dispatcher_id": 257754,
      "revision": 3
    },
    "created_at": "0001-01-01T00:00:00Z",
    "metadata": null
  },
  "status": {
    "kernel": {
      "id": 370074,
      "program_id": 257751,
      "link_type": "tracing",
      "attach_type": "0",
      "ifindex": 0,
      "target_obj_id": 257754,
      "target_btf_id": 4,
      "cgroup_id": 0,
      "netns_ino": 0,
      "netfilter_pf": 0,
      "netfilter_hooknum": 0,
      "netfilter_priority": 0,
      "netfilter_flags": 0,
      "kprobe_multi_count": 0,
      "kprobe_multi_flags": 0,
      "kprobe_multi_missed": 0,
      "kprobe_address": 0,
      "kprobe_missed": 0
    },
    "kernel_seen": true,
    "pin_present": true
  }
}
[exit 0]

$ gobpf link attach xdp 257751 bpfmanpar9 --priority 20 -o json
{
  "record": {
    "id": 2123456839,
    "program_id": 257751,
    "kernel_link_id": 370077,
    "kind": "xdp",
    "pin_path": "/run/bpfman-parity-go/fs/xdp/dispatcher_4026531833_25104_4/link_1",
    "details": {
      "interface": "bpfmanpar9",
      "ifindex": 25104,
      "priority": 20,
      "position": 1,
      "proceed_on": [
        2,
        31
      ],
      "netns": "",
      "nsid": 4026531833,
      "dispatcher_id": 257755,
      "revision": 4
    },
    "created_at": "0001-01-01T00:00:00Z",
    "metadata": null
  },
  "status": {
    "kernel": {
      "id": 370077,
      "program_id": 257751,
      "link_type": "tracing",
      "attach_type": "0",
      "ifindex": 0,
      "target_obj_id": 257755,
      "target_btf_id": 4,
      "cgroup_id": 0,
      "netns_ino": 0,
      "netfilter_pf": 0,
      "netfilter_hooknum": 0,
      "netfilter_priority": 0,
      "netfilter_flags": 0,
      "kprobe_multi_count": 0,
      "kprobe_multi_flags": 0,
      "kprobe_multi_missed": 0,
      "kprobe_address": 0,
      "kprobe_missed": 0
    },
    "kernel_seen": true,
    "pin_present": true
  }
}
[exit 0]

$ gobpf link attach xdp 257751 bpfmanpar9 --priority 30 -o json
{
  "record": {
    "id": 2123456840,
    "program_id": 257751,
    "kernel_link_id": 370082,
    "kind": "xdp",
    "pin_path": "/run/bpfman-parity-go/fs/xdp/dispatcher_4026531833_25104_5/link_2",
    "details": {
      "interface": "bpfmanpar9",
      "ifindex": 25104,
      "priority": 30,
      "position": 2,
      "proceed_on": [
        2,
        31
      ],
      "netns": "",
      "nsid": 4026531833,
      "dispatcher_id": 257756,
      "revision": 5
    },
    "created_at": "0001-01-01T00:00:00Z",
    "metadata": null
  },
  "status": {
    "kernel": {
      "id": 370082,
      "program_id": 257751,
      "link_type": "tracing",
      "attach_type": "0",
      "ifindex": 0,
      "target_obj_id": 257756,
      "target_btf_id": 5,
      "cgroup_id": 0,
      "netns_ino": 0,
      "netfilter_pf": 0,
      "netfilter_hooknum": 0,
      "netfilter_priority": 0,
      "netfilter_flags": 0,
      "kprobe_multi_count": 0,
      "kprobe_multi_flags": 0,
      "kprobe_multi_missed": 0,
      "kprobe_address": 0,
      "kprobe_missed": 0
    },
    "kernel_seen": true,
    "pin_present": true
  }
}
[exit 0]

$ gobpf dispatcher get xdp 4026531833 25104 -o json
{
  "key": {
    "type": "xdp",
    "nsid": 4026531833,
    "ifindex": 25104
  },
  "revision": 5,
  "runtime": {
    "program_id": 257756,
    "kernel_link_id": 370070,
    "netns_path": ""
  },
  "members": [
    {
      "program_id": 257751,
      "program_name": "pass",
      "prog_pin_path": "/run/bpfman-parity-go/fs/prog_257751",
      "link_id": 2123456837,
      "kernel_link_id": 370080,
      "link_pin_path": "/run/bpfman-parity-go/fs/xdp/dispatcher_4026531833_25104_5/link_0",
      "position": 0,
      "priority": 10,
      "proceed_on": 2147483652,
      "ifname": "bpfmanpar9",
      "metadata": null
    },
    {
      "program_id": 257751,
      "program_name": "pass",
      "prog_pin_path": "/run/bpfman-parity-go/fs/prog_257751",
      "link_id": 2123456839,
      "kernel_link_id": 370081,
      "link_pin_path": "/run/bpfman-parity-go/fs/xdp/dispatcher_4026531833_25104_5/link_1",
      "position": 1,
      "priority": 20,
      "proceed_on": 2147483652,
      "ifname": "bpfmanpar9",
      "metadata": null
    },
    {
      "program_id": 257751,
      "program_name": "pass",
      "prog_pin_path": "/run/bpfman-parity-go/fs/prog_257751",
      "link_id": 2123456840,
      "kernel_link_id": 370082,
      "link_pin_path": "/run/bpfman-parity-go/fs/xdp/dispatcher_4026531833_25104_5/link_2",
      "position": 2,
      "priority": 30,
      "proceed_on": 2147483652,
      "ifname": "bpfmanpar9",
      "metadata": null
    },
    {
      "program_id": 257751,
      "program_name": "pass",
      "prog_pin_path": "/run/bpfman-parity-go/fs/prog_257751",
      "link_id": 2123456838,
      "kernel_link_id": 370083,
      "link_pin_path": "/run/bpfman-parity-go/fs/xdp/dispatcher_4026531833_25104_5/link_3",
      "position": 3,
      "priority": 40,
      "proceed_on": 2147483652,
      "ifname": "bpfmanpar9",
      "metadata": null
    },
    {
      "program_id": 257751,
      "program_name": "pass",
      "prog_pin_path": "/run/bpfman-parity-go/fs/prog_257751",
      "link_id": 2123456836,
      "kernel_link_id": 370084,
      "link_pin_path": "/run/bpfman-parity-go/fs/xdp/dispatcher_4026531833_25104_5/link_4",
      "position": 4,
      "priority": 50,
      "proceed_on": 2147483652,
      "ifname": "bpfmanpar9",
      "metadata": null
    }
  ]
}
[exit 0]

$ gobpf link get 2123456836 -o json
{
  "record": {
    "id": 2123456836,
    "program_id": 257751,
    "kernel_link_id": 370084,
    "kind": "xdp",
    "pin_path": "/run/bpfman-parity-go/fs/xdp/dispatcher_4026531833_25104_5/link_4",
    "details": {
      "interface": "bpfmanpar9",
      "ifindex": 25104,
      "priority": 50,
      "position": 4,
      "proceed_on": [
        2,
        31
      ],
      "netns": "",
      "nsid": 4026531833,
      "dispatcher_id": 257756,
      "revision": 5
    },
    "created_at": "2026-06-26T14:10:11Z",
    "metadata": null
  },
  "status": {
    "kernel": {
      "id": 370084,
      "program_id": 257751,
      "link_type": "tracing",
      "attach_type": "0",
      "ifindex": 0,
      "target_obj_id": 257756,
      "target_btf_id": 7,
      "cgroup_id": 0,
      "netns_ino": 0,
      "netfilter_pf": 0,
      "netfilter_hooknum": 0,
      "netfilter_priority": 0,
      "netfilter_flags": 0,
      "kprobe_multi_count": 0,
      "kprobe_multi_flags": 0,
      "kprobe_multi_missed": 0,
      "kprobe_address": 0,
      "kprobe_missed": 0
    },
    "kernel_seen": true,
    "pin_present": true
  }
}
[exit 0]

$ gobpf link get 2123456837 -o json
{
  "record": {
    "id": 2123456837,
    "program_id": 257751,
    "kernel_link_id": 370080,
    "kind": "xdp",
    "pin_path": "/run/bpfman-parity-go/fs/xdp/dispatcher_4026531833_25104_5/link_0",
    "details": {
      "interface": "bpfmanpar9",
      "ifindex": 25104,
      "priority": 10,
      "position": 0,
      "proceed_on": [
        2,
        31
      ],
      "netns": "",
      "nsid": 4026531833,
      "dispatcher_id": 257756,
      "revision": 5
    },
    "created_at": "2026-06-26T14:10:11Z",
    "metadata": null
  },
  "status": {
    "kernel": {
      "id": 370080,
      "program_id": 257751,
      "link_type": "tracing",
      "attach_type": "0",
      "ifindex": 0,
      "target_obj_id": 257756,
      "target_btf_id": 3,
      "cgroup_id": 0,
      "netns_ino": 0,
      "netfilter_pf": 0,
      "netfilter_hooknum": 0,
      "netfilter_priority": 0,
      "netfilter_flags": 0,
      "kprobe_multi_count": 0,
      "kprobe_multi_flags": 0,
      "kprobe_multi_missed": 0,
      "kprobe_address": 0,
      "kprobe_missed": 0
    },
    "kernel_seen": true,
    "pin_present": true
  }
}
[exit 0]

$ gobpf link get 2123456838 -o json
{
  "record": {
    "id": 2123456838,
    "program_id": 257751,
    "kernel_link_id": 370083,
    "kind": "xdp",
    "pin_path": "/run/bpfman-parity-go/fs/xdp/dispatcher_4026531833_25104_5/link_3",
    "details": {
      "interface": "bpfmanpar9",
      "ifindex": 25104,
      "priority": 40,
      "position": 3,
      "proceed_on": [
        2,
        31
      ],
      "netns": "",
      "nsid": 4026531833,
      "dispatcher_id": 257756,
      "revision": 5
    },
    "created_at": "2026-06-26T14:10:11Z",
    "metadata": null
  },
  "status": {
    "kernel": {
      "id": 370083,
      "program_id": 257751,
      "link_type": "tracing",
      "attach_type": "0",
      "ifindex": 0,
      "target_obj_id": 257756,
      "target_btf_id": 6,
      "cgroup_id": 0,
      "netns_ino": 0,
      "netfilter_pf": 0,
      "netfilter_hooknum": 0,
      "netfilter_priority": 0,
      "netfilter_flags": 0,
      "kprobe_multi_count": 0,
      "kprobe_multi_flags": 0,
      "kprobe_multi_missed": 0,
      "kprobe_address": 0,
      "kprobe_missed": 0
    },
    "kernel_seen": true,
    "pin_present": true
  }
}
[exit 0]

$ gobpf link get 2123456839 -o json
{
  "record": {
    "id": 2123456839,
    "program_id": 257751,
    "kernel_link_id": 370081,
    "kind": "xdp",
    "pin_path": "/run/bpfman-parity-go/fs/xdp/dispatcher_4026531833_25104_5/link_1",
    "details": {
      "interface": "bpfmanpar9",
      "ifindex": 25104,
      "priority": 20,
      "position": 1,
      "proceed_on": [
        2,
        31
      ],
      "netns": "",
      "nsid": 4026531833,
      "dispatcher_id": 257756,
      "revision": 5
    },
    "created_at": "2026-06-26T14:10:11Z",
    "metadata": null
  },
  "status": {
    "kernel": {
      "id": 370081,
      "program_id": 257751,
      "link_type": "tracing",
      "attach_type": "0",
      "ifindex": 0,
      "target_obj_id": 257756,
      "target_btf_id": 4,
      "cgroup_id": 0,
      "netns_ino": 0,
      "netfilter_pf": 0,
      "netfilter_hooknum": 0,
      "netfilter_priority": 0,
      "netfilter_flags": 0,
      "kprobe_multi_count": 0,
      "kprobe_multi_flags": 0,
      "kprobe_multi_missed": 0,
      "kprobe_address": 0,
      "kprobe_missed": 0
    },
    "kernel_seen": true,
    "pin_present": true
  }
}
[exit 0]

$ gobpf link get 2123456840 -o json
{
  "record": {
    "id": 2123456840,
    "program_id": 257751,
    "kernel_link_id": 370082,
    "kind": "xdp",
    "pin_path": "/run/bpfman-parity-go/fs/xdp/dispatcher_4026531833_25104_5/link_2",
    "details": {
      "interface": "bpfmanpar9",
      "ifindex": 25104,
      "priority": 30,
      "position": 2,
      "proceed_on": [
        2,
        31
      ],
      "netns": "",
      "nsid": 4026531833,
      "dispatcher_id": 257756,
      "revision": 5
    },
    "created_at": "2026-06-26T14:10:11Z",
    "metadata": null
  },
  "status": {
    "kernel": {
      "id": 370082,
      "program_id": 257751,
      "link_type": "tracing",
      "attach_type": "0",
      "ifindex": 0,
      "target_obj_id": 257756,
      "target_btf_id": 5,
      "cgroup_id": 0,
      "netns_ino": 0,
      "netfilter_pf": 0,
      "netfilter_hooknum": 0,
      "netfilter_priority": 0,
      "netfilter_flags": 0,
      "kprobe_multi_count": 0,
      "kprobe_multi_flags": 0,
      "kprobe_multi_missed": 0,
      "kprobe_address": 0,
      "kprobe_missed": 0
    },
    "kernel_seen": true,
    "pin_present": true
  }
}
[exit 0]

$ gobpf dispatcher get xdp 4026531833 25104 -o json
{
  "key": {
    "type": "xdp",
    "nsid": 4026531833,
    "ifindex": 25104
  },
  "revision": 5,
  "runtime": {
    "program_id": 257756,
    "kernel_link_id": 370070,
    "netns_path": ""
  },
  "members": [
    {
      "program_id": 257751,
      "program_name": "pass",
      "prog_pin_path": "/run/bpfman-parity-go/fs/prog_257751",
      "link_id": 2123456837,
      "kernel_link_id": 370080,
      "link_pin_path": "/run/bpfman-parity-go/fs/xdp/dispatcher_4026531833_25104_5/link_0",
      "position": 0,
      "priority": 10,
      "proceed_on": 2147483652,
      "ifname": "bpfmanpar9",
      "metadata": null
    },
    {
      "program_id": 257751,
      "program_name": "pass",
      "prog_pin_path": "/run/bpfman-parity-go/fs/prog_257751",
      "link_id": 2123456839,
      "kernel_link_id": 370081,
      "link_pin_path": "/run/bpfman-parity-go/fs/xdp/dispatcher_4026531833_25104_5/link_1",
      "position": 1,
      "priority": 20,
      "proceed_on": 2147483652,
      "ifname": "bpfmanpar9",
      "metadata": null
    },
    {
      "program_id": 257751,
      "program_name": "pass",
      "prog_pin_path": "/run/bpfman-parity-go/fs/prog_257751",
      "link_id": 2123456840,
      "kernel_link_id": 370082,
      "link_pin_path": "/run/bpfman-parity-go/fs/xdp/dispatcher_4026531833_25104_5/link_2",
      "position": 2,
      "priority": 30,
      "proceed_on": 2147483652,
      "ifname": "bpfmanpar9",
      "metadata": null
    },
    {
      "program_id": 257751,
      "program_name": "pass",
      "prog_pin_path": "/run/bpfman-parity-go/fs/prog_257751",
      "link_id": 2123456838,
      "kernel_link_id": 370083,
      "link_pin_path": "/run/bpfman-parity-go/fs/xdp/dispatcher_4026531833_25104_5/link_3",
      "position": 3,
      "priority": 40,
      "proceed_on": 2147483652,
      "ifname": "bpfmanpar9",
      "metadata": null
    },
    {
      "program_id": 257751,
      "program_name": "pass",
      "prog_pin_path": "/run/bpfman-parity-go/fs/prog_257751",
      "link_id": 2123456836,
      "kernel_link_id": 370084,
      "link_pin_path": "/run/bpfman-parity-go/fs/xdp/dispatcher_4026531833_25104_5/link_4",
      "position": 4,
      "priority": 50,
      "proceed_on": 2147483652,
      "ifname": "bpfmanpar9",
      "metadata": null
    }
  ]
}
[exit 0]

$ gobpf link detach 2123456836

[exit 0]

$ gobpf link detach 2123456837

[exit 0]

$ gobpf link detach 2123456838

[exit 0]

$ gobpf link detach 2123456839

[exit 0]

$ gobpf link detach 2123456840

[exit 0]

$ gobpf program unload 257751

[exit 0]

