$ rsbpf load file --path e2e/testdata/bpf/tc_counter.bpf.o --programs tc:stats
 Bpfman State                                     
 BPF Function:  stats                             
 Program Type:  tc                                
 Path:          e2e/testdata/bpf/tc_counter.bpf.o 
 Global:        None                              
 Metadata:      None                              
 Map Pin Path:  /run/bpfman/fs/maps/257861        
 Map Owner ID:  None                              
 Maps Used By:  257861                            
 Links:         None                              

 Kernel State                                               
 Program ID:                       257861                   
 BPF Function:                     stats                    
 Kernel Type:                      tc                       
 Loaded At:                        2026-06-26T15:10:14+0100 
 Tag:                              ddaa0f8c90c60f04         
 GPL Compatible:                   true                     
 Map IDs:                          [415186]                 
 BTF ID:                           770833                   
 Size Translated (bytes):          240                      
 JITted:                           true                     
 Size JITted:                      162                      
 Kernel Allocated Memory (bytes):  4096                     
 Verified Instruction Count:       23                       
[exit 0]

$ rsbpf attach 257861 tc --direction ingress --iface bpfmanpar9 --priority 50
 Bpfman State                                
 BPF Function:       stats                   
 Program Type:       tc                      
 Program ID:         257861                  
 Link ID:            2075729760              
 Interface:          bpfmanpar9              
 Direction:          ingress                 
 Priority:           50                      
 Position:           0                       
 Proceed On:         pipe, dispatcher_return 
 Network Namespace:  None                    
 Metadata:           None                    
[exit 0]

$ rsbpf attach 257861 tc --direction ingress --iface bpfmanpar9 --priority 10
 Bpfman State                                
 BPF Function:       stats                   
 Program Type:       tc                      
 Program ID:         257861                  
 Link ID:            3173766627              
 Interface:          bpfmanpar9              
 Direction:          ingress                 
 Priority:           10                      
 Position:           0                       
 Proceed On:         pipe, dispatcher_return 
 Network Namespace:  None                    
 Metadata:           None                    
[exit 0]

$ rsbpf attach 257861 tc --direction ingress --iface bpfmanpar9 --priority 40
 Bpfman State                                
 BPF Function:       stats                   
 Program Type:       tc                      
 Program ID:         257861                  
 Link ID:            1040214831              
 Interface:          bpfmanpar9              
 Direction:          ingress                 
 Priority:           40                      
 Position:           1                       
 Proceed On:         pipe, dispatcher_return 
 Network Namespace:  None                    
 Metadata:           None                    
[exit 0]

$ rsbpf attach 257861 tc --direction ingress --iface bpfmanpar9 --priority 20
 Bpfman State                                
 BPF Function:       stats                   
 Program Type:       tc                      
 Program ID:         257861                  
 Link ID:            3900619527              
 Interface:          bpfmanpar9              
 Direction:          ingress                 
 Priority:           20                      
 Position:           1                       
 Proceed On:         pipe, dispatcher_return 
 Network Namespace:  None                    
 Metadata:           None                    
[exit 0]

$ rsbpf attach 257861 tc --direction ingress --iface bpfmanpar9 --priority 30
 Bpfman State                                
 BPF Function:       stats                   
 Program Type:       tc                      
 Program ID:         257861                  
 Link ID:            3649186623              
 Interface:          bpfmanpar9              
 Direction:          ingress                 
 Priority:           30                      
 Position:           2                       
 Proceed On:         pipe, dispatcher_return 
 Network Namespace:  None                    
 Metadata:           None                    
[exit 0]

$ rsbpf get link 2075729760
 Bpfman State                                
 BPF Function:       stats                   
 Program Type:       tc                      
 Program ID:         257861                  
 Link ID:            2075729760              
 Interface:          bpfmanpar9              
 Direction:          ingress                 
 Priority:           50                      
 Position:           4                       
 Proceed On:         pipe, dispatcher_return 
 Network Namespace:  None                    
 Metadata:           None                    
[exit 0]

$ rsbpf get link 3173766627
 Bpfman State                                
 BPF Function:       stats                   
 Program Type:       tc                      
 Program ID:         257861                  
 Link ID:            3173766627              
 Interface:          bpfmanpar9              
 Direction:          ingress                 
 Priority:           10                      
 Position:           0                       
 Proceed On:         pipe, dispatcher_return 
 Network Namespace:  None                    
 Metadata:           None                    
[exit 0]

$ rsbpf get link 1040214831
 Bpfman State                                
 BPF Function:       stats                   
 Program Type:       tc                      
 Program ID:         257861                  
 Link ID:            1040214831              
 Interface:          bpfmanpar9              
 Direction:          ingress                 
 Priority:           40                      
 Position:           3                       
 Proceed On:         pipe, dispatcher_return 
 Network Namespace:  None                    
 Metadata:           None                    
[exit 0]

$ rsbpf get link 3900619527
 Bpfman State                                
 BPF Function:       stats                   
 Program Type:       tc                      
 Program ID:         257861                  
 Link ID:            3900619527              
 Interface:          bpfmanpar9              
 Direction:          ingress                 
 Priority:           20                      
 Position:           1                       
 Proceed On:         pipe, dispatcher_return 
 Network Namespace:  None                    
 Metadata:           None                    
[exit 0]

$ rsbpf get link 3649186623
 Bpfman State                                
 BPF Function:       stats                   
 Program Type:       tc                      
 Program ID:         257861                  
 Link ID:            3649186623              
 Interface:          bpfmanpar9              
 Direction:          ingress                 
 Priority:           30                      
 Position:           2                       
 Proceed On:         pipe, dispatcher_return 
 Network Namespace:  None                    
 Metadata:           None                    
[exit 0]

$ rsbpf detach 2075729760

[exit 0]

$ rsbpf detach 3173766627

[exit 0]

$ rsbpf detach 1040214831

[exit 0]

$ rsbpf detach 3900619527

[exit 0]

$ rsbpf detach 3649186623

[exit 0]

$ rsbpf unload 257861

[exit 0]

