$ gobpf link attach xdp 259987 bpfmanpar0 --priority 0 -o json
{
  "record": {
    "id": 2123456931,
    "program_id": 259987,
    "kernel_link_id": 371310,
    "kind": "xdp",
    "pin_path": "/run/bpfman-parity-go/fs/xdp/dispatcher_4026531833_25196_1/link_0",
    "details": {
      "interface": "bpfmanpar0",
      "ifindex": 25196,
      "priority": 0,
      "position": 0,
      "proceed_on": [
        2,
        31
      ],
      "netns": "",
      "nsid": 4026531833,
      "dispatcher_id": 259988,
      "revision": 1
    },
    "created_at": "0001-01-01T00:00:00Z",
    "metadata": null
  },
  "status": {
    "kernel": {
      "id": 371310,
      "program_id": 259987,
      "link_type": "tracing",
      "attach_type": "0",
      "ifindex": 0,
      "target_obj_id": 259988,
      "target_btf_id": 3,
      "cgroup_id": 0,
      "netns_ino": 0,
      "netfilter_pf": 0,
      "netfilter_hooknum": 0,
      "netfilter_priority": 0,
      "netfilter_flags": 0,
      "kprobe_multi_count": 0,
      "kprobe_multi_flags": 0,
      "kprobe_multi_missed": 0,
      "kprobe_address": 0,
      "kprobe_missed": 0
    },
    "kernel_seen": true,
    "pin_present": true
  }
}
[exit 0]

$ gobpf link get 2123456931 -o json
{
  "record": {
    "id": 2123456931,
    "program_id": 259987,
    "kernel_link_id": 371310,
    "kind": "xdp",
    "pin_path": "/run/bpfman-parity-go/fs/xdp/dispatcher_4026531833_25196_1/link_0",
    "details": {
      "interface": "bpfmanpar0",
      "ifindex": 25196,
      "priority": 0,
      "position": 0,
      "proceed_on": [
        2,
        31
      ],
      "netns": "",
      "nsid": 4026531833,
      "dispatcher_id": 259988,
      "revision": 1
    },
    "created_at": "2026-06-26T15:46:29Z",
    "metadata": null
  },
  "status": {
    "kernel": {
      "id": 371310,
      "program_id": 259987,
      "link_type": "tracing",
      "attach_type": "0",
      "ifindex": 0,
      "target_obj_id": 259988,
      "target_btf_id": 3,
      "cgroup_id": 0,
      "netns_ino": 0,
      "netfilter_pf": 0,
      "netfilter_hooknum": 0,
      "netfilter_priority": 0,
      "netfilter_flags": 0,
      "kprobe_multi_count": 0,
      "kprobe_multi_flags": 0,
      "kprobe_multi_missed": 0,
      "kprobe_address": 0,
      "kprobe_missed": 0
    },
    "kernel_seen": true,
    "pin_present": true
  }
}
[exit 0]

