$ gobpf program load file e2e/testdata/bpf/tc_counter.bpf.o --programs tc:stats -o json
{
  "programs": [
    {
      "record": {
        "program_id": 259011,
        "load": {
          "object_path": "/run/bpfman-parity-go/programs/259011/bytecode.o",
          "program_name": "stats",
          "program_type": "tc",
          "global_data": {},
          "image_source": null,
          "attach_func": null,
          "map_owner_id": null
        },
        "license": "Dual BSD/GPL",
        "gpl_compatible": true,
        "handles": {
          "pin_path": "/run/bpfman-parity-go/fs/prog_259011",
          "map_pin_path": "/run/bpfman-parity-go/fs/maps/259011",
          "map_owner_id": null
        },
        "meta": {
          "name": "stats",
          "owner": "",
          "description": "",
          "metadata": {}
        },
        "created_at": "2026-06-26T15:35:42Z",
        "updated_at": null
      },
      "status": {
        "kernel": {
          "id": 259011,
          "name": "stats",
          "program_type": "extension",
          "tag": "ddaa0f8c90c60f04",
          "loaded_at": "2026-06-26T15:35:42Z",
          "uid": 0,
          "has_uid": true,
          "btf_id": 772668,
          "has_btf_id": true,
          "map_ids": [
            416052
          ],
          "has_map_ids": true,
          "jited_size": 162,
          "xlated_size": 240,
          "verified_insns": 23,
          "memlock": 4096,
          "has_memlock": true,
          "restricted": false
        },
        "stats": null,
        "prog_pin": "/run/bpfman-parity-go/fs/prog_259011",
        "map_dir": "/run/bpfman-parity-go/fs/maps/259011",
        "bytecode": "/run/bpfman-parity-go/programs/259011/bytecode.o",
        "links": [],
        "maps": [
          {
            "id": 416052,
            "name": "tc_stats_map",
            "map_type": "percpuarray",
            "key_size": 4,
            "value_size": 16,
            "max_entries": 8,
            "flags": 0,
            "btf_id": 772666,
            "has_btf_id": true,
            "map_extra": 0,
            "has_map_extra": false,
            "memlock": 2416,
            "has_memlock": true,
            "frozen": false,
            "pin_path": "",
            "present": false
          }
        ],
        "map_used_by": [
          259011
        ]
      }
    }
  ]
}
[exit 0]

$ gobpf link attach tc 259011 bpfmanpar9 ingress --priority 100 -o json
{
  "record": {
    "id": 2123456889,
    "program_id": 259011,
    "kernel_link_id": 370641,
    "kind": "tc",
    "pin_path": "/run/bpfman-parity-go/fs/tc-ingress/dispatcher_4026531833_25164_1/link_0",
    "details": {
      "interface": "bpfmanpar9",
      "ifindex": 25164,
      "direction": "ingress",
      "priority": 100,
      "position": 0,
      "proceed_on": [
        3,
        30
      ],
      "netns": "",
      "nsid": 4026531833,
      "dispatcher_id": 259012,
      "revision": 1
    },
    "created_at": "0001-01-01T00:00:00Z",
    "metadata": null
  },
  "status": {
    "kernel": {
      "id": 370641,
      "program_id": 259011,
      "link_type": "tracing",
      "attach_type": "0",
      "ifindex": 0,
      "target_obj_id": 259012,
      "target_btf_id": 3,
      "cgroup_id": 0,
      "netns_ino": 0,
      "netfilter_pf": 0,
      "netfilter_hooknum": 0,
      "netfilter_priority": 0,
      "netfilter_flags": 0,
      "kprobe_multi_count": 0,
      "kprobe_multi_flags": 0,
      "kprobe_multi_missed": 0,
      "kprobe_address": 0,
      "kprobe_missed": 0
    },
    "kernel_seen": true,
    "pin_present": true
  }
}
[exit 0]

$ gobpf link attach tc 259011 bpfmanpar9 ingress --priority 200 -o json
{
  "record": {
    "id": 2123456890,
    "program_id": 259011,
    "kernel_link_id": 370643,
    "kind": "tc",
    "pin_path": "/run/bpfman-parity-go/fs/tc-ingress/dispatcher_4026531833_25164_2/link_1",
    "details": {
      "interface": "bpfmanpar9",
      "ifindex": 25164,
      "direction": "ingress",
      "priority": 200,
      "position": 1,
      "proceed_on": [
        3,
        30
      ],
      "netns": "",
      "nsid": 4026531833,
      "dispatcher_id": 259013,
      "revision": 2
    },
    "created_at": "0001-01-01T00:00:00Z",
    "metadata": null
  },
  "status": {
    "kernel": {
      "id": 370643,
      "program_id": 259011,
      "link_type": "tracing",
      "attach_type": "0",
      "ifindex": 0,
      "target_obj_id": 259013,
      "target_btf_id": 4,
      "cgroup_id": 0,
      "netns_ino": 0,
      "netfilter_pf": 0,
      "netfilter_hooknum": 0,
      "netfilter_priority": 0,
      "netfilter_flags": 0,
      "kprobe_multi_count": 0,
      "kprobe_multi_flags": 0,
      "kprobe_multi_missed": 0,
      "kprobe_address": 0,
      "kprobe_missed": 0
    },
    "kernel_seen": true,
    "pin_present": true
  }
}
[exit 0]

$ gobpf link attach tc 259011 bpfmanpar9 ingress --priority 300 -o json
{
  "record": {
    "id": 2123456891,
    "program_id": 259011,
    "kernel_link_id": 370646,
    "kind": "tc",
    "pin_path": "/run/bpfman-parity-go/fs/tc-ingress/dispatcher_4026531833_25164_3/link_2",
    "details": {
      "interface": "bpfmanpar9",
      "ifindex": 25164,
      "direction": "ingress",
      "priority": 300,
      "position": 2,
      "proceed_on": [
        3,
        30
      ],
      "netns": "",
      "nsid": 4026531833,
      "dispatcher_id": 259014,
      "revision": 3
    },
    "created_at": "0001-01-01T00:00:00Z",
    "metadata": null
  },
  "status": {
    "kernel": {
      "id": 370646,
      "program_id": 259011,
      "link_type": "tracing",
      "attach_type": "0",
      "ifindex": 0,
      "target_obj_id": 259014,
      "target_btf_id": 5,
      "cgroup_id": 0,
      "netns_ino": 0,
      "netfilter_pf": 0,
      "netfilter_hooknum": 0,
      "netfilter_priority": 0,
      "netfilter_flags": 0,
      "kprobe_multi_count": 0,
      "kprobe_multi_flags": 0,
      "kprobe_multi_missed": 0,
      "kprobe_address": 0,
      "kprobe_missed": 0
    },
    "kernel_seen": true,
    "pin_present": true
  }
}
[exit 0]

$ gobpf link attach tc 259011 bpfmanpar9 ingress --priority 400 -o json
{
  "record": {
    "id": 2123456892,
    "program_id": 259011,
    "kernel_link_id": 370650,
    "kind": "tc",
    "pin_path": "/run/bpfman-parity-go/fs/tc-ingress/dispatcher_4026531833_25164_4/link_3",
    "details": {
      "interface": "bpfmanpar9",
      "ifindex": 25164,
      "direction": "ingress",
      "priority": 400,
      "position": 3,
      "proceed_on": [
        3,
        30
      ],
      "netns": "",
      "nsid": 4026531833,
      "dispatcher_id": 259015,
      "revision": 4
    },
    "created_at": "0001-01-01T00:00:00Z",
    "metadata": null
  },
  "status": {
    "kernel": {
      "id": 370650,
      "program_id": 259011,
      "link_type": "tracing",
      "attach_type": "0",
      "ifindex": 0,
      "target_obj_id": 259015,
      "target_btf_id": 6,
      "cgroup_id": 0,
      "netns_ino": 0,
      "netfilter_pf": 0,
      "netfilter_hooknum": 0,
      "netfilter_priority": 0,
      "netfilter_flags": 0,
      "kprobe_multi_count": 0,
      "kprobe_multi_flags": 0,
      "kprobe_multi_missed": 0,
      "kprobe_address": 0,
      "kprobe_missed": 0
    },
    "kernel_seen": true,
    "pin_present": true
  }
}
[exit 0]

$ gobpf link attach tc 259011 bpfmanpar9 ingress --priority 500 -o json
{
  "record": {
    "id": 2123456893,
    "program_id": 259011,
    "kernel_link_id": 370655,
    "kind": "tc",
    "pin_path": "/run/bpfman-parity-go/fs/tc-ingress/dispatcher_4026531833_25164_5/link_4",
    "details": {
      "interface": "bpfmanpar9",
      "ifindex": 25164,
      "direction": "ingress",
      "priority": 500,
      "position": 4,
      "proceed_on": [
        3,
        30
      ],
      "netns": "",
      "nsid": 4026531833,
      "dispatcher_id": 259016,
      "revision": 5
    },
    "created_at": "0001-01-01T00:00:00Z",
    "metadata": null
  },
  "status": {
    "kernel": {
      "id": 370655,
      "program_id": 259011,
      "link_type": "tracing",
      "attach_type": "0",
      "ifindex": 0,
      "target_obj_id": 259016,
      "target_btf_id": 7,
      "cgroup_id": 0,
      "netns_ino": 0,
      "netfilter_pf": 0,
      "netfilter_hooknum": 0,
      "netfilter_priority": 0,
      "netfilter_flags": 0,
      "kprobe_multi_count": 0,
      "kprobe_multi_flags": 0,
      "kprobe_multi_missed": 0,
      "kprobe_address": 0,
      "kprobe_missed": 0
    },
    "kernel_seen": true,
    "pin_present": true
  }
}
[exit 0]

$ gobpf link attach tc 259011 bpfmanpar9 ingress --priority 600 -o json
{
  "record": {
    "id": 2123456894,
    "program_id": 259011,
    "kernel_link_id": 370661,
    "kind": "tc",
    "pin_path": "/run/bpfman-parity-go/fs/tc-ingress/dispatcher_4026531833_25164_6/link_5",
    "details": {
      "interface": "bpfmanpar9",
      "ifindex": 25164,
      "direction": "ingress",
      "priority": 600,
      "position": 5,
      "proceed_on": [
        3,
        30
      ],
      "netns": "",
      "nsid": 4026531833,
      "dispatcher_id": 259017,
      "revision": 6
    },
    "created_at": "0001-01-01T00:00:00Z",
    "metadata": null
  },
  "status": {
    "kernel": {
      "id": 370661,
      "program_id": 259011,
      "link_type": "tracing",
      "attach_type": "0",
      "ifindex": 0,
      "target_obj_id": 259017,
      "target_btf_id": 8,
      "cgroup_id": 0,
      "netns_ino": 0,
      "netfilter_pf": 0,
      "netfilter_hooknum": 0,
      "netfilter_priority": 0,
      "netfilter_flags": 0,
      "kprobe_multi_count": 0,
      "kprobe_multi_flags": 0,
      "kprobe_multi_missed": 0,
      "kprobe_address": 0,
      "kprobe_missed": 0
    },
    "kernel_seen": true,
    "pin_present": true
  }
}
[exit 0]

$ gobpf link attach tc 259011 bpfmanpar9 ingress --priority 700 -o json
{
  "record": {
    "id": 2123456895,
    "program_id": 259011,
    "kernel_link_id": 370668,
    "kind": "tc",
    "pin_path": "/run/bpfman-parity-go/fs/tc-ingress/dispatcher_4026531833_25164_7/link_6",
    "details": {
      "interface": "bpfmanpar9",
      "ifindex": 25164,
      "direction": "ingress",
      "priority": 700,
      "position": 6,
      "proceed_on": [
        3,
        30
      ],
      "netns": "",
      "nsid": 4026531833,
      "dispatcher_id": 259018,
      "revision": 7
    },
    "created_at": "0001-01-01T00:00:00Z",
    "metadata": null
  },
  "status": {
    "kernel": {
      "id": 370668,
      "program_id": 259011,
      "link_type": "tracing",
      "attach_type": "0",
      "ifindex": 0,
      "target_obj_id": 259018,
      "target_btf_id": 9,
      "cgroup_id": 0,
      "netns_ino": 0,
      "netfilter_pf": 0,
      "netfilter_hooknum": 0,
      "netfilter_priority": 0,
      "netfilter_flags": 0,
      "kprobe_multi_count": 0,
      "kprobe_multi_flags": 0,
      "kprobe_multi_missed": 0,
      "kprobe_address": 0,
      "kprobe_missed": 0
    },
    "kernel_seen": true,
    "pin_present": true
  }
}
[exit 0]

$ gobpf link attach tc 259011 bpfmanpar9 ingress --priority 800 -o json
{
  "record": {
    "id": 2123456896,
    "program_id": 259011,
    "kernel_link_id": 370676,
    "kind": "tc",
    "pin_path": "/run/bpfman-parity-go/fs/tc-ingress/dispatcher_4026531833_25164_8/link_7",
    "details": {
      "interface": "bpfmanpar9",
      "ifindex": 25164,
      "direction": "ingress",
      "priority": 800,
      "position": 7,
      "proceed_on": [
        3,
        30
      ],
      "netns": "",
      "nsid": 4026531833,
      "dispatcher_id": 259019,
      "revision": 8
    },
    "created_at": "0001-01-01T00:00:00Z",
    "metadata": null
  },
  "status": {
    "kernel": {
      "id": 370676,
      "program_id": 259011,
      "link_type": "tracing",
      "attach_type": "0",
      "ifindex": 0,
      "target_obj_id": 259019,
      "target_btf_id": 10,
      "cgroup_id": 0,
      "netns_ino": 0,
      "netfilter_pf": 0,
      "netfilter_hooknum": 0,
      "netfilter_priority": 0,
      "netfilter_flags": 0,
      "kprobe_multi_count": 0,
      "kprobe_multi_flags": 0,
      "kprobe_multi_missed": 0,
      "kprobe_address": 0,
      "kprobe_missed": 0
    },
    "kernel_seen": true,
    "pin_present": true
  }
}
[exit 0]

$ gobpf link attach tc 259011 bpfmanpar9 ingress --priority 900 -o json
{
  "record": {
    "id": 2123456897,
    "program_id": 259011,
    "kernel_link_id": 370685,
    "kind": "tc",
    "pin_path": "/run/bpfman-parity-go/fs/tc-ingress/dispatcher_4026531833_25164_9/link_8",
    "details": {
      "interface": "bpfmanpar9",
      "ifindex": 25164,
      "direction": "ingress",
      "priority": 900,
      "position": 8,
      "proceed_on": [
        3,
        30
      ],
      "netns": "",
      "nsid": 4026531833,
      "dispatcher_id": 259020,
      "revision": 9
    },
    "created_at": "0001-01-01T00:00:00Z",
    "metadata": null
  },
  "status": {
    "kernel": {
      "id": 370685,
      "program_id": 259011,
      "link_type": "tracing",
      "attach_type": "0",
      "ifindex": 0,
      "target_obj_id": 259020,
      "target_btf_id": 11,
      "cgroup_id": 0,
      "netns_ino": 0,
      "netfilter_pf": 0,
      "netfilter_hooknum": 0,
      "netfilter_priority": 0,
      "netfilter_flags": 0,
      "kprobe_multi_count": 0,
      "kprobe_multi_flags": 0,
      "kprobe_multi_missed": 0,
      "kprobe_address": 0,
      "kprobe_missed": 0
    },
    "kernel_seen": true,
    "pin_present": true
  }
}
[exit 0]

$ gobpf link attach tc 259011 bpfmanpar9 ingress --priority 1000 -o json
{
  "record": {
    "id": 2123456898,
    "program_id": 259011,
    "kernel_link_id": 370695,
    "kind": "tc",
    "pin_path": "/run/bpfman-parity-go/fs/tc-ingress/dispatcher_4026531833_25164_10/link_9",
    "details": {
      "interface": "bpfmanpar9",
      "ifindex": 25164,
      "direction": "ingress",
      "priority": 1000,
      "position": 9,
      "proceed_on": [
        3,
        30
      ],
      "netns": "",
      "nsid": 4026531833,
      "dispatcher_id": 259021,
      "revision": 10
    },
    "created_at": "0001-01-01T00:00:00Z",
    "metadata": null
  },
  "status": {
    "kernel": {
      "id": 370695,
      "program_id": 259011,
      "link_type": "tracing",
      "attach_type": "0",
      "ifindex": 0,
      "target_obj_id": 259021,
      "target_btf_id": 12,
      "cgroup_id": 0,
      "netns_ino": 0,
      "netfilter_pf": 0,
      "netfilter_hooknum": 0,
      "netfilter_priority": 0,
      "netfilter_flags": 0,
      "kprobe_multi_count": 0,
      "kprobe_multi_flags": 0,
      "kprobe_multi_missed": 0,
      "kprobe_address": 0,
      "kprobe_missed": 0
    },
    "kernel_seen": true,
    "pin_present": true
  }
}
[exit 0]

$ gobpf link detach 2123456892

[exit 0]

$ gobpf link attach tc 259011 bpfmanpar9 ingress --priority 350 -o json
{
  "record": {
    "id": 2123456899,
    "program_id": 259011,
    "kernel_link_id": 370708,
    "kind": "tc",
    "pin_path": "/run/bpfman-parity-go/fs/tc-ingress/dispatcher_4026531833_25164_12/link_3",
    "details": {
      "interface": "bpfmanpar9",
      "ifindex": 25164,
      "direction": "ingress",
      "priority": 350,
      "position": 3,
      "proceed_on": [
        3,
        30
      ],
      "netns": "",
      "nsid": 4026531833,
      "dispatcher_id": 259023,
      "revision": 12
    },
    "created_at": "0001-01-01T00:00:00Z",
    "metadata": null
  },
  "status": {
    "kernel": {
      "id": 370708,
      "program_id": 259011,
      "link_type": "tracing",
      "attach_type": "0",
      "ifindex": 0,
      "target_obj_id": 259023,
      "target_btf_id": 6,
      "cgroup_id": 0,
      "netns_ino": 0,
      "netfilter_pf": 0,
      "netfilter_hooknum": 0,
      "netfilter_priority": 0,
      "netfilter_flags": 0,
      "kprobe_multi_count": 0,
      "kprobe_multi_flags": 0,
      "kprobe_multi_missed": 0,
      "kprobe_address": 0,
      "kprobe_missed": 0
    },
    "kernel_seen": true,
    "pin_present": true
  }
}
[exit 0]

$ gobpf link get 2123456899 -o json
{
  "record": {
    "id": 2123456899,
    "program_id": 259011,
    "kernel_link_id": 370708,
    "kind": "tc",
    "pin_path": "/run/bpfman-parity-go/fs/tc-ingress/dispatcher_4026531833_25164_12/link_3",
    "details": {
      "interface": "bpfmanpar9",
      "ifindex": 25164,
      "direction": "ingress",
      "priority": 350,
      "position": 3,
      "proceed_on": [
        3,
        30
      ],
      "netns": "",
      "nsid": 4026531833,
      "dispatcher_id": 259023,
      "revision": 12
    },
    "created_at": "2026-06-26T15:35:43Z",
    "metadata": null
  },
  "status": {
    "kernel": {
      "id": 370708,
      "program_id": 259011,
      "link_type": "tracing",
      "attach_type": "0",
      "ifindex": 0,
      "target_obj_id": 259023,
      "target_btf_id": 6,
      "cgroup_id": 0,
      "netns_ino": 0,
      "netfilter_pf": 0,
      "netfilter_hooknum": 0,
      "netfilter_priority": 0,
      "netfilter_flags": 0,
      "kprobe_multi_count": 0,
      "kprobe_multi_flags": 0,
      "kprobe_multi_missed": 0,
      "kprobe_address": 0,
      "kprobe_missed": 0
    },
    "kernel_seen": true,
    "pin_present": true
  }
}
[exit 0]

$ gobpf link detach 2123456889

[exit 0]

$ gobpf link detach 2123456890

[exit 0]

$ gobpf link detach 2123456891

[exit 0]

$ gobpf link detach 2123456893

[exit 0]

$ gobpf link detach 2123456894

[exit 0]

$ gobpf link detach 2123456895

[exit 0]

$ gobpf link detach 2123456896

[exit 0]

$ gobpf link detach 2123456897

[exit 0]

$ gobpf link detach 2123456898

[exit 0]

$ gobpf link detach 2123456899

[exit 0]

$ gobpf program unload 259011

[exit 0]

