$ gobpf program load file e2e/testdata/bpf/xdp_pass.bpf.o --programs xdp:pass -o json
{
  "programs": [
    {
      "record": {
        "program_id": 258782,
        "load": {
          "object_path": "/run/bpfman-parity-go/programs/258782/bytecode.o",
          "program_name": "pass",
          "program_type": "xdp",
          "global_data": {},
          "image_source": null,
          "attach_func": null,
          "map_owner_id": null
        },
        "license": "Dual BSD/GPL",
        "gpl_compatible": true,
        "handles": {
          "pin_path": "/run/bpfman-parity-go/fs/prog_258782",
          "map_pin_path": "/run/bpfman-parity-go/fs/maps/258782",
          "map_owner_id": null
        },
        "meta": {
          "name": "pass",
          "owner": "",
          "description": "",
          "metadata": {}
        },
        "created_at": "2026-06-26T15:35:38Z",
        "updated_at": null
      },
      "status": {
        "kernel": {
          "id": 258782,
          "name": "pass",
          "program_type": "extension",
          "tag": "671e1cfa7d68206f",
          "loaded_at": "2026-06-26T15:35:37Z",
          "uid": 0,
          "has_uid": true,
          "btf_id": 772259,
          "has_btf_id": true,
          "map_ids": [
            415861
          ],
          "has_map_ids": true,
          "jited_size": 117,
          "xlated_size": 168,
          "verified_insns": 12,
          "memlock": 4096,
          "has_memlock": true,
          "restricted": false
        },
        "stats": null,
        "prog_pin": "/run/bpfman-parity-go/fs/prog_258782",
        "map_dir": "/run/bpfman-parity-go/fs/maps/258782",
        "bytecode": "/run/bpfman-parity-go/programs/258782/bytecode.o",
        "links": [],
        "maps": [
          {
            "id": 415861,
            "name": "xdp_pass_stats_",
            "map_type": "percpuarray",
            "key_size": 4,
            "value_size": 8,
            "max_entries": 1,
            "flags": 0,
            "btf_id": 772257,
            "has_btf_id": true,
            "map_extra": 0,
            "has_map_extra": false,
            "memlock": 440,
            "has_memlock": true,
            "frozen": false,
            "pin_path": "",
            "present": false
          }
        ],
        "map_used_by": [
          258782
        ]
      }
    }
  ]
}
[exit 0]

$ gobpf link attach xdp 258782 bpfmanpar9 --priority 100 -o json
{
  "record": {
    "id": 2123456878,
    "program_id": 258782,
    "kernel_link_id": 370401,
    "kind": "xdp",
    "pin_path": "/run/bpfman-parity-go/fs/xdp/dispatcher_4026531833_25160_1/link_0",
    "details": {
      "interface": "bpfmanpar9",
      "ifindex": 25160,
      "priority": 100,
      "position": 0,
      "proceed_on": [
        2,
        31
      ],
      "netns": "",
      "nsid": 4026531833,
      "dispatcher_id": 258783,
      "revision": 1
    },
    "created_at": "0001-01-01T00:00:00Z",
    "metadata": null
  },
  "status": {
    "kernel": {
      "id": 370401,
      "program_id": 258782,
      "link_type": "tracing",
      "attach_type": "0",
      "ifindex": 0,
      "target_obj_id": 258783,
      "target_btf_id": 3,
      "cgroup_id": 0,
      "netns_ino": 0,
      "netfilter_pf": 0,
      "netfilter_hooknum": 0,
      "netfilter_priority": 0,
      "netfilter_flags": 0,
      "kprobe_multi_count": 0,
      "kprobe_multi_flags": 0,
      "kprobe_multi_missed": 0,
      "kprobe_address": 0,
      "kprobe_missed": 0
    },
    "kernel_seen": true,
    "pin_present": true
  }
}
[exit 0]

$ gobpf link attach xdp 258782 bpfmanpar9 --priority 200 -o json
{
  "record": {
    "id": 2123456879,
    "program_id": 258782,
    "kernel_link_id": 370404,
    "kind": "xdp",
    "pin_path": "/run/bpfman-parity-go/fs/xdp/dispatcher_4026531833_25160_2/link_1",
    "details": {
      "interface": "bpfmanpar9",
      "ifindex": 25160,
      "priority": 200,
      "position": 1,
      "proceed_on": [
        2,
        31
      ],
      "netns": "",
      "nsid": 4026531833,
      "dispatcher_id": 258784,
      "revision": 2
    },
    "created_at": "0001-01-01T00:00:00Z",
    "metadata": null
  },
  "status": {
    "kernel": {
      "id": 370404,
      "program_id": 258782,
      "link_type": "tracing",
      "attach_type": "0",
      "ifindex": 0,
      "target_obj_id": 258784,
      "target_btf_id": 4,
      "cgroup_id": 0,
      "netns_ino": 0,
      "netfilter_pf": 0,
      "netfilter_hooknum": 0,
      "netfilter_priority": 0,
      "netfilter_flags": 0,
      "kprobe_multi_count": 0,
      "kprobe_multi_flags": 0,
      "kprobe_multi_missed": 0,
      "kprobe_address": 0,
      "kprobe_missed": 0
    },
    "kernel_seen": true,
    "pin_present": true
  }
}
[exit 0]

$ gobpf link attach xdp 258782 bpfmanpar9 --priority 300 -o json
{
  "record": {
    "id": 2123456880,
    "program_id": 258782,
    "kernel_link_id": 370407,
    "kind": "xdp",
    "pin_path": "/run/bpfman-parity-go/fs/xdp/dispatcher_4026531833_25160_3/link_2",
    "details": {
      "interface": "bpfmanpar9",
      "ifindex": 25160,
      "priority": 300,
      "position": 2,
      "proceed_on": [
        2,
        31
      ],
      "netns": "",
      "nsid": 4026531833,
      "dispatcher_id": 258785,
      "revision": 3
    },
    "created_at": "0001-01-01T00:00:00Z",
    "metadata": null
  },
  "status": {
    "kernel": {
      "id": 370407,
      "program_id": 258782,
      "link_type": "tracing",
      "attach_type": "0",
      "ifindex": 0,
      "target_obj_id": 258785,
      "target_btf_id": 5,
      "cgroup_id": 0,
      "netns_ino": 0,
      "netfilter_pf": 0,
      "netfilter_hooknum": 0,
      "netfilter_priority": 0,
      "netfilter_flags": 0,
      "kprobe_multi_count": 0,
      "kprobe_multi_flags": 0,
      "kprobe_multi_missed": 0,
      "kprobe_address": 0,
      "kprobe_missed": 0
    },
    "kernel_seen": true,
    "pin_present": true
  }
}
[exit 0]

$ gobpf link attach xdp 258782 bpfmanpar9 --priority 400 -o json
{
  "record": {
    "id": 2123456881,
    "program_id": 258782,
    "kernel_link_id": 370411,
    "kind": "xdp",
    "pin_path": "/run/bpfman-parity-go/fs/xdp/dispatcher_4026531833_25160_4/link_3",
    "details": {
      "interface": "bpfmanpar9",
      "ifindex": 25160,
      "priority": 400,
      "position": 3,
      "proceed_on": [
        2,
        31
      ],
      "netns": "",
      "nsid": 4026531833,
      "dispatcher_id": 258786,
      "revision": 4
    },
    "created_at": "0001-01-01T00:00:00Z",
    "metadata": null
  },
  "status": {
    "kernel": {
      "id": 370411,
      "program_id": 258782,
      "link_type": "tracing",
      "attach_type": "0",
      "ifindex": 0,
      "target_obj_id": 258786,
      "target_btf_id": 6,
      "cgroup_id": 0,
      "netns_ino": 0,
      "netfilter_pf": 0,
      "netfilter_hooknum": 0,
      "netfilter_priority": 0,
      "netfilter_flags": 0,
      "kprobe_multi_count": 0,
      "kprobe_multi_flags": 0,
      "kprobe_multi_missed": 0,
      "kprobe_address": 0,
      "kprobe_missed": 0
    },
    "kernel_seen": true,
    "pin_present": true
  }
}
[exit 0]

$ gobpf link attach xdp 258782 bpfmanpar9 --priority 500 -o json
{
  "record": {
    "id": 2123456882,
    "program_id": 258782,
    "kernel_link_id": 370416,
    "kind": "xdp",
    "pin_path": "/run/bpfman-parity-go/fs/xdp/dispatcher_4026531833_25160_5/link_4",
    "details": {
      "interface": "bpfmanpar9",
      "ifindex": 25160,
      "priority": 500,
      "position": 4,
      "proceed_on": [
        2,
        31
      ],
      "netns": "",
      "nsid": 4026531833,
      "dispatcher_id": 258787,
      "revision": 5
    },
    "created_at": "0001-01-01T00:00:00Z",
    "metadata": null
  },
  "status": {
    "kernel": {
      "id": 370416,
      "program_id": 258782,
      "link_type": "tracing",
      "attach_type": "0",
      "ifindex": 0,
      "target_obj_id": 258787,
      "target_btf_id": 7,
      "cgroup_id": 0,
      "netns_ino": 0,
      "netfilter_pf": 0,
      "netfilter_hooknum": 0,
      "netfilter_priority": 0,
      "netfilter_flags": 0,
      "kprobe_multi_count": 0,
      "kprobe_multi_flags": 0,
      "kprobe_multi_missed": 0,
      "kprobe_address": 0,
      "kprobe_missed": 0
    },
    "kernel_seen": true,
    "pin_present": true
  }
}
[exit 0]

$ gobpf link attach xdp 258782 bpfmanpar9 --priority 600 -o json
{
  "record": {
    "id": 2123456883,
    "program_id": 258782,
    "kernel_link_id": 370422,
    "kind": "xdp",
    "pin_path": "/run/bpfman-parity-go/fs/xdp/dispatcher_4026531833_25160_6/link_5",
    "details": {
      "interface": "bpfmanpar9",
      "ifindex": 25160,
      "priority": 600,
      "position": 5,
      "proceed_on": [
        2,
        31
      ],
      "netns": "",
      "nsid": 4026531833,
      "dispatcher_id": 258788,
      "revision": 6
    },
    "created_at": "0001-01-01T00:00:00Z",
    "metadata": null
  },
  "status": {
    "kernel": {
      "id": 370422,
      "program_id": 258782,
      "link_type": "tracing",
      "attach_type": "0",
      "ifindex": 0,
      "target_obj_id": 258788,
      "target_btf_id": 8,
      "cgroup_id": 0,
      "netns_ino": 0,
      "netfilter_pf": 0,
      "netfilter_hooknum": 0,
      "netfilter_priority": 0,
      "netfilter_flags": 0,
      "kprobe_multi_count": 0,
      "kprobe_multi_flags": 0,
      "kprobe_multi_missed": 0,
      "kprobe_address": 0,
      "kprobe_missed": 0
    },
    "kernel_seen": true,
    "pin_present": true
  }
}
[exit 0]

$ gobpf link attach xdp 258782 bpfmanpar9 --priority 700 -o json
{
  "record": {
    "id": 2123456884,
    "program_id": 258782,
    "kernel_link_id": 370429,
    "kind": "xdp",
    "pin_path": "/run/bpfman-parity-go/fs/xdp/dispatcher_4026531833_25160_7/link_6",
    "details": {
      "interface": "bpfmanpar9",
      "ifindex": 25160,
      "priority": 700,
      "position": 6,
      "proceed_on": [
        2,
        31
      ],
      "netns": "",
      "nsid": 4026531833,
      "dispatcher_id": 258789,
      "revision": 7
    },
    "created_at": "0001-01-01T00:00:00Z",
    "metadata": null
  },
  "status": {
    "kernel": {
      "id": 370429,
      "program_id": 258782,
      "link_type": "tracing",
      "attach_type": "0",
      "ifindex": 0,
      "target_obj_id": 258789,
      "target_btf_id": 9,
      "cgroup_id": 0,
      "netns_ino": 0,
      "netfilter_pf": 0,
      "netfilter_hooknum": 0,
      "netfilter_priority": 0,
      "netfilter_flags": 0,
      "kprobe_multi_count": 0,
      "kprobe_multi_flags": 0,
      "kprobe_multi_missed": 0,
      "kprobe_address": 0,
      "kprobe_missed": 0
    },
    "kernel_seen": true,
    "pin_present": true
  }
}
[exit 0]

$ gobpf link attach xdp 258782 bpfmanpar9 --priority 800 -o json
{
  "record": {
    "id": 2123456885,
    "program_id": 258782,
    "kernel_link_id": 370437,
    "kind": "xdp",
    "pin_path": "/run/bpfman-parity-go/fs/xdp/dispatcher_4026531833_25160_8/link_7",
    "details": {
      "interface": "bpfmanpar9",
      "ifindex": 25160,
      "priority": 800,
      "position": 7,
      "proceed_on": [
        2,
        31
      ],
      "netns": "",
      "nsid": 4026531833,
      "dispatcher_id": 258790,
      "revision": 8
    },
    "created_at": "0001-01-01T00:00:00Z",
    "metadata": null
  },
  "status": {
    "kernel": {
      "id": 370437,
      "program_id": 258782,
      "link_type": "tracing",
      "attach_type": "0",
      "ifindex": 0,
      "target_obj_id": 258790,
      "target_btf_id": 10,
      "cgroup_id": 0,
      "netns_ino": 0,
      "netfilter_pf": 0,
      "netfilter_hooknum": 0,
      "netfilter_priority": 0,
      "netfilter_flags": 0,
      "kprobe_multi_count": 0,
      "kprobe_multi_flags": 0,
      "kprobe_multi_missed": 0,
      "kprobe_address": 0,
      "kprobe_missed": 0
    },
    "kernel_seen": true,
    "pin_present": true
  }
}
[exit 0]

$ gobpf link attach xdp 258782 bpfmanpar9 --priority 900 -o json
{
  "record": {
    "id": 2123456886,
    "program_id": 258782,
    "kernel_link_id": 370446,
    "kind": "xdp",
    "pin_path": "/run/bpfman-parity-go/fs/xdp/dispatcher_4026531833_25160_9/link_8",
    "details": {
      "interface": "bpfmanpar9",
      "ifindex": 25160,
      "priority": 900,
      "position": 8,
      "proceed_on": [
        2,
        31
      ],
      "netns": "",
      "nsid": 4026531833,
      "dispatcher_id": 258791,
      "revision": 9
    },
    "created_at": "0001-01-01T00:00:00Z",
    "metadata": null
  },
  "status": {
    "kernel": {
      "id": 370446,
      "program_id": 258782,
      "link_type": "tracing",
      "attach_type": "0",
      "ifindex": 0,
      "target_obj_id": 258791,
      "target_btf_id": 11,
      "cgroup_id": 0,
      "netns_ino": 0,
      "netfilter_pf": 0,
      "netfilter_hooknum": 0,
      "netfilter_priority": 0,
      "netfilter_flags": 0,
      "kprobe_multi_count": 0,
      "kprobe_multi_flags": 0,
      "kprobe_multi_missed": 0,
      "kprobe_address": 0,
      "kprobe_missed": 0
    },
    "kernel_seen": true,
    "pin_present": true
  }
}
[exit 0]

$ gobpf link attach xdp 258782 bpfmanpar9 --priority 1000 -o json
{
  "record": {
    "id": 2123456887,
    "program_id": 258782,
    "kernel_link_id": 370456,
    "kind": "xdp",
    "pin_path": "/run/bpfman-parity-go/fs/xdp/dispatcher_4026531833_25160_10/link_9",
    "details": {
      "interface": "bpfmanpar9",
      "ifindex": 25160,
      "priority": 1000,
      "position": 9,
      "proceed_on": [
        2,
        31
      ],
      "netns": "",
      "nsid": 4026531833,
      "dispatcher_id": 258792,
      "revision": 10
    },
    "created_at": "0001-01-01T00:00:00Z",
    "metadata": null
  },
  "status": {
    "kernel": {
      "id": 370456,
      "program_id": 258782,
      "link_type": "tracing",
      "attach_type": "0",
      "ifindex": 0,
      "target_obj_id": 258792,
      "target_btf_id": 12,
      "cgroup_id": 0,
      "netns_ino": 0,
      "netfilter_pf": 0,
      "netfilter_hooknum": 0,
      "netfilter_priority": 0,
      "netfilter_flags": 0,
      "kprobe_multi_count": 0,
      "kprobe_multi_flags": 0,
      "kprobe_multi_missed": 0,
      "kprobe_address": 0,
      "kprobe_missed": 0
    },
    "kernel_seen": true,
    "pin_present": true
  }
}
[exit 0]

$ gobpf link detach 2123456881

[exit 0]

$ gobpf link attach xdp 258782 bpfmanpar9 --priority 350 -o json
{
  "record": {
    "id": 2123456888,
    "program_id": 258782,
    "kernel_link_id": 370469,
    "kind": "xdp",
    "pin_path": "/run/bpfman-parity-go/fs/xdp/dispatcher_4026531833_25160_12/link_3",
    "details": {
      "interface": "bpfmanpar9",
      "ifindex": 25160,
      "priority": 350,
      "position": 3,
      "proceed_on": [
        2,
        31
      ],
      "netns": "",
      "nsid": 4026531833,
      "dispatcher_id": 258794,
      "revision": 12
    },
    "created_at": "0001-01-01T00:00:00Z",
    "metadata": null
  },
  "status": {
    "kernel": {
      "id": 370469,
      "program_id": 258782,
      "link_type": "tracing",
      "attach_type": "0",
      "ifindex": 0,
      "target_obj_id": 258794,
      "target_btf_id": 6,
      "cgroup_id": 0,
      "netns_ino": 0,
      "netfilter_pf": 0,
      "netfilter_hooknum": 0,
      "netfilter_priority": 0,
      "netfilter_flags": 0,
      "kprobe_multi_count": 0,
      "kprobe_multi_flags": 0,
      "kprobe_multi_missed": 0,
      "kprobe_address": 0,
      "kprobe_missed": 0
    },
    "kernel_seen": true,
    "pin_present": true
  }
}
[exit 0]

$ gobpf link get 2123456888 -o json
{
  "record": {
    "id": 2123456888,
    "program_id": 258782,
    "kernel_link_id": 370469,
    "kind": "xdp",
    "pin_path": "/run/bpfman-parity-go/fs/xdp/dispatcher_4026531833_25160_12/link_3",
    "details": {
      "interface": "bpfmanpar9",
      "ifindex": 25160,
      "priority": 350,
      "position": 3,
      "proceed_on": [
        2,
        31
      ],
      "netns": "",
      "nsid": 4026531833,
      "dispatcher_id": 258794,
      "revision": 12
    },
    "created_at": "2026-06-26T15:35:39Z",
    "metadata": null
  },
  "status": {
    "kernel": {
      "id": 370469,
      "program_id": 258782,
      "link_type": "tracing",
      "attach_type": "0",
      "ifindex": 0,
      "target_obj_id": 258794,
      "target_btf_id": 6,
      "cgroup_id": 0,
      "netns_ino": 0,
      "netfilter_pf": 0,
      "netfilter_hooknum": 0,
      "netfilter_priority": 0,
      "netfilter_flags": 0,
      "kprobe_multi_count": 0,
      "kprobe_multi_flags": 0,
      "kprobe_multi_missed": 0,
      "kprobe_address": 0,
      "kprobe_missed": 0
    },
    "kernel_seen": true,
    "pin_present": true
  }
}
[exit 0]

$ gobpf link detach 2123456878

[exit 0]

$ gobpf link detach 2123456879

[exit 0]

$ gobpf link detach 2123456880

[exit 0]

$ gobpf link detach 2123456882

[exit 0]

$ gobpf link detach 2123456883

[exit 0]

$ gobpf link detach 2123456884

[exit 0]

$ gobpf link detach 2123456885

[exit 0]

$ gobpf link detach 2123456886

[exit 0]

$ gobpf link detach 2123456887

[exit 0]

$ gobpf link detach 2123456888

[exit 0]

$ gobpf program unload 258782

[exit 0]

