$ rsbpf load file --path e2e/testdata/bpf/xdp_pass.bpf.o --programs xdp:pass
 Bpfman State                                   
 BPF Function:  pass                            
 Program Type:  xdp                             
 Path:          e2e/testdata/bpf/xdp_pass.bpf.o 
 Global:        None                            
 Metadata:      None                            
 Map Pin Path:  /run/bpfman/fs/maps/258811      
 Map Owner ID:  None                            
 Maps Used By:  258811                          
 Links:         None                            

 Kernel State                                               
 Program ID:                       258811                   
 BPF Function:                     pass                     
 Kernel Type:                      xdp                      
 Loaded At:                        2026-06-26T16:35:39+0100 
 Tag:                              671e1cfa7d68206f         
 GPL Compatible:                   true                     
 Map IDs:                          [415950]                 
 BTF ID:                           772436                   
 Size Translated (bytes):          168                      
 JITted:                           true                     
 Size JITted:                      117                      
 Kernel Allocated Memory (bytes):  4096                     
 Verified Instruction Count:       12                       
[exit 0]

$ rsbpf attach 258811 xdp --iface bpfmanpar9 --priority 100
 Bpfman State                                
 BPF Function:       pass                    
 Program Type:       xdp                     
 Program ID:         258811                  
 Link ID:            1107360288              
 Interface:          bpfmanpar9              
 Priority:           100                     
 Position:           0                       
 Proceed On:         pass, dispatcher_return 
 Network Namespace:  None                    
 Metadata:           None                    
[exit 0]

$ rsbpf attach 258811 xdp --iface bpfmanpar9 --priority 200
 Bpfman State                                
 BPF Function:       pass                    
 Program Type:       xdp                     
 Program ID:         258811                  
 Link ID:            2244969869              
 Interface:          bpfmanpar9              
 Priority:           200                     
 Position:           1                       
 Proceed On:         pass, dispatcher_return 
 Network Namespace:  None                    
 Metadata:           None                    
[exit 0]

$ rsbpf attach 258811 xdp --iface bpfmanpar9 --priority 300
 Bpfman State                                
 BPF Function:       pass                    
 Program Type:       xdp                     
 Program ID:         258811                  
 Link ID:            3147809508              
 Interface:          bpfmanpar9              
 Priority:           300                     
 Position:           2                       
 Proceed On:         pass, dispatcher_return 
 Network Namespace:  None                    
 Metadata:           None                    
[exit 0]

$ rsbpf attach 258811 xdp --iface bpfmanpar9 --priority 400
 Bpfman State                                
 BPF Function:       pass                    
 Program Type:       xdp                     
 Program ID:         258811                  
 Link ID:            1760175396              
 Interface:          bpfmanpar9              
 Priority:           400                     
 Position:           3                       
 Proceed On:         pass, dispatcher_return 
 Network Namespace:  None                    
 Metadata:           None                    
[exit 0]

$ rsbpf attach 258811 xdp --iface bpfmanpar9 --priority 500
 Bpfman State                                
 BPF Function:       pass                    
 Program Type:       xdp                     
 Program ID:         258811                  
 Link ID:            1456465513              
 Interface:          bpfmanpar9              
 Priority:           500                     
 Position:           4                       
 Proceed On:         pass, dispatcher_return 
 Network Namespace:  None                    
 Metadata:           None                    
[exit 0]

$ rsbpf attach 258811 xdp --iface bpfmanpar9 --priority 600
 Bpfman State                                
 BPF Function:       pass                    
 Program Type:       xdp                     
 Program ID:         258811                  
 Link ID:            4263767714              
 Interface:          bpfmanpar9              
 Priority:           600                     
 Position:           5                       
 Proceed On:         pass, dispatcher_return 
 Network Namespace:  None                    
 Metadata:           None                    
[exit 0]

$ rsbpf attach 258811 xdp --iface bpfmanpar9 --priority 700
 Bpfman State                                
 BPF Function:       pass                    
 Program Type:       xdp                     
 Program ID:         258811                  
 Link ID:            2338319795              
 Interface:          bpfmanpar9              
 Priority:           700                     
 Position:           6                       
 Proceed On:         pass, dispatcher_return 
 Network Namespace:  None                    
 Metadata:           None                    
[exit 0]

$ rsbpf attach 258811 xdp --iface bpfmanpar9 --priority 800
 Bpfman State                                
 BPF Function:       pass                    
 Program Type:       xdp                     
 Program ID:         258811                  
 Link ID:            597844273               
 Interface:          bpfmanpar9              
 Priority:           800                     
 Position:           7                       
 Proceed On:         pass, dispatcher_return 
 Network Namespace:  None                    
 Metadata:           None                    
[exit 0]

$ rsbpf attach 258811 xdp --iface bpfmanpar9 --priority 900
 Bpfman State                                
 BPF Function:       pass                    
 Program Type:       xdp                     
 Program ID:         258811                  
 Link ID:            2706364062              
 Interface:          bpfmanpar9              
 Priority:           900                     
 Position:           8                       
 Proceed On:         pass, dispatcher_return 
 Network Namespace:  None                    
 Metadata:           None                    
[exit 0]

$ rsbpf attach 258811 xdp --iface bpfmanpar9 --priority 1000
 Bpfman State                                
 BPF Function:       pass                    
 Program Type:       xdp                     
 Program ID:         258811                  
 Link ID:            801796990               
 Interface:          bpfmanpar9              
 Priority:           1000                    
 Position:           9                       
 Proceed On:         pass, dispatcher_return 
 Network Namespace:  None                    
 Metadata:           None                    
[exit 0]

$ rsbpf detach 1760175396

[exit 0]

$ rsbpf attach 258811 xdp --iface bpfmanpar9 --priority 350
 Bpfman State                                
 BPF Function:       pass                    
 Program Type:       xdp                     
 Program ID:         258811                  
 Link ID:            3189858069              
 Interface:          bpfmanpar9              
 Priority:           350                     
 Position:           3                       
 Proceed On:         pass, dispatcher_return 
 Network Namespace:  None                    
 Metadata:           None                    
[exit 0]

$ rsbpf get link 3189858069
 Bpfman State                                
 BPF Function:       pass                    
 Program Type:       xdp                     
 Program ID:         258811                  
 Link ID:            3189858069              
 Interface:          bpfmanpar9              
 Priority:           350                     
 Position:           3                       
 Proceed On:         pass, dispatcher_return 
 Network Namespace:  None                    
 Metadata:           None                    
[exit 0]

$ rsbpf detach 1107360288

[exit 0]

$ rsbpf detach 1456465513

[exit 0]

$ rsbpf detach 2244969869

[exit 0]

$ rsbpf detach 2338319795

[exit 0]

$ rsbpf detach 2706364062

[exit 0]

$ rsbpf detach 3147809508

[exit 0]

$ rsbpf detach 3189858069

[exit 0]

$ rsbpf detach 4263767714

[exit 0]

$ rsbpf detach 597844273

[exit 0]

$ rsbpf detach 801796990

[exit 0]

$ rsbpf unload 258811

[exit 0]

