$ gobpf program load file e2e/testdata/bpf/xdp_pass.bpf.o --programs xdp:pass -o json
{
  "programs": [
    {
      "record": {
        "program_id": 259240,
        "load": {
          "object_path": "/run/bpfman-parity-go/programs/259240/bytecode.o",
          "program_name": "pass",
          "program_type": "xdp",
          "global_data": {},
          "image_source": null,
          "attach_func": null,
          "map_owner_id": null
        },
        "license": "Dual BSD/GPL",
        "gpl_compatible": true,
        "handles": {
          "pin_path": "/run/bpfman-parity-go/fs/prog_259240",
          "map_pin_path": "/run/bpfman-parity-go/fs/maps/259240",
          "map_owner_id": null
        },
        "meta": {
          "name": "pass",
          "owner": "",
          "description": "",
          "metadata": {}
        },
        "created_at": "2026-06-26T15:35:46Z",
        "updated_at": null
      },
      "status": {
        "kernel": {
          "id": 259240,
          "name": "pass",
          "program_type": "extension",
          "tag": "671e1cfa7d68206f",
          "loaded_at": "2026-06-26T15:35:45Z",
          "uid": 0,
          "has_uid": true,
          "btf_id": 773077,
          "has_btf_id": true,
          "map_ids": [
            416243
          ],
          "has_map_ids": true,
          "jited_size": 117,
          "xlated_size": 168,
          "verified_insns": 12,
          "memlock": 4096,
          "has_memlock": true,
          "restricted": false
        },
        "stats": null,
        "prog_pin": "/run/bpfman-parity-go/fs/prog_259240",
        "map_dir": "/run/bpfman-parity-go/fs/maps/259240",
        "bytecode": "/run/bpfman-parity-go/programs/259240/bytecode.o",
        "links": [],
        "maps": [
          {
            "id": 416243,
            "name": "xdp_pass_stats_",
            "map_type": "percpuarray",
            "key_size": 4,
            "value_size": 8,
            "max_entries": 1,
            "flags": 0,
            "btf_id": 773075,
            "has_btf_id": true,
            "map_extra": 0,
            "has_map_extra": false,
            "memlock": 440,
            "has_memlock": true,
            "frozen": false,
            "pin_path": "",
            "present": false
          }
        ],
        "map_used_by": [
          259240
        ]
      }
    }
  ]
}
[exit 0]

$ gobpf link attach xdp 259240 bpfmanpar9 --priority 100 -o json
{
  "record": {
    "id": 2123456900,
    "program_id": 259240,
    "kernel_link_id": 370879,
    "kind": "xdp",
    "pin_path": "/run/bpfman-parity-go/fs/xdp/dispatcher_4026531833_25168_1/link_0",
    "details": {
      "interface": "bpfmanpar9",
      "ifindex": 25168,
      "priority": 100,
      "position": 0,
      "proceed_on": [
        2,
        31
      ],
      "netns": "",
      "nsid": 4026531833,
      "dispatcher_id": 259241,
      "revision": 1
    },
    "created_at": "0001-01-01T00:00:00Z",
    "metadata": null
  },
  "status": {
    "kernel": {
      "id": 370879,
      "program_id": 259240,
      "link_type": "tracing",
      "attach_type": "0",
      "ifindex": 0,
      "target_obj_id": 259241,
      "target_btf_id": 3,
      "cgroup_id": 0,
      "netns_ino": 0,
      "netfilter_pf": 0,
      "netfilter_hooknum": 0,
      "netfilter_priority": 0,
      "netfilter_flags": 0,
      "kprobe_multi_count": 0,
      "kprobe_multi_flags": 0,
      "kprobe_multi_missed": 0,
      "kprobe_address": 0,
      "kprobe_missed": 0
    },
    "kernel_seen": true,
    "pin_present": true
  }
}
[exit 0]

$ gobpf link attach xdp 259240 bpfmanpar9 --priority 200 -o json
{
  "record": {
    "id": 2123456901,
    "program_id": 259240,
    "kernel_link_id": 370882,
    "kind": "xdp",
    "pin_path": "/run/bpfman-parity-go/fs/xdp/dispatcher_4026531833_25168_2/link_1",
    "details": {
      "interface": "bpfmanpar9",
      "ifindex": 25168,
      "priority": 200,
      "position": 1,
      "proceed_on": [
        2,
        31
      ],
      "netns": "",
      "nsid": 4026531833,
      "dispatcher_id": 259242,
      "revision": 2
    },
    "created_at": "0001-01-01T00:00:00Z",
    "metadata": null
  },
  "status": {
    "kernel": {
      "id": 370882,
      "program_id": 259240,
      "link_type": "tracing",
      "attach_type": "0",
      "ifindex": 0,
      "target_obj_id": 259242,
      "target_btf_id": 4,
      "cgroup_id": 0,
      "netns_ino": 0,
      "netfilter_pf": 0,
      "netfilter_hooknum": 0,
      "netfilter_priority": 0,
      "netfilter_flags": 0,
      "kprobe_multi_count": 0,
      "kprobe_multi_flags": 0,
      "kprobe_multi_missed": 0,
      "kprobe_address": 0,
      "kprobe_missed": 0
    },
    "kernel_seen": true,
    "pin_present": true
  }
}
[exit 0]

$ gobpf link attach xdp 259240 bpfmanpar9 --priority 300 -o json
{
  "record": {
    "id": 2123456902,
    "program_id": 259240,
    "kernel_link_id": 370885,
    "kind": "xdp",
    "pin_path": "/run/bpfman-parity-go/fs/xdp/dispatcher_4026531833_25168_3/link_2",
    "details": {
      "interface": "bpfmanpar9",
      "ifindex": 25168,
      "priority": 300,
      "position": 2,
      "proceed_on": [
        2,
        31
      ],
      "netns": "",
      "nsid": 4026531833,
      "dispatcher_id": 259243,
      "revision": 3
    },
    "created_at": "0001-01-01T00:00:00Z",
    "metadata": null
  },
  "status": {
    "kernel": {
      "id": 370885,
      "program_id": 259240,
      "link_type": "tracing",
      "attach_type": "0",
      "ifindex": 0,
      "target_obj_id": 259243,
      "target_btf_id": 5,
      "cgroup_id": 0,
      "netns_ino": 0,
      "netfilter_pf": 0,
      "netfilter_hooknum": 0,
      "netfilter_priority": 0,
      "netfilter_flags": 0,
      "kprobe_multi_count": 0,
      "kprobe_multi_flags": 0,
      "kprobe_multi_missed": 0,
      "kprobe_address": 0,
      "kprobe_missed": 0
    },
    "kernel_seen": true,
    "pin_present": true
  }
}
[exit 0]

$ gobpf link attach xdp 259240 bpfmanpar9 --priority 400 -o json
{
  "record": {
    "id": 2123456903,
    "program_id": 259240,
    "kernel_link_id": 370889,
    "kind": "xdp",
    "pin_path": "/run/bpfman-parity-go/fs/xdp/dispatcher_4026531833_25168_4/link_3",
    "details": {
      "interface": "bpfmanpar9",
      "ifindex": 25168,
      "priority": 400,
      "position": 3,
      "proceed_on": [
        2,
        31
      ],
      "netns": "",
      "nsid": 4026531833,
      "dispatcher_id": 259244,
      "revision": 4
    },
    "created_at": "0001-01-01T00:00:00Z",
    "metadata": null
  },
  "status": {
    "kernel": {
      "id": 370889,
      "program_id": 259240,
      "link_type": "tracing",
      "attach_type": "0",
      "ifindex": 0,
      "target_obj_id": 259244,
      "target_btf_id": 6,
      "cgroup_id": 0,
      "netns_ino": 0,
      "netfilter_pf": 0,
      "netfilter_hooknum": 0,
      "netfilter_priority": 0,
      "netfilter_flags": 0,
      "kprobe_multi_count": 0,
      "kprobe_multi_flags": 0,
      "kprobe_multi_missed": 0,
      "kprobe_address": 0,
      "kprobe_missed": 0
    },
    "kernel_seen": true,
    "pin_present": true
  }
}
[exit 0]

$ gobpf link attach xdp 259240 bpfmanpar9 --priority 500 -o json
{
  "record": {
    "id": 2123456904,
    "program_id": 259240,
    "kernel_link_id": 370894,
    "kind": "xdp",
    "pin_path": "/run/bpfman-parity-go/fs/xdp/dispatcher_4026531833_25168_5/link_4",
    "details": {
      "interface": "bpfmanpar9",
      "ifindex": 25168,
      "priority": 500,
      "position": 4,
      "proceed_on": [
        2,
        31
      ],
      "netns": "",
      "nsid": 4026531833,
      "dispatcher_id": 259245,
      "revision": 5
    },
    "created_at": "0001-01-01T00:00:00Z",
    "metadata": null
  },
  "status": {
    "kernel": {
      "id": 370894,
      "program_id": 259240,
      "link_type": "tracing",
      "attach_type": "0",
      "ifindex": 0,
      "target_obj_id": 259245,
      "target_btf_id": 7,
      "cgroup_id": 0,
      "netns_ino": 0,
      "netfilter_pf": 0,
      "netfilter_hooknum": 0,
      "netfilter_priority": 0,
      "netfilter_flags": 0,
      "kprobe_multi_count": 0,
      "kprobe_multi_flags": 0,
      "kprobe_multi_missed": 0,
      "kprobe_address": 0,
      "kprobe_missed": 0
    },
    "kernel_seen": true,
    "pin_present": true
  }
}
[exit 0]

$ gobpf link attach xdp 259240 bpfmanpar9 --priority 600 -o json
{
  "record": {
    "id": 2123456905,
    "program_id": 259240,
    "kernel_link_id": 370900,
    "kind": "xdp",
    "pin_path": "/run/bpfman-parity-go/fs/xdp/dispatcher_4026531833_25168_6/link_5",
    "details": {
      "interface": "bpfmanpar9",
      "ifindex": 25168,
      "priority": 600,
      "position": 5,
      "proceed_on": [
        2,
        31
      ],
      "netns": "",
      "nsid": 4026531833,
      "dispatcher_id": 259246,
      "revision": 6
    },
    "created_at": "0001-01-01T00:00:00Z",
    "metadata": null
  },
  "status": {
    "kernel": {
      "id": 370900,
      "program_id": 259240,
      "link_type": "tracing",
      "attach_type": "0",
      "ifindex": 0,
      "target_obj_id": 259246,
      "target_btf_id": 8,
      "cgroup_id": 0,
      "netns_ino": 0,
      "netfilter_pf": 0,
      "netfilter_hooknum": 0,
      "netfilter_priority": 0,
      "netfilter_flags": 0,
      "kprobe_multi_count": 0,
      "kprobe_multi_flags": 0,
      "kprobe_multi_missed": 0,
      "kprobe_address": 0,
      "kprobe_missed": 0
    },
    "kernel_seen": true,
    "pin_present": true
  }
}
[exit 0]

$ gobpf link attach xdp 259240 bpfmanpar9 --priority 700 -o json
{
  "record": {
    "id": 2123456906,
    "program_id": 259240,
    "kernel_link_id": 370907,
    "kind": "xdp",
    "pin_path": "/run/bpfman-parity-go/fs/xdp/dispatcher_4026531833_25168_7/link_6",
    "details": {
      "interface": "bpfmanpar9",
      "ifindex": 25168,
      "priority": 700,
      "position": 6,
      "proceed_on": [
        2,
        31
      ],
      "netns": "",
      "nsid": 4026531833,
      "dispatcher_id": 259247,
      "revision": 7
    },
    "created_at": "0001-01-01T00:00:00Z",
    "metadata": null
  },
  "status": {
    "kernel": {
      "id": 370907,
      "program_id": 259240,
      "link_type": "tracing",
      "attach_type": "0",
      "ifindex": 0,
      "target_obj_id": 259247,
      "target_btf_id": 9,
      "cgroup_id": 0,
      "netns_ino": 0,
      "netfilter_pf": 0,
      "netfilter_hooknum": 0,
      "netfilter_priority": 0,
      "netfilter_flags": 0,
      "kprobe_multi_count": 0,
      "kprobe_multi_flags": 0,
      "kprobe_multi_missed": 0,
      "kprobe_address": 0,
      "kprobe_missed": 0
    },
    "kernel_seen": true,
    "pin_present": true
  }
}
[exit 0]

$ gobpf link attach xdp 259240 bpfmanpar9 --priority 800 -o json
{
  "record": {
    "id": 2123456907,
    "program_id": 259240,
    "kernel_link_id": 370915,
    "kind": "xdp",
    "pin_path": "/run/bpfman-parity-go/fs/xdp/dispatcher_4026531833_25168_8/link_7",
    "details": {
      "interface": "bpfmanpar9",
      "ifindex": 25168,
      "priority": 800,
      "position": 7,
      "proceed_on": [
        2,
        31
      ],
      "netns": "",
      "nsid": 4026531833,
      "dispatcher_id": 259248,
      "revision": 8
    },
    "created_at": "0001-01-01T00:00:00Z",
    "metadata": null
  },
  "status": {
    "kernel": {
      "id": 370915,
      "program_id": 259240,
      "link_type": "tracing",
      "attach_type": "0",
      "ifindex": 0,
      "target_obj_id": 259248,
      "target_btf_id": 10,
      "cgroup_id": 0,
      "netns_ino": 0,
      "netfilter_pf": 0,
      "netfilter_hooknum": 0,
      "netfilter_priority": 0,
      "netfilter_flags": 0,
      "kprobe_multi_count": 0,
      "kprobe_multi_flags": 0,
      "kprobe_multi_missed": 0,
      "kprobe_address": 0,
      "kprobe_missed": 0
    },
    "kernel_seen": true,
    "pin_present": true
  }
}
[exit 0]

$ gobpf link attach xdp 259240 bpfmanpar9 --priority 900 -o json
{
  "record": {
    "id": 2123456908,
    "program_id": 259240,
    "kernel_link_id": 370924,
    "kind": "xdp",
    "pin_path": "/run/bpfman-parity-go/fs/xdp/dispatcher_4026531833_25168_9/link_8",
    "details": {
      "interface": "bpfmanpar9",
      "ifindex": 25168,
      "priority": 900,
      "position": 8,
      "proceed_on": [
        2,
        31
      ],
      "netns": "",
      "nsid": 4026531833,
      "dispatcher_id": 259249,
      "revision": 9
    },
    "created_at": "0001-01-01T00:00:00Z",
    "metadata": null
  },
  "status": {
    "kernel": {
      "id": 370924,
      "program_id": 259240,
      "link_type": "tracing",
      "attach_type": "0",
      "ifindex": 0,
      "target_obj_id": 259249,
      "target_btf_id": 11,
      "cgroup_id": 0,
      "netns_ino": 0,
      "netfilter_pf": 0,
      "netfilter_hooknum": 0,
      "netfilter_priority": 0,
      "netfilter_flags": 0,
      "kprobe_multi_count": 0,
      "kprobe_multi_flags": 0,
      "kprobe_multi_missed": 0,
      "kprobe_address": 0,
      "kprobe_missed": 0
    },
    "kernel_seen": true,
    "pin_present": true
  }
}
[exit 0]

$ gobpf link attach xdp 259240 bpfmanpar9 --priority 1000 -o json
{
  "record": {
    "id": 2123456909,
    "program_id": 259240,
    "kernel_link_id": 370934,
    "kind": "xdp",
    "pin_path": "/run/bpfman-parity-go/fs/xdp/dispatcher_4026531833_25168_10/link_9",
    "details": {
      "interface": "bpfmanpar9",
      "ifindex": 25168,
      "priority": 1000,
      "position": 9,
      "proceed_on": [
        2,
        31
      ],
      "netns": "",
      "nsid": 4026531833,
      "dispatcher_id": 259250,
      "revision": 10
    },
    "created_at": "0001-01-01T00:00:00Z",
    "metadata": null
  },
  "status": {
    "kernel": {
      "id": 370934,
      "program_id": 259240,
      "link_type": "tracing",
      "attach_type": "0",
      "ifindex": 0,
      "target_obj_id": 259250,
      "target_btf_id": 12,
      "cgroup_id": 0,
      "netns_ino": 0,
      "netfilter_pf": 0,
      "netfilter_hooknum": 0,
      "netfilter_priority": 0,
      "netfilter_flags": 0,
      "kprobe_multi_count": 0,
      "kprobe_multi_flags": 0,
      "kprobe_multi_missed": 0,
      "kprobe_address": 0,
      "kprobe_missed": 0
    },
    "kernel_seen": true,
    "pin_present": true
  }
}
[exit 0]

$ gobpf link attach xdp 259240 bpfmanpar9 --priority 150 -o json
bpfman: error: no free dispatcher slots (all 10 occupied)
[exit 1]

$ gobpf link detach 2123456900

[exit 0]

$ gobpf link detach 2123456901

[exit 0]

$ gobpf link detach 2123456902

[exit 0]

$ gobpf link detach 2123456903

[exit 0]

$ gobpf link detach 2123456904

[exit 0]

$ gobpf link detach 2123456905

[exit 0]

$ gobpf link detach 2123456906

[exit 0]

$ gobpf link detach 2123456907

[exit 0]

$ gobpf link detach 2123456908

[exit 0]

$ gobpf link detach 2123456909

[exit 0]

$ gobpf program unload 259240

[exit 0]

