$ gobpf program load file e2e/testdata/bpf/tc_counter.bpf.o --programs tc:stats --metadata parity=go -o json
{
  "programs": [
    {
      "record": {
        "program_id": 260534,
        "load": {
          "object_path": "/run/bpfman-parity-go/programs/260534/bytecode.o",
          "program_name": "stats",
          "program_type": "tc",
          "global_data": {},
          "image_source": null,
          "attach_func": null,
          "map_owner_id": null
        },
        "license": "Dual BSD/GPL",
        "gpl_compatible": true,
        "handles": {
          "pin_path": "/run/bpfman-parity-go/fs/prog_260534",
          "map_pin_path": "/run/bpfman-parity-go/fs/maps/260534",
          "map_owner_id": null
        },
        "meta": {
          "name": "stats",
          "owner": "",
          "description": "",
          "metadata": {
            "parity": "go"
          }
        },
        "created_at": "2026-06-26T15:50:50Z",
        "updated_at": null
      },
      "status": {
        "kernel": {
          "id": 260534,
          "name": "stats",
          "program_type": "extension",
          "tag": "ddaa0f8c90c60f04",
          "loaded_at": "2026-06-26T15:50:49Z",
          "uid": 0,
          "has_uid": true,
          "btf_id": 775092,
          "has_btf_id": true,
          "map_ids": [
            417182
          ],
          "has_map_ids": true,
          "jited_size": 162,
          "xlated_size": 240,
          "verified_insns": 23,
          "memlock": 4096,
          "has_memlock": true,
          "restricted": false
        },
        "stats": null,
        "prog_pin": "/run/bpfman-parity-go/fs/prog_260534",
        "map_dir": "/run/bpfman-parity-go/fs/maps/260534",
        "bytecode": "/run/bpfman-parity-go/programs/260534/bytecode.o",
        "links": [],
        "maps": [
          {
            "id": 417182,
            "name": "tc_stats_map",
            "map_type": "percpuarray",
            "key_size": 4,
            "value_size": 16,
            "max_entries": 8,
            "flags": 0,
            "btf_id": 775090,
            "has_btf_id": true,
            "map_extra": 0,
            "has_map_extra": false,
            "memlock": 2416,
            "has_memlock": true,
            "frozen": false,
            "pin_path": "",
            "present": false
          }
        ],
        "map_used_by": [
          260534
        ]
      }
    }
  ]
}
[exit 0]

$ gobpf program get 260534 -o json
{
  "record": {
    "program_id": 260534,
    "load": {
      "object_path": "/run/bpfman-parity-go/programs/260534/bytecode.o",
      "program_name": "stats",
      "program_type": "tc",
      "global_data": {},
      "image_source": null,
      "attach_func": null,
      "map_owner_id": null
    },
    "license": "Dual BSD/GPL",
    "gpl_compatible": true,
    "handles": {
      "pin_path": "/run/bpfman-parity-go/fs/prog_260534",
      "map_pin_path": "/run/bpfman-parity-go/fs/maps/260534",
      "map_owner_id": null
    },
    "meta": {
      "name": "stats",
      "owner": "",
      "description": "",
      "metadata": {
        "parity": "go"
      }
    },
    "created_at": "2026-06-26T15:50:50Z",
    "updated_at": null
  },
  "status": {
    "kernel": {
      "id": 260534,
      "name": "stats",
      "program_type": "extension",
      "tag": "ddaa0f8c90c60f04",
      "loaded_at": "2026-06-26T15:50:49Z",
      "uid": 0,
      "has_uid": true,
      "btf_id": 775092,
      "has_btf_id": true,
      "map_ids": [
        417182
      ],
      "has_map_ids": true,
      "jited_size": 162,
      "xlated_size": 240,
      "verified_insns": 23,
      "memlock": 4096,
      "has_memlock": true,
      "restricted": false
    },
    "stats": {
      "runtime": 0,
      "run_count": 0,
      "recursion_misses": 0
    },
    "prog_pin": "/run/bpfman-parity-go/fs/prog_260534",
    "map_dir": "/run/bpfman-parity-go/fs/maps/260534",
    "bytecode": "/run/bpfman-parity-go/programs/260534/bytecode.o",
    "links": [],
    "maps": [
      {
        "id": 417182,
        "name": "tc_stats_map",
        "map_type": "percpuarray",
        "key_size": 4,
        "value_size": 16,
        "max_entries": 8,
        "flags": 0,
        "btf_id": 775090,
        "has_btf_id": true,
        "map_extra": 0,
        "has_map_extra": false,
        "memlock": 2416,
        "has_memlock": true,
        "frozen": false,
        "pin_path": "/run/bpfman-parity-go/fs/maps/260534/tc_stats_map",
        "present": true
      }
    ],
    "map_used_by": [
      260534
    ]
  }
}
[exit 0]

$ gobpf link attach tc 260534 bpfmanpar0 ingress --priority 100 --metadata owner=parity -o json
{
  "record": {
    "id": 2123456949,
    "program_id": 260534,
    "kernel_link_id": 371383,
    "kind": "tc",
    "pin_path": "/run/bpfman-parity-go/fs/tc-ingress/dispatcher_4026531833_25228_1/link_0",
    "details": {
      "interface": "bpfmanpar0",
      "ifindex": 25228,
      "direction": "ingress",
      "priority": 100,
      "position": 0,
      "proceed_on": [
        3,
        30
      ],
      "netns": "",
      "nsid": 4026531833,
      "dispatcher_id": 260535,
      "revision": 1
    },
    "created_at": "0001-01-01T00:00:00Z",
    "metadata": {
      "owner": "parity"
    }
  },
  "status": {
    "kernel": {
      "id": 371383,
      "program_id": 260534,
      "link_type": "tracing",
      "attach_type": "0",
      "ifindex": 0,
      "target_obj_id": 260535,
      "target_btf_id": 3,
      "cgroup_id": 0,
      "netns_ino": 0,
      "netfilter_pf": 0,
      "netfilter_hooknum": 0,
      "netfilter_priority": 0,
      "netfilter_flags": 0,
      "kprobe_multi_count": 0,
      "kprobe_multi_flags": 0,
      "kprobe_multi_missed": 0,
      "kprobe_address": 0,
      "kprobe_missed": 0
    },
    "kernel_seen": true,
    "pin_present": true
  }
}
[exit 0]

$ gobpf link get 2123456949 -o json
{
  "record": {
    "id": 2123456949,
    "program_id": 260534,
    "kernel_link_id": 371383,
    "kind": "tc",
    "pin_path": "/run/bpfman-parity-go/fs/tc-ingress/dispatcher_4026531833_25228_1/link_0",
    "details": {
      "interface": "bpfmanpar0",
      "ifindex": 25228,
      "direction": "ingress",
      "priority": 100,
      "position": 0,
      "proceed_on": [
        3,
        30
      ],
      "netns": "",
      "nsid": 4026531833,
      "dispatcher_id": 260535,
      "revision": 1
    },
    "created_at": "2026-06-26T15:50:50Z",
    "metadata": {
      "owner": "parity"
    }
  },
  "status": {
    "kernel": {
      "id": 371383,
      "program_id": 260534,
      "link_type": "tracing",
      "attach_type": "0",
      "ifindex": 0,
      "target_obj_id": 260535,
      "target_btf_id": 3,
      "cgroup_id": 0,
      "netns_ino": 0,
      "netfilter_pf": 0,
      "netfilter_hooknum": 0,
      "netfilter_priority": 0,
      "netfilter_flags": 0,
      "kprobe_multi_count": 0,
      "kprobe_multi_flags": 0,
      "kprobe_multi_missed": 0,
      "kprobe_address": 0,
      "kprobe_missed": 0
    },
    "kernel_seen": true,
    "pin_present": true
  }
}
[exit 0]

$ gobpf link list -o json
{
  "links": [
    {
      "id": 2123456949,
      "program_id": 260534,
      "kernel_link_id": 371383,
      "kind": "tc",
      "pin_path": "/run/bpfman-parity-go/fs/tc-ingress/dispatcher_4026531833_25228_1/link_0",
      "details": {
        "interface": "bpfmanpar0",
        "ifindex": 25228,
        "direction": "ingress",
        "priority": 100,
        "position": 0,
        "proceed_on": [
          3,
          30
        ],
        "netns": "",
        "nsid": 4026531833,
        "dispatcher_id": 260535,
        "revision": 1
      },
      "created_at": "2026-06-26T15:50:50Z",
      "metadata": {
        "owner": "parity"
      }
    }
  ]
}
[exit 0]

$ gobpf program list -o json
{
  "programs": [
    {
      "program_id": 260534,
      "managed": true,
      "application": "",
      "type": "tc",
      "function_name": "stats",
      "links": [
        2123456949
      ],
      "record": {
        "program_id": 260534,
        "load": {
          "object_path": "/run/bpfman-parity-go/programs/260534/bytecode.o",
          "program_name": "stats",
          "program_type": "tc",
          "global_data": {},
          "image_source": null,
          "attach_func": null,
          "map_owner_id": null
        },
        "license": "Dual BSD/GPL",
        "gpl_compatible": true,
        "handles": {
          "pin_path": "/run/bpfman-parity-go/fs/prog_260534",
          "map_pin_path": "/run/bpfman-parity-go/fs/maps/260534",
          "map_owner_id": null
        },
        "meta": {
          "name": "stats",
          "owner": "",
          "description": "",
          "metadata": {
            "parity": "go"
          }
        },
        "created_at": "2026-06-26T15:50:50Z",
        "updated_at": null
      },
      "kernel": {
        "id": 260534,
        "name": "stats",
        "program_type": "extension",
        "tag": "ddaa0f8c90c60f04",
        "loaded_at": "2026-06-26T15:50:49Z",
        "uid": 0,
        "has_uid": true,
        "btf_id": 775092,
        "has_btf_id": true,
        "map_ids": [
          417182
        ],
        "has_map_ids": true,
        "jited_size": 162,
        "xlated_size": 240,
        "verified_insns": 23,
        "memlock": 4096,
        "has_memlock": true,
        "restricted": false
      }
    }
  ]
}
[exit 0]

$ gobpf link detach 2123456949

[exit 0]

$ gobpf program unload 260534

[exit 0]

$ gobpf program get 260534 -o json
bpfman: error: record not found
[exit 1]

