$ rsbpf load file --path e2e/testdata/bpf/tc_counter.bpf.o --programs tc:stats --metadata parity=rust
 Bpfman State                                     
 BPF Function:  stats                             
 Program Type:  tc                                
 Path:          e2e/testdata/bpf/tc_counter.bpf.o 
 Global:        None                              
 Metadata:      parity=rust                       
 Map Pin Path:  /run/bpfman/fs/maps/260544        
 Map Owner ID:  None                              
 Maps Used By:  260544                            
 Links:         None                              

 Kernel State                                               
 Program ID:                       260544                   
 BPF Function:                     stats                    
 Kernel Type:                      tc                       
 Loaded At:                        2026-06-26T16:50:51+0100 
 Tag:                              ddaa0f8c90c60f04         
 GPL Compatible:                   true                     
 Map IDs:                          [417192]                 
 BTF ID:                           775109                   
 Size Translated (bytes):          240                      
 JITted:                           true                     
 Size JITted:                      162                      
 Kernel Allocated Memory (bytes):  4096                     
 Verified Instruction Count:       23                       
[exit 0]

$ rsbpf get program 260544
 Bpfman State                                     
 BPF Function:  stats                             
 Program Type:  tc                                
 Path:          e2e/testdata/bpf/tc_counter.bpf.o 
 Global:        None                              
 Metadata:      parity=rust                       
 Map Pin Path:  /run/bpfman/fs/maps/260544        
 Map Owner ID:  None                              
 Maps Used By:  260544                            
 Links:         None                              

 Kernel State                                               
 Program ID:                       260544                   
 BPF Function:                     stats                    
 Kernel Type:                      tc                       
 Loaded At:                        2026-06-26T16:50:51+0100 
 Tag:                              ddaa0f8c90c60f04         
 GPL Compatible:                   true                     
 Map IDs:                          [417192]                 
 BTF ID:                           775109                   
 Size Translated (bytes):          240                      
 JITted:                           true                     
 Size JITted:                      162                      
 Kernel Allocated Memory (bytes):  4096                     
 Verified Instruction Count:       23                       
[exit 0]

$ rsbpf attach 260544 tc --direction ingress --iface bpfmanpar0 --priority 100 --metadata owner=parity
 Bpfman State                                
 BPF Function:       stats                   
 Program Type:       tc                      
 Program ID:         260544                  
 Link ID:            769591044               
 Interface:          bpfmanpar0              
 Direction:          ingress                 
 Priority:           100                     
 Position:           0                       
 Proceed On:         pipe, dispatcher_return 
 Network Namespace:  None                    
 Metadata:           owner=parity            
[exit 0]

$ rsbpf get link 769591044
 Bpfman State                                
 BPF Function:       stats                   
 Program Type:       tc                      
 Program ID:         260544                  
 Link ID:            769591044               
 Interface:          bpfmanpar0              
 Direction:          ingress                 
 Priority:           100                     
 Position:           0                       
 Proceed On:         pipe, dispatcher_return 
 Network Namespace:  None                    
 Metadata:           owner=parity            
[exit 0]

$ rsbpf list programs
 Program ID  Application  Type  Function Name  Links         
 260544                   tc    stats          (1) 769591044 
[exit 0]

$ rsbpf list links
 Program ID  Link ID    Application  Type  Function Name  Attachment               
 260544      769591044               tc    stats          bpfmanpar0 ingress pos-0 
[exit 0]

$ rsbpf detach 769591044

[exit 0]

$ rsbpf unload 260544

[exit 0]

$ rsbpf get program 260544
Error: get error: An error occurred. Program 260544 does not exist
[exit 1]

