$ gobpf program load file e2e/testdata/bpf/tcx_counter.bpf.o --programs tcx:tcx_stats --metadata parity=go -o json
{
  "programs": [
    {
      "record": {
        "program_id": 260576,
        "load": {
          "object_path": "/run/bpfman-parity-go/programs/260576/bytecode.o",
          "program_name": "tcx_stats",
          "program_type": "tcx",
          "global_data": {},
          "image_source": null,
          "attach_func": null,
          "map_owner_id": null
        },
        "license": "Dual BSD/GPL",
        "gpl_compatible": true,
        "handles": {
          "pin_path": "/run/bpfman-parity-go/fs/prog_260576",
          "map_pin_path": "/run/bpfman-parity-go/fs/maps/260576",
          "map_owner_id": null
        },
        "meta": {
          "name": "tcx_stats",
          "owner": "",
          "description": "",
          "metadata": {
            "parity": "go"
          }
        },
        "created_at": "2026-06-26T15:50:51Z",
        "updated_at": null
      },
      "status": {
        "kernel": {
          "id": 260576,
          "name": "tcx_stats",
          "program_type": "schedcls",
          "tag": "7a2dd52cbef12658",
          "loaded_at": "2026-06-26T15:50:51Z",
          "uid": 0,
          "has_uid": true,
          "btf_id": 775150,
          "has_btf_id": true,
          "map_ids": [
            417208
          ],
          "has_map_ids": true,
          "jited_size": 114,
          "xlated_size": 168,
          "verified_insns": 12,
          "memlock": 4096,
          "has_memlock": true,
          "restricted": false
        },
        "stats": null,
        "prog_pin": "/run/bpfman-parity-go/fs/prog_260576",
        "map_dir": "/run/bpfman-parity-go/fs/maps/260576",
        "bytecode": "/run/bpfman-parity-go/programs/260576/bytecode.o",
        "links": [],
        "maps": [
          {
            "id": 417208,
            "name": "tcx_stats_map",
            "map_type": "percpuarray",
            "key_size": 4,
            "value_size": 8,
            "max_entries": 1,
            "flags": 0,
            "btf_id": 775149,
            "has_btf_id": true,
            "map_extra": 0,
            "has_map_extra": false,
            "memlock": 440,
            "has_memlock": true,
            "frozen": false,
            "pin_path": "",
            "present": false
          }
        ],
        "map_used_by": [
          260576
        ]
      }
    }
  ]
}
[exit 0]

$ gobpf program get 260576 -o json
{
  "record": {
    "program_id": 260576,
    "load": {
      "object_path": "/run/bpfman-parity-go/programs/260576/bytecode.o",
      "program_name": "tcx_stats",
      "program_type": "tcx",
      "global_data": {},
      "image_source": null,
      "attach_func": null,
      "map_owner_id": null
    },
    "license": "Dual BSD/GPL",
    "gpl_compatible": true,
    "handles": {
      "pin_path": "/run/bpfman-parity-go/fs/prog_260576",
      "map_pin_path": "/run/bpfman-parity-go/fs/maps/260576",
      "map_owner_id": null
    },
    "meta": {
      "name": "tcx_stats",
      "owner": "",
      "description": "",
      "metadata": {
        "parity": "go"
      }
    },
    "created_at": "2026-06-26T15:50:51Z",
    "updated_at": null
  },
  "status": {
    "kernel": {
      "id": 260576,
      "name": "tcx_stats",
      "program_type": "schedcls",
      "tag": "7a2dd52cbef12658",
      "loaded_at": "2026-06-26T15:50:51Z",
      "uid": 0,
      "has_uid": true,
      "btf_id": 775150,
      "has_btf_id": true,
      "map_ids": [
        417208
      ],
      "has_map_ids": true,
      "jited_size": 114,
      "xlated_size": 168,
      "verified_insns": 12,
      "memlock": 4096,
      "has_memlock": true,
      "restricted": false
    },
    "stats": {
      "runtime": 0,
      "run_count": 0,
      "recursion_misses": 0
    },
    "prog_pin": "/run/bpfman-parity-go/fs/prog_260576",
    "map_dir": "/run/bpfman-parity-go/fs/maps/260576",
    "bytecode": "/run/bpfman-parity-go/programs/260576/bytecode.o",
    "links": [],
    "maps": [
      {
        "id": 417208,
        "name": "tcx_stats_map",
        "map_type": "percpuarray",
        "key_size": 4,
        "value_size": 8,
        "max_entries": 1,
        "flags": 0,
        "btf_id": 775149,
        "has_btf_id": true,
        "map_extra": 0,
        "has_map_extra": false,
        "memlock": 440,
        "has_memlock": true,
        "frozen": false,
        "pin_path": "/run/bpfman-parity-go/fs/maps/260576/tcx_stats_map",
        "present": true
      }
    ],
    "map_used_by": [
      260576
    ]
  }
}
[exit 0]

$ gobpf link attach tcx 260576 bpfmanpar0 ingress --priority 100 --metadata owner=parity -o json
{
  "record": {
    "id": 2123456950,
    "program_id": 260576,
    "kernel_link_id": 371385,
    "kind": "tcx",
    "pin_path": "/run/bpfman-parity-go/fs/tcx-ingress/link_4026531833_25232_260576",
    "details": {
      "interface": "bpfmanpar0",
      "ifindex": 25232,
      "direction": "ingress",
      "priority": 100,
      "position": 0,
      "netns": "",
      "nsid": 4026531833
    },
    "created_at": "2026-06-26T15:50:51Z",
    "metadata": {
      "owner": "parity"
    }
  },
  "status": {
    "kernel": {
      "id": 371385,
      "program_id": 260576,
      "link_type": "tcx",
      "attach_type": "46",
      "ifindex": 25232,
      "target_obj_id": 0,
      "target_btf_id": 0,
      "cgroup_id": 0,
      "netns_ino": 0,
      "netfilter_pf": 0,
      "netfilter_hooknum": 0,
      "netfilter_priority": 0,
      "netfilter_flags": 0,
      "kprobe_multi_count": 0,
      "kprobe_multi_flags": 0,
      "kprobe_multi_missed": 0,
      "kprobe_address": 0,
      "kprobe_missed": 0
    },
    "kernel_seen": true,
    "pin_present": true
  }
}
[exit 0]

$ gobpf link get 2123456950 -o json
{
  "record": {
    "id": 2123456950,
    "program_id": 260576,
    "kernel_link_id": 371385,
    "kind": "tcx",
    "pin_path": "/run/bpfman-parity-go/fs/tcx-ingress/link_4026531833_25232_260576",
    "details": {
      "interface": "bpfmanpar0",
      "ifindex": 25232,
      "direction": "ingress",
      "priority": 100,
      "position": 0,
      "netns": "",
      "nsid": 4026531833
    },
    "created_at": "2026-06-26T15:50:51Z",
    "metadata": {
      "owner": "parity"
    }
  },
  "status": {
    "kernel": {
      "id": 371385,
      "program_id": 260576,
      "link_type": "tcx",
      "attach_type": "46",
      "ifindex": 25232,
      "target_obj_id": 0,
      "target_btf_id": 0,
      "cgroup_id": 0,
      "netns_ino": 0,
      "netfilter_pf": 0,
      "netfilter_hooknum": 0,
      "netfilter_priority": 0,
      "netfilter_flags": 0,
      "kprobe_multi_count": 0,
      "kprobe_multi_flags": 0,
      "kprobe_multi_missed": 0,
      "kprobe_address": 0,
      "kprobe_missed": 0
    },
    "kernel_seen": true,
    "pin_present": true
  }
}
[exit 0]

$ gobpf link list -o json
{
  "links": [
    {
      "id": 2123456950,
      "program_id": 260576,
      "kernel_link_id": 371385,
      "kind": "tcx",
      "pin_path": "/run/bpfman-parity-go/fs/tcx-ingress/link_4026531833_25232_260576",
      "details": {
        "interface": "bpfmanpar0",
        "ifindex": 25232,
        "direction": "ingress",
        "priority": 100,
        "position": 0,
        "netns": "",
        "nsid": 4026531833
      },
      "created_at": "2026-06-26T15:50:51Z",
      "metadata": {
        "owner": "parity"
      }
    }
  ]
}
[exit 0]

$ gobpf program list -o json
{
  "programs": [
    {
      "program_id": 260576,
      "managed": true,
      "application": "",
      "type": "tcx",
      "function_name": "tcx_stats",
      "links": [
        2123456950
      ],
      "record": {
        "program_id": 260576,
        "load": {
          "object_path": "/run/bpfman-parity-go/programs/260576/bytecode.o",
          "program_name": "tcx_stats",
          "program_type": "tcx",
          "global_data": {},
          "image_source": null,
          "attach_func": null,
          "map_owner_id": null
        },
        "license": "Dual BSD/GPL",
        "gpl_compatible": true,
        "handles": {
          "pin_path": "/run/bpfman-parity-go/fs/prog_260576",
          "map_pin_path": "/run/bpfman-parity-go/fs/maps/260576",
          "map_owner_id": null
        },
        "meta": {
          "name": "tcx_stats",
          "owner": "",
          "description": "",
          "metadata": {
            "parity": "go"
          }
        },
        "created_at": "2026-06-26T15:50:51Z",
        "updated_at": null
      },
      "kernel": {
        "id": 260576,
        "name": "tcx_stats",
        "program_type": "schedcls",
        "tag": "7a2dd52cbef12658",
        "loaded_at": "2026-06-26T15:50:51Z",
        "uid": 0,
        "has_uid": true,
        "btf_id": 775150,
        "has_btf_id": true,
        "map_ids": [
          417208
        ],
        "has_map_ids": true,
        "jited_size": 114,
        "xlated_size": 168,
        "verified_insns": 12,
        "memlock": 4096,
        "has_memlock": true,
        "restricted": false
      }
    }
  ]
}
[exit 0]

$ gobpf link detach 2123456950

[exit 0]

$ gobpf program unload 260576

[exit 0]

$ gobpf program get 260576 -o json
bpfman: error: record not found
[exit 1]

