$ rsbpf load file --path e2e/testdata/bpf/tcx_counter.bpf.o --programs tcx:tcx_stats --metadata parity=rust
 Bpfman State                                      
 BPF Function:  tcx_stats                          
 Program Type:  tcx                                
 Path:          e2e/testdata/bpf/tcx_counter.bpf.o 
 Global:        None                               
 Metadata:      parity=rust                        
 Map Pin Path:  /run/bpfman/fs/maps/260585         
 Map Owner ID:  None                               
 Maps Used By:  260585                             
 Links:         None                               

 Kernel State                                               
 Program ID:                       260585                   
 BPF Function:                     tcx_stats                
 Kernel Type:                      tc                       
 Loaded At:                        2026-06-26T16:50:52+0100 
 Tag:                              7a2dd52cbef12658         
 GPL Compatible:                   true                     
 Map IDs:                          [417213]                 
 BTF ID:                           775159                   
 Size Translated (bytes):          168                      
 JITted:                           true                     
 Size JITted:                      114                      
 Kernel Allocated Memory (bytes):  4096                     
 Verified Instruction Count:       12                       
[exit 0]

$ rsbpf get program 260585
 Bpfman State                                      
 BPF Function:  tcx_stats                          
 Program Type:  tcx                                
 Path:          e2e/testdata/bpf/tcx_counter.bpf.o 
 Global:        None                               
 Metadata:      parity=rust                        
 Map Pin Path:  /run/bpfman/fs/maps/260585         
 Map Owner ID:  None                               
 Maps Used By:  260585                             
 Links:         None                               

 Kernel State                                               
 Program ID:                       260585                   
 BPF Function:                     tcx_stats                
 Kernel Type:                      tc                       
 Loaded At:                        2026-06-26T16:50:52+0100 
 Tag:                              7a2dd52cbef12658         
 GPL Compatible:                   true                     
 Map IDs:                          [417213]                 
 BTF ID:                           775159                   
 Size Translated (bytes):          168                      
 JITted:                           true                     
 Size JITted:                      114                      
 Kernel Allocated Memory (bytes):  4096                     
 Verified Instruction Count:       12                       
[exit 0]

$ rsbpf attach 260585 tcx --direction ingress --iface bpfmanpar0 --priority 100 --metadata owner=parity
 Bpfman State                     
 BPF Function:       tcx_stats    
 Program Type:       tcx          
 Program ID:         260585       
 Link ID:            134541439    
 Interface:          bpfmanpar0   
 Direction:          ingress      
 Priority:           100          
 Position:           0            
 Network Namespace:  None         
 Metadata:           owner=parity 
[exit 0]

$ rsbpf get link 134541439
 Bpfman State                     
 BPF Function:       tcx_stats    
 Program Type:       tcx          
 Program ID:         260585       
 Link ID:            134541439    
 Interface:          bpfmanpar0   
 Direction:          ingress      
 Priority:           100          
 Position:           0            
 Network Namespace:  None         
 Metadata:           owner=parity 
[exit 0]

$ rsbpf list programs
 Program ID  Application  Type  Function Name  Links         
 260585                   tcx   tcx_stats      (1) 134541439 
[exit 0]

$ rsbpf list links
 Program ID  Link ID    Application  Type  Function Name  Attachment               
 260585      134541439               tcx   tcx_stats      bpfmanpar0 ingress pos-0 
[exit 0]

$ rsbpf detach 134541439

[exit 0]

$ rsbpf unload 260585

[exit 0]

$ rsbpf get program 260585
Error: get error: An error occurred. Program 260585 does not exist
[exit 1]

