$ gobpf program load file e2e/testdata/bpf/xdp_pass.bpf.o --programs xdp:pass --metadata parity=go -o json
{
  "programs": [
    {
      "record": {
        "program_id": 260491,
        "load": {
          "object_path": "/run/bpfman-parity-go/programs/260491/bytecode.o",
          "program_name": "pass",
          "program_type": "xdp",
          "global_data": {},
          "image_source": null,
          "attach_func": null,
          "map_owner_id": null
        },
        "license": "Dual BSD/GPL",
        "gpl_compatible": true,
        "handles": {
          "pin_path": "/run/bpfman-parity-go/fs/prog_260491",
          "map_pin_path": "/run/bpfman-parity-go/fs/maps/260491",
          "map_owner_id": null
        },
        "meta": {
          "name": "pass",
          "owner": "",
          "description": "",
          "metadata": {
            "parity": "go"
          }
        },
        "created_at": "2026-06-26T15:50:49Z",
        "updated_at": null
      },
      "status": {
        "kernel": {
          "id": 260491,
          "name": "pass",
          "program_type": "extension",
          "tag": "671e1cfa7d68206f",
          "loaded_at": "2026-06-26T15:50:48Z",
          "uid": 0,
          "has_uid": true,
          "btf_id": 775031,
          "has_btf_id": true,
          "map_ids": [
            417154
          ],
          "has_map_ids": true,
          "jited_size": 117,
          "xlated_size": 168,
          "verified_insns": 12,
          "memlock": 4096,
          "has_memlock": true,
          "restricted": false
        },
        "stats": null,
        "prog_pin": "/run/bpfman-parity-go/fs/prog_260491",
        "map_dir": "/run/bpfman-parity-go/fs/maps/260491",
        "bytecode": "/run/bpfman-parity-go/programs/260491/bytecode.o",
        "links": [],
        "maps": [
          {
            "id": 417154,
            "name": "xdp_pass_stats_",
            "map_type": "percpuarray",
            "key_size": 4,
            "value_size": 8,
            "max_entries": 1,
            "flags": 0,
            "btf_id": 775029,
            "has_btf_id": true,
            "map_extra": 0,
            "has_map_extra": false,
            "memlock": 440,
            "has_memlock": true,
            "frozen": false,
            "pin_path": "",
            "present": false
          }
        ],
        "map_used_by": [
          260491
        ]
      }
    }
  ]
}
[exit 0]

$ gobpf program get 260491 -o json
{
  "record": {
    "program_id": 260491,
    "load": {
      "object_path": "/run/bpfman-parity-go/programs/260491/bytecode.o",
      "program_name": "pass",
      "program_type": "xdp",
      "global_data": {},
      "image_source": null,
      "attach_func": null,
      "map_owner_id": null
    },
    "license": "Dual BSD/GPL",
    "gpl_compatible": true,
    "handles": {
      "pin_path": "/run/bpfman-parity-go/fs/prog_260491",
      "map_pin_path": "/run/bpfman-parity-go/fs/maps/260491",
      "map_owner_id": null
    },
    "meta": {
      "name": "pass",
      "owner": "",
      "description": "",
      "metadata": {
        "parity": "go"
      }
    },
    "created_at": "2026-06-26T15:50:49Z",
    "updated_at": null
  },
  "status": {
    "kernel": {
      "id": 260491,
      "name": "pass",
      "program_type": "extension",
      "tag": "671e1cfa7d68206f",
      "loaded_at": "2026-06-26T15:50:48Z",
      "uid": 0,
      "has_uid": true,
      "btf_id": 775031,
      "has_btf_id": true,
      "map_ids": [
        417154
      ],
      "has_map_ids": true,
      "jited_size": 117,
      "xlated_size": 168,
      "verified_insns": 12,
      "memlock": 4096,
      "has_memlock": true,
      "restricted": false
    },
    "stats": {
      "runtime": 0,
      "run_count": 0,
      "recursion_misses": 0
    },
    "prog_pin": "/run/bpfman-parity-go/fs/prog_260491",
    "map_dir": "/run/bpfman-parity-go/fs/maps/260491",
    "bytecode": "/run/bpfman-parity-go/programs/260491/bytecode.o",
    "links": [],
    "maps": [
      {
        "id": 417154,
        "name": "xdp_pass_stats_",
        "map_type": "percpuarray",
        "key_size": 4,
        "value_size": 8,
        "max_entries": 1,
        "flags": 0,
        "btf_id": 775029,
        "has_btf_id": true,
        "map_extra": 0,
        "has_map_extra": false,
        "memlock": 440,
        "has_memlock": true,
        "frozen": false,
        "pin_path": "/run/bpfman-parity-go/fs/maps/260491/xdp_pass_stats_map",
        "present": true
      }
    ],
    "map_used_by": [
      260491
    ]
  }
}
[exit 0]

$ gobpf link attach xdp 260491 bpfmanpar0 --priority 100 --metadata owner=parity -o json
{
  "record": {
    "id": 2123456948,
    "program_id": 260491,
    "kernel_link_id": 371379,
    "kind": "xdp",
    "pin_path": "/run/bpfman-parity-go/fs/xdp/dispatcher_4026531833_25224_1/link_0",
    "details": {
      "interface": "bpfmanpar0",
      "ifindex": 25224,
      "priority": 100,
      "position": 0,
      "proceed_on": [
        2,
        31
      ],
      "netns": "",
      "nsid": 4026531833,
      "dispatcher_id": 260492,
      "revision": 1
    },
    "created_at": "0001-01-01T00:00:00Z",
    "metadata": {
      "owner": "parity"
    }
  },
  "status": {
    "kernel": {
      "id": 371379,
      "program_id": 260491,
      "link_type": "tracing",
      "attach_type": "0",
      "ifindex": 0,
      "target_obj_id": 260492,
      "target_btf_id": 3,
      "cgroup_id": 0,
      "netns_ino": 0,
      "netfilter_pf": 0,
      "netfilter_hooknum": 0,
      "netfilter_priority": 0,
      "netfilter_flags": 0,
      "kprobe_multi_count": 0,
      "kprobe_multi_flags": 0,
      "kprobe_multi_missed": 0,
      "kprobe_address": 0,
      "kprobe_missed": 0
    },
    "kernel_seen": true,
    "pin_present": true
  }
}
[exit 0]

$ gobpf link get 2123456948 -o json
{
  "record": {
    "id": 2123456948,
    "program_id": 260491,
    "kernel_link_id": 371379,
    "kind": "xdp",
    "pin_path": "/run/bpfman-parity-go/fs/xdp/dispatcher_4026531833_25224_1/link_0",
    "details": {
      "interface": "bpfmanpar0",
      "ifindex": 25224,
      "priority": 100,
      "position": 0,
      "proceed_on": [
        2,
        31
      ],
      "netns": "",
      "nsid": 4026531833,
      "dispatcher_id": 260492,
      "revision": 1
    },
    "created_at": "2026-06-26T15:50:49Z",
    "metadata": {
      "owner": "parity"
    }
  },
  "status": {
    "kernel": {
      "id": 371379,
      "program_id": 260491,
      "link_type": "tracing",
      "attach_type": "0",
      "ifindex": 0,
      "target_obj_id": 260492,
      "target_btf_id": 3,
      "cgroup_id": 0,
      "netns_ino": 0,
      "netfilter_pf": 0,
      "netfilter_hooknum": 0,
      "netfilter_priority": 0,
      "netfilter_flags": 0,
      "kprobe_multi_count": 0,
      "kprobe_multi_flags": 0,
      "kprobe_multi_missed": 0,
      "kprobe_address": 0,
      "kprobe_missed": 0
    },
    "kernel_seen": true,
    "pin_present": true
  }
}
[exit 0]

$ gobpf link list -o json
{
  "links": [
    {
      "id": 2123456948,
      "program_id": 260491,
      "kernel_link_id": 371379,
      "kind": "xdp",
      "pin_path": "/run/bpfman-parity-go/fs/xdp/dispatcher_4026531833_25224_1/link_0",
      "details": {
        "interface": "bpfmanpar0",
        "ifindex": 25224,
        "priority": 100,
        "position": 0,
        "proceed_on": [
          2,
          31
        ],
        "netns": "",
        "nsid": 4026531833,
        "dispatcher_id": 260492,
        "revision": 1
      },
      "created_at": "2026-06-26T15:50:49Z",
      "metadata": {
        "owner": "parity"
      }
    }
  ]
}
[exit 0]

$ gobpf program list -o json
{
  "programs": [
    {
      "program_id": 260491,
      "managed": true,
      "application": "",
      "type": "xdp",
      "function_name": "pass",
      "links": [
        2123456948
      ],
      "record": {
        "program_id": 260491,
        "load": {
          "object_path": "/run/bpfman-parity-go/programs/260491/bytecode.o",
          "program_name": "pass",
          "program_type": "xdp",
          "global_data": {},
          "image_source": null,
          "attach_func": null,
          "map_owner_id": null
        },
        "license": "Dual BSD/GPL",
        "gpl_compatible": true,
        "handles": {
          "pin_path": "/run/bpfman-parity-go/fs/prog_260491",
          "map_pin_path": "/run/bpfman-parity-go/fs/maps/260491",
          "map_owner_id": null
        },
        "meta": {
          "name": "pass",
          "owner": "",
          "description": "",
          "metadata": {
            "parity": "go"
          }
        },
        "created_at": "2026-06-26T15:50:49Z",
        "updated_at": null
      },
      "kernel": {
        "id": 260491,
        "name": "pass",
        "program_type": "extension",
        "tag": "671e1cfa7d68206f",
        "loaded_at": "2026-06-26T15:50:48Z",
        "uid": 0,
        "has_uid": true,
        "btf_id": 775031,
        "has_btf_id": true,
        "map_ids": [
          417154
        ],
        "has_map_ids": true,
        "jited_size": 117,
        "xlated_size": 168,
        "verified_insns": 12,
        "memlock": 4096,
        "has_memlock": true,
        "restricted": false
      }
    }
  ]
}
[exit 0]

$ gobpf link detach 2123456948

[exit 0]

$ gobpf program unload 260491

[exit 0]

$ gobpf program get 260491 -o json
bpfman: error: record not found
[exit 1]

