$ gobpf program load file e2e/testdata/bpf/xdp_counter.bpf.o --programs xdp:xdp_stats -o json
{
  "programs": [
    {
      "record": {
        "program_id": 259943,
        "load": {
          "object_path": "/run/bpfman-parity-go/programs/259943/bytecode.o",
          "program_name": "xdp_stats",
          "program_type": "xdp",
          "global_data": {},
          "image_source": null,
          "attach_func": null,
          "map_owner_id": null
        },
        "license": "Dual BSD/GPL",
        "gpl_compatible": true,
        "handles": {
          "pin_path": "/run/bpfman-parity-go/fs/prog_259943",
          "map_pin_path": "/run/bpfman-parity-go/fs/maps/259943",
          "map_owner_id": null
        },
        "meta": {
          "name": "xdp_stats",
          "owner": "",
          "description": "",
          "metadata": {}
        },
        "created_at": "2026-06-26T15:46:27Z",
        "updated_at": null
      },
      "status": {
        "kernel": {
          "id": 259943,
          "name": "xdp_stats",
          "program_type": "extension",
          "tag": "584933ac53028582",
          "loaded_at": "2026-06-26T15:46:26Z",
          "uid": 0,
          "has_uid": true,
          "btf_id": 774203,
          "has_btf_id": true,
          "map_ids": [
            416766
          ],
          "has_map_ids": true,
          "jited_size": 150,
          "xlated_size": 232,
          "verified_insns": 21,
          "memlock": 4096,
          "has_memlock": true,
          "restricted": false
        },
        "stats": null,
        "prog_pin": "/run/bpfman-parity-go/fs/prog_259943",
        "map_dir": "/run/bpfman-parity-go/fs/maps/259943",
        "bytecode": "/run/bpfman-parity-go/programs/259943/bytecode.o",
        "links": [],
        "maps": [
          {
            "id": 416766,
            "name": "xdp_stats_map",
            "map_type": "percpuarray",
            "key_size": 4,
            "value_size": 16,
            "max_entries": 5,
            "flags": 0,
            "btf_id": 774201,
            "has_btf_id": true,
            "map_extra": 0,
            "has_map_extra": false,
            "memlock": 1624,
            "has_memlock": true,
            "frozen": false,
            "pin_path": "",
            "present": false
          }
        ],
        "map_used_by": [
          259943
        ]
      }
    }
  ]
}
[exit 0]

