$ rsbpf load file --path e2e/testdata/bpf/xdp_pass.bpf.o --programs xdp:pass --metadata parity=rust
 Bpfman State                                   
 BPF Function:  pass                            
 Program Type:  xdp                             
 Path:          e2e/testdata/bpf/xdp_pass.bpf.o 
 Global:        None                            
 Metadata:      parity=rust                     
 Map Pin Path:  /run/bpfman/fs/maps/260501      
 Map Owner ID:  None                            
 Maps Used By:  260501                          
 Links:         None                            

 Kernel State                                               
 Program ID:                       260501                   
 BPF Function:                     pass                     
 Kernel Type:                      xdp                      
 Loaded At:                        2026-06-26T16:50:50+0100 
 Tag:                              671e1cfa7d68206f         
 GPL Compatible:                   true                     
 Map IDs:                          [417164]                 
 BTF ID:                           775048                   
 Size Translated (bytes):          168                      
 JITted:                           true                     
 Size JITted:                      117                      
 Kernel Allocated Memory (bytes):  4096                     
 Verified Instruction Count:       12                       
[exit 0]

$ rsbpf get program 260501
 Bpfman State                                   
 BPF Function:  pass                            
 Program Type:  xdp                             
 Path:          e2e/testdata/bpf/xdp_pass.bpf.o 
 Global:        None                            
 Metadata:      parity=rust                     
 Map Pin Path:  /run/bpfman/fs/maps/260501      
 Map Owner ID:  None                            
 Maps Used By:  260501                          
 Links:         None                            

 Kernel State                                               
 Program ID:                       260501                   
 BPF Function:                     pass                     
 Kernel Type:                      xdp                      
 Loaded At:                        2026-06-26T16:50:50+0100 
 Tag:                              671e1cfa7d68206f         
 GPL Compatible:                   true                     
 Map IDs:                          [417164]                 
 BTF ID:                           775048                   
 Size Translated (bytes):          168                      
 JITted:                           true                     
 Size JITted:                      117                      
 Kernel Allocated Memory (bytes):  4096                     
 Verified Instruction Count:       12                       
[exit 0]

$ rsbpf attach 260501 xdp --iface bpfmanpar0 --priority 100 --metadata owner=parity
 Bpfman State                                
 BPF Function:       pass                    
 Program Type:       xdp                     
 Program ID:         260501                  
 Link ID:            157373504               
 Interface:          bpfmanpar0              
 Priority:           100                     
 Position:           0                       
 Proceed On:         pass, dispatcher_return 
 Network Namespace:  None                    
 Metadata:           owner=parity            
[exit 0]

$ rsbpf get link 157373504
 Bpfman State                                
 BPF Function:       pass                    
 Program Type:       xdp                     
 Program ID:         260501                  
 Link ID:            157373504               
 Interface:          bpfmanpar0              
 Priority:           100                     
 Position:           0                       
 Proceed On:         pass, dispatcher_return 
 Network Namespace:  None                    
 Metadata:           owner=parity            
[exit 0]

$ rsbpf list programs
 Program ID  Application  Type  Function Name  Links         
 260501                   xdp   pass           (1) 157373504 
[exit 0]

$ rsbpf list links
 Program ID  Link ID    Application  Type  Function Name  Attachment       
 260501      157373504               xdp   pass           bpfmanpar0 pos-0 
[exit 0]

$ rsbpf detach 157373504

[exit 0]

$ rsbpf unload 260501

[exit 0]

$ rsbpf get program 260501
Error: get error: An error occurred. Program 260501 does not exist
[exit 1]

