$ rsbpf load file --path e2e/testdata/bpf/tc_exact.bpf.o --programs tc:stats -g weight=0000000000000005
 Bpfman State                                   
 BPF Function:  stats                           
 Program Type:  tc                              
 Path:          e2e/testdata/bpf/tc_exact.bpf.o 
 Global:        weight=0000000000000005         
 Metadata:      None                            
 Map Pin Path:  /run/bpfman/fs/maps/260021      
 Map Owner ID:  None                            
 Maps Used By:  260021                          
 Links:         None                            

 Kernel State                                               
 Program ID:                       260021                   
 BPF Function:                     stats                    
 Kernel Type:                      tc                       
 Loaded At:                        2026-06-26T16:46:30+0100 
 Tag:                              8fcb3a8b7634b7be         
 GPL Compatible:                   true                     
 Map IDs:                          [416836, 416835]         
 BTF ID:                           774336                   
 Size Translated (bytes):          352                      
 JITted:                           true                     
 Size JITted:                      221                      
 Kernel Allocated Memory (bytes):  4096                     
 Verified Instruction Count:       44                       
[exit 0]

$ rsbpf load file --path e2e/testdata/bpf/tc_exact.bpf.o --programs tc:stats -g weight=0x0000000000000005
error: invalid value 'weight=0x0000000000000005' for '--global <GLOBAL>...': invalid input parameter

For more information, try '--help'.
[exit 2]

$ rsbpf load file --path e2e/testdata/bpf/tc_exact.bpf.o --programs tc:stats -g boguskey=01
[ERROR bpfman] Error: failed to load programs: error parsing BPF object: symbol with name boguskey not found in the symbols table
Error: error parsing BPF object: symbol with name boguskey not found in the symbols table

Caused by:
    symbol with name boguskey not found in the symbols table
[exit 1]

