$ rsbpf load file --path e2e/testdata/bpf/kprobe_counter.bpf.o --programs kprobe:kprobe_counter --metadata parity=rust
 Bpfman State                                         
 BPF Function:  kprobe_counter                        
 Program Type:  kprobe                                
 Path:          e2e/testdata/bpf/kprobe_counter.bpf.o 
 Global:        None                                  
 Metadata:      parity=rust                           
 Map Pin Path:  /run/bpfman/fs/maps/260667            
 Map Owner ID:  None                                  
 Maps Used By:  260667                                
 Links:         None                                  

 Kernel State                                               
 Program ID:                       260667                   
 BPF Function:                     kprobe_counter           
 Kernel Type:                      probe                    
 Loaded At:                        2026-06-26T16:50:54+0100 
 Tag:                              7a2dd52cbef12658         
 GPL Compatible:                   true                     
 Map IDs:                          [417255]                 
 BTF ID:                           775257                   
 Size Translated (bytes):          168                      
 JITted:                           true                     
 Size JITted:                      114                      
 Kernel Allocated Memory (bytes):  4096                     
 Verified Instruction Count:       12                       
[exit 0]

$ rsbpf get program 260667
 Bpfman State                                         
 BPF Function:  kprobe_counter                        
 Program Type:  kprobe                                
 Path:          e2e/testdata/bpf/kprobe_counter.bpf.o 
 Global:        None                                  
 Metadata:      parity=rust                           
 Map Pin Path:  /run/bpfman/fs/maps/260667            
 Map Owner ID:  None                                  
 Maps Used By:  260667                                
 Links:         None                                  

 Kernel State                                               
 Program ID:                       260667                   
 BPF Function:                     kprobe_counter           
 Kernel Type:                      probe                    
 Loaded At:                        2026-06-26T16:50:54+0100 
 Tag:                              7a2dd52cbef12658         
 GPL Compatible:                   true                     
 Map IDs:                          [417255]                 
 BTF ID:                           775257                   
 Size Translated (bytes):          168                      
 JITted:                           true                     
 Size JITted:                      114                      
 Kernel Allocated Memory (bytes):  4096                     
 Verified Instruction Count:       12                       
[exit 0]

$ rsbpf attach 260667 kprobe --fn-name vfs_read --metadata owner=parity
 Bpfman State                     
 BPF Function:     kprobe_counter 
 Program Type:     kprobe         
 Program ID:       260667         
 Link ID:          411178162      
 Attach Function:  vfs_read       
 Offset:           0              
 Container PID:    None           
 Metadata:         owner=parity   
[exit 0]

$ rsbpf get link 411178162
 Bpfman State                     
 BPF Function:     kprobe_counter 
 Program Type:     kprobe         
 Program ID:       260667         
 Link ID:          411178162      
 Attach Function:  vfs_read       
 Offset:           0              
 Container PID:    None           
 Metadata:         owner=parity   
[exit 0]

$ rsbpf list programs
 Program ID  Application  Type    Function Name   Links         
 260667                   kprobe  kprobe_counter  (1) 411178162 
[exit 0]

$ rsbpf list links
 Program ID  Link ID    Application  Type    Function Name   Attachment 
 260667      411178162               kprobe  kprobe_counter  vfs_read   
[exit 0]

$ rsbpf detach 411178162

[exit 0]

$ rsbpf unload 260667

[exit 0]

$ rsbpf get program 260667
Error: get error: An error occurred. Program 260667 does not exist
[exit 1]

