$ rsbpf load file --path e2e/testdata/bpf/kprobe_counter.bpf.o --programs kretprobe:kprobe_counter --metadata parity=rust
 Bpfman State                                         
 BPF Function:  kprobe_counter                        
 Program Type:  kprobe                                
 Path:          e2e/testdata/bpf/kprobe_counter.bpf.o 
 Global:        None                                  
 Metadata:      parity=rust                           
 Map Pin Path:  /run/bpfman/fs/maps/260708            
 Map Owner ID:  None                                  
 Maps Used By:  260708                                
 Links:         None                                  

 Kernel State                                               
 Program ID:                       260708                   
 BPF Function:                     kprobe_counter           
 Kernel Type:                      probe                    
 Loaded At:                        2026-06-26T16:50:55+0100 
 Tag:                              7a2dd52cbef12658         
 GPL Compatible:                   true                     
 Map IDs:                          [417276]                 
 BTF ID:                           775306                   
 Size Translated (bytes):          168                      
 JITted:                           true                     
 Size JITted:                      114                      
 Kernel Allocated Memory (bytes):  4096                     
 Verified Instruction Count:       12                       
[exit 0]

$ rsbpf get program 260708
 Bpfman State                                         
 BPF Function:  kprobe_counter                        
 Program Type:  kprobe                                
 Path:          e2e/testdata/bpf/kprobe_counter.bpf.o 
 Global:        None                                  
 Metadata:      parity=rust                           
 Map Pin Path:  /run/bpfman/fs/maps/260708            
 Map Owner ID:  None                                  
 Maps Used By:  260708                                
 Links:         None                                  

 Kernel State                                               
 Program ID:                       260708                   
 BPF Function:                     kprobe_counter           
 Kernel Type:                      probe                    
 Loaded At:                        2026-06-26T16:50:55+0100 
 Tag:                              7a2dd52cbef12658         
 GPL Compatible:                   true                     
 Map IDs:                          [417276]                 
 BTF ID:                           775306                   
 Size Translated (bytes):          168                      
 JITted:                           true                     
 Size JITted:                      114                      
 Kernel Allocated Memory (bytes):  4096                     
 Verified Instruction Count:       12                       
[exit 0]

$ rsbpf attach 260708 kprobe --fn-name vfs_read --metadata owner=parity
 Bpfman State                     
 BPF Function:     kprobe_counter 
 Program Type:     kprobe         
 Program ID:       260708         
 Link ID:          3266303794     
 Attach Function:  vfs_read       
 Offset:           0              
 Container PID:    None           
 Metadata:         owner=parity   
[exit 0]

$ rsbpf get link 3266303794
 Bpfman State                     
 BPF Function:     kprobe_counter 
 Program Type:     kprobe         
 Program ID:       260708         
 Link ID:          3266303794     
 Attach Function:  vfs_read       
 Offset:           0              
 Container PID:    None           
 Metadata:         owner=parity   
[exit 0]

$ rsbpf list programs
 Program ID  Application  Type    Function Name   Links          
 260708                   kprobe  kprobe_counter  (1) 3266303794 
[exit 0]

$ rsbpf list links
 Program ID  Link ID     Application  Type    Function Name   Attachment 
 260708      3266303794               kprobe  kprobe_counter  vfs_read   
[exit 0]

$ rsbpf detach 3266303794

[exit 0]

$ rsbpf unload 260708

[exit 0]

$ rsbpf get program 260708
Error: get error: An error occurred. Program 260708 does not exist
[exit 1]

