$ rsbpf load file --path e2e/testdata/bpf/tcx_counter.bpf.o --programs tcx:tcx_stats
 Bpfman State                                      
 BPF Function:  tcx_stats                          
 Program Type:  tcx                                
 Path:          e2e/testdata/bpf/tcx_counter.bpf.o 
 Global:        None                               
 Metadata:      None                               
 Map Pin Path:  /run/bpfman/fs/maps/260089         
 Map Owner ID:  None                               
 Maps Used By:  260089                             
 Links:         None                               

 Kernel State                                               
 Program ID:                       260089                   
 BPF Function:                     tcx_stats                
 Kernel Type:                      tc                       
 Loaded At:                        2026-06-26T16:46:31+0100 
 Tag:                              7a2dd52cbef12658         
 GPL Compatible:                   true                     
 Map IDs:                          [416871]                 
 BTF ID:                           774426                   
 Size Translated (bytes):          168                      
 JITted:                           true                     
 Size JITted:                      114                      
 Kernel Allocated Memory (bytes):  4096                     
 Verified Instruction Count:       12                       
[exit 0]

$ rsbpf load file --path e2e/testdata/bpf/tcx_counter.bpf.o --programs tcx:tcx_stats --map-owner-id 260089
 Bpfman State                                      
 BPF Function:  tcx_stats                          
 Program Type:  tcx                                
 Path:          e2e/testdata/bpf/tcx_counter.bpf.o 
 Global:        None                               
 Metadata:      None                               
 Map Pin Path:  /run/bpfman/fs/maps/260089         
 Map Owner ID:  260089                             
 Maps Used By:  260089                             
                260097                             
 Links:         None                               

 Kernel State                                               
 Program ID:                       260097                   
 BPF Function:                     tcx_stats                
 Kernel Type:                      tc                       
 Loaded At:                        2026-06-26T16:46:31+0100 
 Tag:                              7a2dd52cbef12658         
 GPL Compatible:                   true                     
 Map IDs:                          [416875]                 
 BTF ID:                           774435                   
 Size Translated (bytes):          168                      
 JITted:                           true                     
 Size JITted:                      114                      
 Kernel Allocated Memory (bytes):  4096                     
 Verified Instruction Count:       12                       
[exit 0]

$ sudo bpftool prog show id 260089
260089: sched_cls  name tcx_stats  tag 7a2dd52cbef12658  gpl
	loaded_at 2026-06-26T16:46:31+0100  uid 0
	xlated 168B  jited 114B  memlock 4096B  map_ids 416871
	btf_id 774426
[exit 0]

$ sudo bpftool prog show id 260097
260097: sched_cls  name tcx_stats  tag 7a2dd52cbef12658  gpl
	loaded_at 2026-06-26T16:46:31+0100  uid 0
	xlated 168B  jited 114B  memlock 4096B  map_ids 416875
	btf_id 774435
[exit 0]

