$ rsbpf attach 261095 tc --direction ingress --iface nsveth0p --netns /var/run/netns/bpfmanns --priority 100
 Bpfman State                                
 BPF Function:       stats                   
 Program Type:       tc                      
 Program ID:         261095                  
 Link ID:            2272392721              
 Interface:          nsveth0p                
 Direction:          ingress                 
 Priority:           100                     
 Position:           0                       
 Proceed On:         pipe, dispatcher_return 
 Network Namespace:  /var/run/netns/bpfmanns 
 Metadata:           None                    
[exit 0]

$ rsbpf get link 2272392721
 Bpfman State                                
 BPF Function:       stats                   
 Program Type:       tc                      
 Program ID:         261095                  
 Link ID:            2272392721              
 Interface:          nsveth0p                
 Direction:          ingress                 
 Priority:           100                     
 Position:           0                       
 Proceed On:         pipe, dispatcher_return 
 Network Namespace:  /var/run/netns/bpfmanns 
 Metadata:           None                    
[exit 0]

$ sudo ip netns del bpfmanns   # delete the namespace path
[exit 0]

$ rsbpf get link 2272392721
 Bpfman State                                
 BPF Function:       stats                   
 Program Type:       tc                      
 Program ID:         261095                  
 Link ID:            2272392721              
 Interface:          nsveth0p                
 Direction:          ingress                 
 Priority:           100                     
 Position:           0                       
 Proceed On:         pipe, dispatcher_return 
 Network Namespace:  /var/run/netns/bpfmanns 
 Metadata:           None                    
[exit 0]

$ rsbpf detach 2272392721

[exit 0]

$ rsbpf get link 2272392721
Error: get error: Database entry type does not exist in tree "link_2272392721": 
[exit 1]

$ rsbpf unload 261095

[exit 0]

$ rsbpf get program 261095
Error: get error: An error occurred. Program 261095 does not exist
[exit 1]

