$ rsbpf load file --path e2e/testdata/bpf/tcx_counter.bpf.o --programs tcx:tcx_stats
 Bpfman State                                      
 BPF Function:  tcx_stats                          
 Program Type:  tcx                                
 Path:          e2e/testdata/bpf/tcx_counter.bpf.o 
 Global:        None                               
 Metadata:      None                               
 Map Pin Path:  /run/bpfman/fs/maps/257956         
 Map Owner ID:  None                               
 Maps Used By:  257956                             
 Links:         None                               

 Kernel State                                               
 Program ID:                       257956                   
 BPF Function:                     tcx_stats                
 Kernel Type:                      tc                       
 Loaded At:                        2026-06-26T15:10:16+0100 
 Tag:                              7a2dd52cbef12658         
 GPL Compatible:                   true                     
 Map IDs:                          [415246]                 
 BTF ID:                           770963                   
 Size Translated (bytes):          168                      
 JITted:                           true                     
 Size JITted:                      114                      
 Kernel Allocated Memory (bytes):  4096                     
 Verified Instruction Count:       12                       
[exit 0]

$ rsbpf attach 257956 tcx --direction ingress --iface bpfmanpar9 --priority 50
 Bpfman State                   
 BPF Function:       tcx_stats  
 Program Type:       tcx        
 Program ID:         257956     
 Link ID:            3055580774 
 Interface:          bpfmanpar9 
 Direction:          ingress    
 Priority:           50         
 Position:           0          
 Network Namespace:  None       
 Metadata:           None       
[exit 0]

$ rsbpf load file --path e2e/testdata/bpf/tcx_counter.bpf.o --programs tcx:tcx_stats
 Bpfman State                                      
 BPF Function:  tcx_stats                          
 Program Type:  tcx                                
 Path:          e2e/testdata/bpf/tcx_counter.bpf.o 
 Global:        None                               
 Metadata:      None                               
 Map Pin Path:  /run/bpfman/fs/maps/257971         
 Map Owner ID:  None                               
 Maps Used By:  257971                             
 Links:         None                               

 Kernel State                                               
 Program ID:                       257971                   
 BPF Function:                     tcx_stats                
 Kernel Type:                      tc                       
 Loaded At:                        2026-06-26T15:10:16+0100 
 Tag:                              7a2dd52cbef12658         
 GPL Compatible:                   true                     
 Map IDs:                          [415253]                 
 BTF ID:                           770980                   
 Size Translated (bytes):          168                      
 JITted:                           true                     
 Size JITted:                      114                      
 Kernel Allocated Memory (bytes):  4096                     
 Verified Instruction Count:       12                       
[exit 0]

$ rsbpf attach 257971 tcx --direction ingress --iface bpfmanpar9 --priority 10
 Bpfman State                   
 BPF Function:       tcx_stats  
 Program Type:       tcx        
 Program ID:         257971     
 Link ID:            1195676222 
 Interface:          bpfmanpar9 
 Direction:          ingress    
 Priority:           10         
 Position:           0          
 Network Namespace:  None       
 Metadata:           None       
[exit 0]

$ rsbpf load file --path e2e/testdata/bpf/tcx_counter.bpf.o --programs tcx:tcx_stats
 Bpfman State                                      
 BPF Function:  tcx_stats                          
 Program Type:  tcx                                
 Path:          e2e/testdata/bpf/tcx_counter.bpf.o 
 Global:        None                               
 Metadata:      None                               
 Map Pin Path:  /run/bpfman/fs/maps/257986         
 Map Owner ID:  None                               
 Maps Used By:  257986                             
 Links:         None                               

 Kernel State                                               
 Program ID:                       257986                   
 BPF Function:                     tcx_stats                
 Kernel Type:                      tc                       
 Loaded At:                        2026-06-26T15:10:17+0100 
 Tag:                              7a2dd52cbef12658         
 GPL Compatible:                   true                     
 Map IDs:                          [415260]                 
 BTF ID:                           770997                   
 Size Translated (bytes):          168                      
 JITted:                           true                     
 Size JITted:                      114                      
 Kernel Allocated Memory (bytes):  4096                     
 Verified Instruction Count:       12                       
[exit 0]

$ rsbpf attach 257986 tcx --direction ingress --iface bpfmanpar9 --priority 40
 Bpfman State                   
 BPF Function:       tcx_stats  
 Program Type:       tcx        
 Program ID:         257986     
 Link ID:            1941003490 
 Interface:          bpfmanpar9 
 Direction:          ingress    
 Priority:           40         
 Position:           1          
 Network Namespace:  None       
 Metadata:           None       
[exit 0]

$ rsbpf load file --path e2e/testdata/bpf/tcx_counter.bpf.o --programs tcx:tcx_stats
 Bpfman State                                      
 BPF Function:  tcx_stats                          
 Program Type:  tcx                                
 Path:          e2e/testdata/bpf/tcx_counter.bpf.o 
 Global:        None                               
 Metadata:      None                               
 Map Pin Path:  /run/bpfman/fs/maps/258001         
 Map Owner ID:  None                               
 Maps Used By:  258001                             
 Links:         None                               

 Kernel State                                               
 Program ID:                       258001                   
 BPF Function:                     tcx_stats                
 Kernel Type:                      tc                       
 Loaded At:                        2026-06-26T15:10:17+0100 
 Tag:                              7a2dd52cbef12658         
 GPL Compatible:                   true                     
 Map IDs:                          [415267]                 
 BTF ID:                           771014                   
 Size Translated (bytes):          168                      
 JITted:                           true                     
 Size JITted:                      114                      
 Kernel Allocated Memory (bytes):  4096                     
 Verified Instruction Count:       12                       
[exit 0]

$ rsbpf attach 258001 tcx --direction ingress --iface bpfmanpar9 --priority 20
 Bpfman State                   
 BPF Function:       tcx_stats  
 Program Type:       tcx        
 Program ID:         258001     
 Link ID:            3841157782 
 Interface:          bpfmanpar9 
 Direction:          ingress    
 Priority:           20         
 Position:           1          
 Network Namespace:  None       
 Metadata:           None       
[exit 0]

$ rsbpf load file --path e2e/testdata/bpf/tcx_counter.bpf.o --programs tcx:tcx_stats
 Bpfman State                                      
 BPF Function:  tcx_stats                          
 Program Type:  tcx                                
 Path:          e2e/testdata/bpf/tcx_counter.bpf.o 
 Global:        None                               
 Metadata:      None                               
 Map Pin Path:  /run/bpfman/fs/maps/258016         
 Map Owner ID:  None                               
 Maps Used By:  258016                             
 Links:         None                               

 Kernel State                                               
 Program ID:                       258016                   
 BPF Function:                     tcx_stats                
 Kernel Type:                      tc                       
 Loaded At:                        2026-06-26T15:10:17+0100 
 Tag:                              7a2dd52cbef12658         
 GPL Compatible:                   true                     
 Map IDs:                          [415274]                 
 BTF ID:                           771031                   
 Size Translated (bytes):          168                      
 JITted:                           true                     
 Size JITted:                      114                      
 Kernel Allocated Memory (bytes):  4096                     
 Verified Instruction Count:       12                       
[exit 0]

$ rsbpf attach 258016 tcx --direction ingress --iface bpfmanpar9 --priority 30
 Bpfman State                   
 BPF Function:       tcx_stats  
 Program Type:       tcx        
 Program ID:         258016     
 Link ID:            1347963188 
 Interface:          bpfmanpar9 
 Direction:          ingress    
 Priority:           30         
 Position:           2          
 Network Namespace:  None       
 Metadata:           None       
[exit 0]

$ rsbpf get link 3055580774
 Bpfman State                   
 BPF Function:       tcx_stats  
 Program Type:       tcx        
 Program ID:         257956     
 Link ID:            3055580774 
 Interface:          bpfmanpar9 
 Direction:          ingress    
 Priority:           50         
 Position:           4          
 Network Namespace:  None       
 Metadata:           None       
[exit 0]

$ rsbpf get link 1195676222
 Bpfman State                   
 BPF Function:       tcx_stats  
 Program Type:       tcx        
 Program ID:         257971     
 Link ID:            1195676222 
 Interface:          bpfmanpar9 
 Direction:          ingress    
 Priority:           10         
 Position:           0          
 Network Namespace:  None       
 Metadata:           None       
[exit 0]

$ rsbpf get link 1941003490
 Bpfman State                   
 BPF Function:       tcx_stats  
 Program Type:       tcx        
 Program ID:         257986     
 Link ID:            1941003490 
 Interface:          bpfmanpar9 
 Direction:          ingress    
 Priority:           40         
 Position:           3          
 Network Namespace:  None       
 Metadata:           None       
[exit 0]

$ rsbpf get link 3841157782
 Bpfman State                   
 BPF Function:       tcx_stats  
 Program Type:       tcx        
 Program ID:         258001     
 Link ID:            3841157782 
 Interface:          bpfmanpar9 
 Direction:          ingress    
 Priority:           20         
 Position:           1          
 Network Namespace:  None       
 Metadata:           None       
[exit 0]

$ rsbpf get link 1347963188
 Bpfman State                   
 BPF Function:       tcx_stats  
 Program Type:       tcx        
 Program ID:         258016     
 Link ID:            1347963188 
 Interface:          bpfmanpar9 
 Direction:          ingress    
 Priority:           30         
 Position:           2          
 Network Namespace:  None       
 Metadata:           None       
[exit 0]

$ rsbpf detach 3055580774

[exit 0]

$ rsbpf detach 1195676222

[exit 0]

$ rsbpf detach 1941003490

[exit 0]

$ rsbpf detach 3841157782

[exit 0]

$ rsbpf detach 1347963188

[exit 0]

$ rsbpf unload 257956

[exit 0]

$ rsbpf unload 257971

[exit 0]

$ rsbpf unload 257986

[exit 0]

$ rsbpf unload 258001

[exit 0]

$ rsbpf unload 258016

[exit 0]

