$ rsbpf attach 260335 xdp --iface bpfmanpar9 --priority 10
 Bpfman State                                
 BPF Function:       pass                    
 Program Type:       xdp                     
 Program ID:         260335                  
 Link ID:            2406431816              
 Interface:          bpfmanpar9              
 Priority:           10                      
 Position:           0                       
 Proceed On:         pass, dispatcher_return 
 Network Namespace:  None                    
 Metadata:           None                    
[exit 0]

$ rsbpf attach 260335 xdp --iface bpfmanpar9 --priority 20
 Bpfman State                                
 BPF Function:       pass                    
 Program Type:       xdp                     
 Program ID:         260335                  
 Link ID:            2852058362              
 Interface:          bpfmanpar9              
 Priority:           20                      
 Position:           1                       
 Proceed On:         pass, dispatcher_return 
 Network Namespace:  None                    
 Metadata:           None                    
[exit 0]

$ rsbpf attach 260335 xdp --iface bpfmanpar9 --priority 30
 Bpfman State                                
 BPF Function:       pass                    
 Program Type:       xdp                     
 Program ID:         260335                  
 Link ID:            4243297030              
 Interface:          bpfmanpar9              
 Priority:           30                      
 Position:           2                       
 Proceed On:         pass, dispatcher_return 
 Network Namespace:  None                    
 Metadata:           None                    
[exit 0]

$ rsbpf get link 2406431816
 Bpfman State                                
 BPF Function:       pass                    
 Program Type:       xdp                     
 Program ID:         260335                  
 Link ID:            2406431816              
 Interface:          bpfmanpar9              
 Priority:           10                      
 Position:           0                       
 Proceed On:         pass, dispatcher_return 
 Network Namespace:  None                    
 Metadata:           None                    
[exit 0]

$ rsbpf get link 2852058362
 Bpfman State                                
 BPF Function:       pass                    
 Program Type:       xdp                     
 Program ID:         260335                  
 Link ID:            2852058362              
 Interface:          bpfmanpar9              
 Priority:           20                      
 Position:           1                       
 Proceed On:         pass, dispatcher_return 
 Network Namespace:  None                    
 Metadata:           None                    
[exit 0]

$ rsbpf get link 4243297030
 Bpfman State                                
 BPF Function:       pass                    
 Program Type:       xdp                     
 Program ID:         260335                  
 Link ID:            4243297030              
 Interface:          bpfmanpar9              
 Priority:           30                      
 Position:           2                       
 Proceed On:         pass, dispatcher_return 
 Network Namespace:  None                    
 Metadata:           None                    
[exit 0]

$ rsbpf detach 2852058362

[exit 0]

$ rsbpf get link 2406431816
 Bpfman State                                
 BPF Function:       pass                    
 Program Type:       xdp                     
 Program ID:         260335                  
 Link ID:            2406431816              
 Interface:          bpfmanpar9              
 Priority:           10                      
 Position:           0                       
 Proceed On:         pass, dispatcher_return 
 Network Namespace:  None                    
 Metadata:           None                    
[exit 0]

$ rsbpf get link 4243297030
 Bpfman State                                
 BPF Function:       pass                    
 Program Type:       xdp                     
 Program ID:         260335                  
 Link ID:            4243297030              
 Interface:          bpfmanpar9              
 Priority:           30                      
 Position:           1                       
 Proceed On:         pass, dispatcher_return 
 Network Namespace:  None                    
 Metadata:           None                    
[exit 0]

$ rsbpf detach 2406431816

[exit 0]

$ rsbpf detach 4243297030

[exit 0]

$ rsbpf unload 260335

[exit 0]

