$ rsbpf attach 259996 xdp --iface bpfmanpar0 --priority 0
 Bpfman State                                
 BPF Function:       pass                    
 Program Type:       xdp                     
 Program ID:         259996                  
 Link ID:            2645047931              
 Interface:          bpfmanpar0              
 Priority:           0                       
 Position:           0                       
 Proceed On:         pass, dispatcher_return 
 Network Namespace:  None                    
 Metadata:           None                    
[exit 0]

$ rsbpf get link 2645047931
 Bpfman State                                
 BPF Function:       pass                    
 Program Type:       xdp                     
 Program ID:         259996                  
 Link ID:            2645047931              
 Interface:          bpfmanpar0              
 Priority:           0                       
 Position:           0                       
 Proceed On:         pass, dispatcher_return 
 Network Namespace:  None                    
 Metadata:           None                    
[exit 0]

