$ gobpf program load file e2e/testdata/bpf/tc_counter.bpf.o --programs tc:stats -o json
{
  "programs": [
    {
      "record": {
        "program_id": 259430,
        "load": {
          "object_path": "/run/bpfman-parity-go/programs/259430/bytecode.o",
          "program_name": "stats",
          "program_type": "tc",
          "global_data": {},
          "image_source": null,
          "attach_func": null,
          "map_owner_id": null
        },
        "license": "Dual BSD/GPL",
        "gpl_compatible": true,
        "handles": {
          "pin_path": "/run/bpfman-parity-go/fs/prog_259430",
          "map_pin_path": "/run/bpfman-parity-go/fs/maps/259430",
          "map_owner_id": null
        },
        "meta": {
          "name": "stats",
          "owner": "",
          "description": "",
          "metadata": {}
        },
        "created_at": "2026-06-26T15:35:50Z",
        "updated_at": null
      },
      "status": {
        "kernel": {
          "id": 259430,
          "name": "stats",
          "program_type": "extension",
          "tag": "ddaa0f8c90c60f04",
          "loaded_at": "2026-06-26T15:35:49Z",
          "uid": 0,
          "has_uid": true,
          "btf_id": 773428,
          "has_btf_id": true,
          "map_ids": [
            416409
          ],
          "has_map_ids": true,
          "jited_size": 162,
          "xlated_size": 240,
          "verified_insns": 23,
          "memlock": 4096,
          "has_memlock": true,
          "restricted": false
        },
        "stats": null,
        "prog_pin": "/run/bpfman-parity-go/fs/prog_259430",
        "map_dir": "/run/bpfman-parity-go/fs/maps/259430",
        "bytecode": "/run/bpfman-parity-go/programs/259430/bytecode.o",
        "links": [],
        "maps": [
          {
            "id": 416409,
            "name": "tc_stats_map",
            "map_type": "percpuarray",
            "key_size": 4,
            "value_size": 16,
            "max_entries": 8,
            "flags": 0,
            "btf_id": 773426,
            "has_btf_id": true,
            "map_extra": 0,
            "has_map_extra": false,
            "memlock": 2416,
            "has_memlock": true,
            "frozen": false,
            "pin_path": "",
            "present": false
          }
        ],
        "map_used_by": [
          259430
        ]
      }
    }
  ]
}
[exit 0]

$ gobpf link attach tc 259430 bpfmanpar9 ingress --priority 100 -o json
{
  "record": {
    "id": 2123456910,
    "program_id": 259430,
    "kernel_link_id": 371081,
    "kind": "tc",
    "pin_path": "/run/bpfman-parity-go/fs/tc-ingress/dispatcher_4026531833_25172_1/link_0",
    "details": {
      "interface": "bpfmanpar9",
      "ifindex": 25172,
      "direction": "ingress",
      "priority": 100,
      "position": 0,
      "proceed_on": [
        3,
        30
      ],
      "netns": "",
      "nsid": 4026531833,
      "dispatcher_id": 259431,
      "revision": 1
    },
    "created_at": "0001-01-01T00:00:00Z",
    "metadata": null
  },
  "status": {
    "kernel": {
      "id": 371081,
      "program_id": 259430,
      "link_type": "tracing",
      "attach_type": "0",
      "ifindex": 0,
      "target_obj_id": 259431,
      "target_btf_id": 3,
      "cgroup_id": 0,
      "netns_ino": 0,
      "netfilter_pf": 0,
      "netfilter_hooknum": 0,
      "netfilter_priority": 0,
      "netfilter_flags": 0,
      "kprobe_multi_count": 0,
      "kprobe_multi_flags": 0,
      "kprobe_multi_missed": 0,
      "kprobe_address": 0,
      "kprobe_missed": 0
    },
    "kernel_seen": true,
    "pin_present": true
  }
}
[exit 0]

$ gobpf link attach tc 259430 bpfmanpar9 ingress --priority 200 -o json
{
  "record": {
    "id": 2123456911,
    "program_id": 259430,
    "kernel_link_id": 371083,
    "kind": "tc",
    "pin_path": "/run/bpfman-parity-go/fs/tc-ingress/dispatcher_4026531833_25172_2/link_1",
    "details": {
      "interface": "bpfmanpar9",
      "ifindex": 25172,
      "direction": "ingress",
      "priority": 200,
      "position": 1,
      "proceed_on": [
        3,
        30
      ],
      "netns": "",
      "nsid": 4026531833,
      "dispatcher_id": 259432,
      "revision": 2
    },
    "created_at": "0001-01-01T00:00:00Z",
    "metadata": null
  },
  "status": {
    "kernel": {
      "id": 371083,
      "program_id": 259430,
      "link_type": "tracing",
      "attach_type": "0",
      "ifindex": 0,
      "target_obj_id": 259432,
      "target_btf_id": 4,
      "cgroup_id": 0,
      "netns_ino": 0,
      "netfilter_pf": 0,
      "netfilter_hooknum": 0,
      "netfilter_priority": 0,
      "netfilter_flags": 0,
      "kprobe_multi_count": 0,
      "kprobe_multi_flags": 0,
      "kprobe_multi_missed": 0,
      "kprobe_address": 0,
      "kprobe_missed": 0
    },
    "kernel_seen": true,
    "pin_present": true
  }
}
[exit 0]

$ gobpf link attach tc 259430 bpfmanpar9 ingress --priority 300 -o json
{
  "record": {
    "id": 2123456912,
    "program_id": 259430,
    "kernel_link_id": 371086,
    "kind": "tc",
    "pin_path": "/run/bpfman-parity-go/fs/tc-ingress/dispatcher_4026531833_25172_3/link_2",
    "details": {
      "interface": "bpfmanpar9",
      "ifindex": 25172,
      "direction": "ingress",
      "priority": 300,
      "position": 2,
      "proceed_on": [
        3,
        30
      ],
      "netns": "",
      "nsid": 4026531833,
      "dispatcher_id": 259433,
      "revision": 3
    },
    "created_at": "0001-01-01T00:00:00Z",
    "metadata": null
  },
  "status": {
    "kernel": {
      "id": 371086,
      "program_id": 259430,
      "link_type": "tracing",
      "attach_type": "0",
      "ifindex": 0,
      "target_obj_id": 259433,
      "target_btf_id": 5,
      "cgroup_id": 0,
      "netns_ino": 0,
      "netfilter_pf": 0,
      "netfilter_hooknum": 0,
      "netfilter_priority": 0,
      "netfilter_flags": 0,
      "kprobe_multi_count": 0,
      "kprobe_multi_flags": 0,
      "kprobe_multi_missed": 0,
      "kprobe_address": 0,
      "kprobe_missed": 0
    },
    "kernel_seen": true,
    "pin_present": true
  }
}
[exit 0]

$ gobpf link attach tc 259430 bpfmanpar9 ingress --priority 400 -o json
{
  "record": {
    "id": 2123456913,
    "program_id": 259430,
    "kernel_link_id": 371090,
    "kind": "tc",
    "pin_path": "/run/bpfman-parity-go/fs/tc-ingress/dispatcher_4026531833_25172_4/link_3",
    "details": {
      "interface": "bpfmanpar9",
      "ifindex": 25172,
      "direction": "ingress",
      "priority": 400,
      "position": 3,
      "proceed_on": [
        3,
        30
      ],
      "netns": "",
      "nsid": 4026531833,
      "dispatcher_id": 259434,
      "revision": 4
    },
    "created_at": "0001-01-01T00:00:00Z",
    "metadata": null
  },
  "status": {
    "kernel": {
      "id": 371090,
      "program_id": 259430,
      "link_type": "tracing",
      "attach_type": "0",
      "ifindex": 0,
      "target_obj_id": 259434,
      "target_btf_id": 6,
      "cgroup_id": 0,
      "netns_ino": 0,
      "netfilter_pf": 0,
      "netfilter_hooknum": 0,
      "netfilter_priority": 0,
      "netfilter_flags": 0,
      "kprobe_multi_count": 0,
      "kprobe_multi_flags": 0,
      "kprobe_multi_missed": 0,
      "kprobe_address": 0,
      "kprobe_missed": 0
    },
    "kernel_seen": true,
    "pin_present": true
  }
}
[exit 0]

$ gobpf link attach tc 259430 bpfmanpar9 ingress --priority 500 -o json
{
  "record": {
    "id": 2123456914,
    "program_id": 259430,
    "kernel_link_id": 371095,
    "kind": "tc",
    "pin_path": "/run/bpfman-parity-go/fs/tc-ingress/dispatcher_4026531833_25172_5/link_4",
    "details": {
      "interface": "bpfmanpar9",
      "ifindex": 25172,
      "direction": "ingress",
      "priority": 500,
      "position": 4,
      "proceed_on": [
        3,
        30
      ],
      "netns": "",
      "nsid": 4026531833,
      "dispatcher_id": 259435,
      "revision": 5
    },
    "created_at": "0001-01-01T00:00:00Z",
    "metadata": null
  },
  "status": {
    "kernel": {
      "id": 371095,
      "program_id": 259430,
      "link_type": "tracing",
      "attach_type": "0",
      "ifindex": 0,
      "target_obj_id": 259435,
      "target_btf_id": 7,
      "cgroup_id": 0,
      "netns_ino": 0,
      "netfilter_pf": 0,
      "netfilter_hooknum": 0,
      "netfilter_priority": 0,
      "netfilter_flags": 0,
      "kprobe_multi_count": 0,
      "kprobe_multi_flags": 0,
      "kprobe_multi_missed": 0,
      "kprobe_address": 0,
      "kprobe_missed": 0
    },
    "kernel_seen": true,
    "pin_present": true
  }
}
[exit 0]

$ gobpf link attach tc 259430 bpfmanpar9 ingress --priority 600 -o json
{
  "record": {
    "id": 2123456915,
    "program_id": 259430,
    "kernel_link_id": 371101,
    "kind": "tc",
    "pin_path": "/run/bpfman-parity-go/fs/tc-ingress/dispatcher_4026531833_25172_6/link_5",
    "details": {
      "interface": "bpfmanpar9",
      "ifindex": 25172,
      "direction": "ingress",
      "priority": 600,
      "position": 5,
      "proceed_on": [
        3,
        30
      ],
      "netns": "",
      "nsid": 4026531833,
      "dispatcher_id": 259436,
      "revision": 6
    },
    "created_at": "0001-01-01T00:00:00Z",
    "metadata": null
  },
  "status": {
    "kernel": {
      "id": 371101,
      "program_id": 259430,
      "link_type": "tracing",
      "attach_type": "0",
      "ifindex": 0,
      "target_obj_id": 259436,
      "target_btf_id": 8,
      "cgroup_id": 0,
      "netns_ino": 0,
      "netfilter_pf": 0,
      "netfilter_hooknum": 0,
      "netfilter_priority": 0,
      "netfilter_flags": 0,
      "kprobe_multi_count": 0,
      "kprobe_multi_flags": 0,
      "kprobe_multi_missed": 0,
      "kprobe_address": 0,
      "kprobe_missed": 0
    },
    "kernel_seen": true,
    "pin_present": true
  }
}
[exit 0]

$ gobpf link attach tc 259430 bpfmanpar9 ingress --priority 700 -o json
{
  "record": {
    "id": 2123456916,
    "program_id": 259430,
    "kernel_link_id": 371108,
    "kind": "tc",
    "pin_path": "/run/bpfman-parity-go/fs/tc-ingress/dispatcher_4026531833_25172_7/link_6",
    "details": {
      "interface": "bpfmanpar9",
      "ifindex": 25172,
      "direction": "ingress",
      "priority": 700,
      "position": 6,
      "proceed_on": [
        3,
        30
      ],
      "netns": "",
      "nsid": 4026531833,
      "dispatcher_id": 259437,
      "revision": 7
    },
    "created_at": "0001-01-01T00:00:00Z",
    "metadata": null
  },
  "status": {
    "kernel": {
      "id": 371108,
      "program_id": 259430,
      "link_type": "tracing",
      "attach_type": "0",
      "ifindex": 0,
      "target_obj_id": 259437,
      "target_btf_id": 9,
      "cgroup_id": 0,
      "netns_ino": 0,
      "netfilter_pf": 0,
      "netfilter_hooknum": 0,
      "netfilter_priority": 0,
      "netfilter_flags": 0,
      "kprobe_multi_count": 0,
      "kprobe_multi_flags": 0,
      "kprobe_multi_missed": 0,
      "kprobe_address": 0,
      "kprobe_missed": 0
    },
    "kernel_seen": true,
    "pin_present": true
  }
}
[exit 0]

$ gobpf link attach tc 259430 bpfmanpar9 ingress --priority 800 -o json
{
  "record": {
    "id": 2123456917,
    "program_id": 259430,
    "kernel_link_id": 371116,
    "kind": "tc",
    "pin_path": "/run/bpfman-parity-go/fs/tc-ingress/dispatcher_4026531833_25172_8/link_7",
    "details": {
      "interface": "bpfmanpar9",
      "ifindex": 25172,
      "direction": "ingress",
      "priority": 800,
      "position": 7,
      "proceed_on": [
        3,
        30
      ],
      "netns": "",
      "nsid": 4026531833,
      "dispatcher_id": 259438,
      "revision": 8
    },
    "created_at": "0001-01-01T00:00:00Z",
    "metadata": null
  },
  "status": {
    "kernel": {
      "id": 371116,
      "program_id": 259430,
      "link_type": "tracing",
      "attach_type": "0",
      "ifindex": 0,
      "target_obj_id": 259438,
      "target_btf_id": 10,
      "cgroup_id": 0,
      "netns_ino": 0,
      "netfilter_pf": 0,
      "netfilter_hooknum": 0,
      "netfilter_priority": 0,
      "netfilter_flags": 0,
      "kprobe_multi_count": 0,
      "kprobe_multi_flags": 0,
      "kprobe_multi_missed": 0,
      "kprobe_address": 0,
      "kprobe_missed": 0
    },
    "kernel_seen": true,
    "pin_present": true
  }
}
[exit 0]

$ gobpf link attach tc 259430 bpfmanpar9 ingress --priority 900 -o json
{
  "record": {
    "id": 2123456918,
    "program_id": 259430,
    "kernel_link_id": 371125,
    "kind": "tc",
    "pin_path": "/run/bpfman-parity-go/fs/tc-ingress/dispatcher_4026531833_25172_9/link_8",
    "details": {
      "interface": "bpfmanpar9",
      "ifindex": 25172,
      "direction": "ingress",
      "priority": 900,
      "position": 8,
      "proceed_on": [
        3,
        30
      ],
      "netns": "",
      "nsid": 4026531833,
      "dispatcher_id": 259439,
      "revision": 9
    },
    "created_at": "0001-01-01T00:00:00Z",
    "metadata": null
  },
  "status": {
    "kernel": {
      "id": 371125,
      "program_id": 259430,
      "link_type": "tracing",
      "attach_type": "0",
      "ifindex": 0,
      "target_obj_id": 259439,
      "target_btf_id": 11,
      "cgroup_id": 0,
      "netns_ino": 0,
      "netfilter_pf": 0,
      "netfilter_hooknum": 0,
      "netfilter_priority": 0,
      "netfilter_flags": 0,
      "kprobe_multi_count": 0,
      "kprobe_multi_flags": 0,
      "kprobe_multi_missed": 0,
      "kprobe_address": 0,
      "kprobe_missed": 0
    },
    "kernel_seen": true,
    "pin_present": true
  }
}
[exit 0]

$ gobpf link attach tc 259430 bpfmanpar9 ingress --priority 1000 -o json
{
  "record": {
    "id": 2123456919,
    "program_id": 259430,
    "kernel_link_id": 371135,
    "kind": "tc",
    "pin_path": "/run/bpfman-parity-go/fs/tc-ingress/dispatcher_4026531833_25172_10/link_9",
    "details": {
      "interface": "bpfmanpar9",
      "ifindex": 25172,
      "direction": "ingress",
      "priority": 1000,
      "position": 9,
      "proceed_on": [
        3,
        30
      ],
      "netns": "",
      "nsid": 4026531833,
      "dispatcher_id": 259440,
      "revision": 10
    },
    "created_at": "0001-01-01T00:00:00Z",
    "metadata": null
  },
  "status": {
    "kernel": {
      "id": 371135,
      "program_id": 259430,
      "link_type": "tracing",
      "attach_type": "0",
      "ifindex": 0,
      "target_obj_id": 259440,
      "target_btf_id": 12,
      "cgroup_id": 0,
      "netns_ino": 0,
      "netfilter_pf": 0,
      "netfilter_hooknum": 0,
      "netfilter_priority": 0,
      "netfilter_flags": 0,
      "kprobe_multi_count": 0,
      "kprobe_multi_flags": 0,
      "kprobe_multi_missed": 0,
      "kprobe_address": 0,
      "kprobe_missed": 0
    },
    "kernel_seen": true,
    "pin_present": true
  }
}
[exit 0]

$ gobpf link attach tc 259430 bpfmanpar9 ingress --priority 150 -o json
bpfman: error: no free dispatcher slots (all 10 occupied)
[exit 1]

$ gobpf link detach 2123456910

[exit 0]

$ gobpf link detach 2123456911

[exit 0]

$ gobpf link detach 2123456912

[exit 0]

$ gobpf link detach 2123456913

[exit 0]

$ gobpf link detach 2123456914

[exit 0]

$ gobpf link detach 2123456915

[exit 0]

$ gobpf link detach 2123456916

[exit 0]

$ gobpf link detach 2123456917

[exit 0]

$ gobpf link detach 2123456918

[exit 0]

$ gobpf link detach 2123456919

[exit 0]

$ gobpf program unload 259430

[exit 0]

