$ rsbpf load file --path e2e/testdata/bpf/tc_counter.bpf.o --programs tc:stats
 Bpfman State                                     
 BPF Function:  stats                             
 Program Type:  tc                                
 Path:          e2e/testdata/bpf/tc_counter.bpf.o 
 Global:        None                              
 Metadata:      None                              
 Map Pin Path:  /run/bpfman/fs/maps/259040        
 Map Owner ID:  None                              
 Maps Used By:  259040                            
 Links:         None                              

 Kernel State                                               
 Program ID:                       259040                   
 BPF Function:                     stats                    
 Kernel Type:                      tc                       
 Loaded At:                        2026-06-26T16:35:43+0100 
 Tag:                              ddaa0f8c90c60f04         
 GPL Compatible:                   true                     
 Map IDs:                          [416142]                 
 BTF ID:                           772845                   
 Size Translated (bytes):          240                      
 JITted:                           true                     
 Size JITted:                      162                      
 Kernel Allocated Memory (bytes):  4096                     
 Verified Instruction Count:       23                       
[exit 0]

$ rsbpf attach 259040 tc --direction ingress --iface bpfmanpar9 --priority 100
 Bpfman State                                
 BPF Function:       stats                   
 Program Type:       tc                      
 Program ID:         259040                  
 Link ID:            2939020688              
 Interface:          bpfmanpar9              
 Direction:          ingress                 
 Priority:           100                     
 Position:           0                       
 Proceed On:         pipe, dispatcher_return 
 Network Namespace:  None                    
 Metadata:           None                    
[exit 0]

$ rsbpf attach 259040 tc --direction ingress --iface bpfmanpar9 --priority 200
 Bpfman State                                
 BPF Function:       stats                   
 Program Type:       tc                      
 Program ID:         259040                  
 Link ID:            2082396377              
 Interface:          bpfmanpar9              
 Direction:          ingress                 
 Priority:           200                     
 Position:           1                       
 Proceed On:         pipe, dispatcher_return 
 Network Namespace:  None                    
 Metadata:           None                    
[exit 0]

$ rsbpf attach 259040 tc --direction ingress --iface bpfmanpar9 --priority 300
 Bpfman State                                
 BPF Function:       stats                   
 Program Type:       tc                      
 Program ID:         259040                  
 Link ID:            1876252991              
 Interface:          bpfmanpar9              
 Direction:          ingress                 
 Priority:           300                     
 Position:           2                       
 Proceed On:         pipe, dispatcher_return 
 Network Namespace:  None                    
 Metadata:           None                    
[exit 0]

$ rsbpf attach 259040 tc --direction ingress --iface bpfmanpar9 --priority 400
 Bpfman State                                
 BPF Function:       stats                   
 Program Type:       tc                      
 Program ID:         259040                  
 Link ID:            2554247065              
 Interface:          bpfmanpar9              
 Direction:          ingress                 
 Priority:           400                     
 Position:           3                       
 Proceed On:         pipe, dispatcher_return 
 Network Namespace:  None                    
 Metadata:           None                    
[exit 0]

$ rsbpf attach 259040 tc --direction ingress --iface bpfmanpar9 --priority 500
 Bpfman State                                
 BPF Function:       stats                   
 Program Type:       tc                      
 Program ID:         259040                  
 Link ID:            1793480858              
 Interface:          bpfmanpar9              
 Direction:          ingress                 
 Priority:           500                     
 Position:           4                       
 Proceed On:         pipe, dispatcher_return 
 Network Namespace:  None                    
 Metadata:           None                    
[exit 0]

$ rsbpf attach 259040 tc --direction ingress --iface bpfmanpar9 --priority 600
 Bpfman State                                
 BPF Function:       stats                   
 Program Type:       tc                      
 Program ID:         259040                  
 Link ID:            750304985               
 Interface:          bpfmanpar9              
 Direction:          ingress                 
 Priority:           600                     
 Position:           5                       
 Proceed On:         pipe, dispatcher_return 
 Network Namespace:  None                    
 Metadata:           None                    
[exit 0]

$ rsbpf attach 259040 tc --direction ingress --iface bpfmanpar9 --priority 700
 Bpfman State                                
 BPF Function:       stats                   
 Program Type:       tc                      
 Program ID:         259040                  
 Link ID:            3130758238              
 Interface:          bpfmanpar9              
 Direction:          ingress                 
 Priority:           700                     
 Position:           6                       
 Proceed On:         pipe, dispatcher_return 
 Network Namespace:  None                    
 Metadata:           None                    
[exit 0]

$ rsbpf attach 259040 tc --direction ingress --iface bpfmanpar9 --priority 800
 Bpfman State                                
 BPF Function:       stats                   
 Program Type:       tc                      
 Program ID:         259040                  
 Link ID:            239682815               
 Interface:          bpfmanpar9              
 Direction:          ingress                 
 Priority:           800                     
 Position:           7                       
 Proceed On:         pipe, dispatcher_return 
 Network Namespace:  None                    
 Metadata:           None                    
[exit 0]

$ rsbpf attach 259040 tc --direction ingress --iface bpfmanpar9 --priority 900
 Bpfman State                                
 BPF Function:       stats                   
 Program Type:       tc                      
 Program ID:         259040                  
 Link ID:            1854944713              
 Interface:          bpfmanpar9              
 Direction:          ingress                 
 Priority:           900                     
 Position:           8                       
 Proceed On:         pipe, dispatcher_return 
 Network Namespace:  None                    
 Metadata:           None                    
[exit 0]

$ rsbpf attach 259040 tc --direction ingress --iface bpfmanpar9 --priority 1000
 Bpfman State                                
 BPF Function:       stats                   
 Program Type:       tc                      
 Program ID:         259040                  
 Link ID:            351133828               
 Interface:          bpfmanpar9              
 Direction:          ingress                 
 Priority:           1000                    
 Position:           9                       
 Proceed On:         pipe, dispatcher_return 
 Network Namespace:  None                    
 Metadata:           None                    
[exit 0]

$ rsbpf detach 2554247065

[exit 0]

$ rsbpf attach 259040 tc --direction ingress --iface bpfmanpar9 --priority 350
 Bpfman State                                
 BPF Function:       stats                   
 Program Type:       tc                      
 Program ID:         259040                  
 Link ID:            2380257651              
 Interface:          bpfmanpar9              
 Direction:          ingress                 
 Priority:           350                     
 Position:           3                       
 Proceed On:         pipe, dispatcher_return 
 Network Namespace:  None                    
 Metadata:           None                    
[exit 0]

$ rsbpf get link 2380257651
 Bpfman State                                
 BPF Function:       stats                   
 Program Type:       tc                      
 Program ID:         259040                  
 Link ID:            2380257651              
 Interface:          bpfmanpar9              
 Direction:          ingress                 
 Priority:           350                     
 Position:           3                       
 Proceed On:         pipe, dispatcher_return 
 Network Namespace:  None                    
 Metadata:           None                    
[exit 0]

$ rsbpf detach 1793480858

[exit 0]

$ rsbpf detach 1854944713

[exit 0]

$ rsbpf detach 1876252991

[exit 0]

$ rsbpf detach 2082396377

[exit 0]

$ rsbpf detach 2380257651

[exit 0]

$ rsbpf detach 239682815

[exit 0]

$ rsbpf detach 2939020688

[exit 0]

$ rsbpf detach 3130758238

[exit 0]

$ rsbpf detach 351133828

[exit 0]

$ rsbpf detach 750304985

[exit 0]

$ rsbpf unload 259040

[exit 0]

