$ rsbpf load file --path e2e/testdata/bpf/uprobe_counter.bpf.o --programs uprobe:uprobe_counter --metadata parity=rust
 Bpfman State                                         
 BPF Function:  uprobe_counter                        
 Program Type:  uprobe                                
 Path:          e2e/testdata/bpf/uprobe_counter.bpf.o 
 Global:        None                                  
 Metadata:      parity=rust                           
 Map Pin Path:  /run/bpfman/fs/maps/260749            
 Map Owner ID:  None                                  
 Maps Used By:  260749                                
 Links:         None                                  

 Kernel State                                               
 Program ID:                       260749                   
 BPF Function:                     uprobe_counter           
 Kernel Type:                      probe                    
 Loaded At:                        2026-06-26T16:50:56+0100 
 Tag:                              7a2dd52cbef12658         
 GPL Compatible:                   true                     
 Map IDs:                          [417297]                 
 BTF ID:                           775355                   
 Size Translated (bytes):          168                      
 JITted:                           true                     
 Size JITted:                      114                      
 Kernel Allocated Memory (bytes):  4096                     
 Verified Instruction Count:       12                       
[exit 0]

$ rsbpf get program 260749
 Bpfman State                                         
 BPF Function:  uprobe_counter                        
 Program Type:  uprobe                                
 Path:          e2e/testdata/bpf/uprobe_counter.bpf.o 
 Global:        None                                  
 Metadata:      parity=rust                           
 Map Pin Path:  /run/bpfman/fs/maps/260749            
 Map Owner ID:  None                                  
 Maps Used By:  260749                                
 Links:         None                                  

 Kernel State                                               
 Program ID:                       260749                   
 BPF Function:                     uprobe_counter           
 Kernel Type:                      probe                    
 Loaded At:                        2026-06-26T16:50:56+0100 
 Tag:                              7a2dd52cbef12658         
 GPL Compatible:                   true                     
 Map IDs:                          [417297]                 
 BTF ID:                           775355                   
 Size Translated (bytes):          168                      
 JITted:                           true                     
 Size JITted:                      114                      
 Kernel Allocated Memory (bytes):  4096                     
 Verified Instruction Count:       12                       
[exit 0]

$ rsbpf attach 260749 uprobe --target /nix/store/l0l2ll1lmylczj1ihqn351af2kyp5x19-glibc-2.42-51/lib/libc.so.6 --fn-name malloc --metadata owner=parity
 Bpfman State                                                                              
 BPF Function:     uprobe_counter                                                          
 Program Type:     uprobe                                                                  
 Program ID:       260749                                                                  
 Link ID:          1066187451                                                              
 Target:           /nix/store/l0l2ll1lmylczj1ihqn351af2kyp5x19-glibc-2.42-51/lib/libc.so.6 
 Attach Function:  malloc                                                                  
 Offset:           0                                                                       
 PID:              None                                                                    
 Container PID:    None                                                                    
 Metadata:         owner=parity                                                            
[exit 0]

$ rsbpf get link 1066187451
 Bpfman State                                                                              
 BPF Function:     uprobe_counter                                                          
 Program Type:     uprobe                                                                  
 Program ID:       260749                                                                  
 Link ID:          1066187451                                                              
 Target:           /nix/store/l0l2ll1lmylczj1ihqn351af2kyp5x19-glibc-2.42-51/lib/libc.so.6 
 Attach Function:  malloc                                                                  
 Offset:           0                                                                       
 PID:              None                                                                    
 Container PID:    None                                                                    
 Metadata:         owner=parity                                                            
[exit 0]

$ rsbpf list programs
 Program ID  Application  Type    Function Name   Links          
 260749                   uprobe  uprobe_counter  (1) 1066187451 
[exit 0]

$ rsbpf list links
 Program ID  Link ID     Application  Type    Function Name   Attachment                                                                     
 260749      1066187451               uprobe  uprobe_counter  /nix/store/l0l2ll1lmylczj1ihqn351af2kyp5x19-glibc-2.42-51/lib/libc.so.6 malloc 
[exit 0]

$ rsbpf detach 1066187451

[exit 0]

$ rsbpf unload 260749

[exit 0]

$ rsbpf get program 260749
Error: get error: An error occurred. Program 260749 does not exist
[exit 1]

