$ gobpf program load file e2e/testdata/bpf/uprobe_counter.bpf.o --programs uretprobe:uprobe_counter --metadata parity=go -o json
{
  "programs": [
    {
      "record": {
        "program_id": 260780,
        "load": {
          "object_path": "/run/bpfman-parity-go/programs/260780/bytecode.o",
          "program_name": "uprobe_counter",
          "program_type": "uretprobe",
          "global_data": {},
          "image_source": null,
          "attach_func": null,
          "map_owner_id": null
        },
        "license": "Dual BSD/GPL",
        "gpl_compatible": true,
        "handles": {
          "pin_path": "/run/bpfman-parity-go/fs/prog_260780",
          "map_pin_path": "/run/bpfman-parity-go/fs/maps/260780",
          "map_owner_id": null
        },
        "meta": {
          "name": "uprobe_counter",
          "owner": "",
          "description": "",
          "metadata": {
            "parity": "go"
          }
        },
        "created_at": "2026-06-26T15:50:56Z",
        "updated_at": null
      },
      "status": {
        "kernel": {
          "id": 260780,
          "name": "uprobe_counter",
          "program_type": "kprobe",
          "tag": "7a2dd52cbef12658",
          "loaded_at": "2026-06-26T15:50:55Z",
          "uid": 0,
          "has_uid": true,
          "btf_id": 775395,
          "has_btf_id": true,
          "map_ids": [
            417312
          ],
          "has_map_ids": true,
          "jited_size": 114,
          "xlated_size": 168,
          "verified_insns": 12,
          "memlock": 4096,
          "has_memlock": true,
          "restricted": false
        },
        "stats": null,
        "prog_pin": "/run/bpfman-parity-go/fs/prog_260780",
        "map_dir": "/run/bpfman-parity-go/fs/maps/260780",
        "bytecode": "/run/bpfman-parity-go/programs/260780/bytecode.o",
        "links": [],
        "maps": [
          {
            "id": 417312,
            "name": "uprobe_stats_ma",
            "map_type": "percpuarray",
            "key_size": 4,
            "value_size": 8,
            "max_entries": 1,
            "flags": 0,
            "btf_id": 775394,
            "has_btf_id": true,
            "map_extra": 0,
            "has_map_extra": false,
            "memlock": 440,
            "has_memlock": true,
            "frozen": false,
            "pin_path": "",
            "present": false
          }
        ],
        "map_used_by": [
          260780
        ]
      }
    }
  ]
}
[exit 0]

$ gobpf program get 260780 -o json
{
  "record": {
    "program_id": 260780,
    "load": {
      "object_path": "/run/bpfman-parity-go/programs/260780/bytecode.o",
      "program_name": "uprobe_counter",
      "program_type": "uretprobe",
      "global_data": {},
      "image_source": null,
      "attach_func": null,
      "map_owner_id": null
    },
    "license": "Dual BSD/GPL",
    "gpl_compatible": true,
    "handles": {
      "pin_path": "/run/bpfman-parity-go/fs/prog_260780",
      "map_pin_path": "/run/bpfman-parity-go/fs/maps/260780",
      "map_owner_id": null
    },
    "meta": {
      "name": "uprobe_counter",
      "owner": "",
      "description": "",
      "metadata": {
        "parity": "go"
      }
    },
    "created_at": "2026-06-26T15:50:56Z",
    "updated_at": null
  },
  "status": {
    "kernel": {
      "id": 260780,
      "name": "uprobe_counter",
      "program_type": "kprobe",
      "tag": "7a2dd52cbef12658",
      "loaded_at": "2026-06-26T15:50:55Z",
      "uid": 0,
      "has_uid": true,
      "btf_id": 775395,
      "has_btf_id": true,
      "map_ids": [
        417312
      ],
      "has_map_ids": true,
      "jited_size": 114,
      "xlated_size": 168,
      "verified_insns": 12,
      "memlock": 4096,
      "has_memlock": true,
      "restricted": false
    },
    "stats": {
      "runtime": 0,
      "run_count": 0,
      "recursion_misses": 0
    },
    "prog_pin": "/run/bpfman-parity-go/fs/prog_260780",
    "map_dir": "/run/bpfman-parity-go/fs/maps/260780",
    "bytecode": "/run/bpfman-parity-go/programs/260780/bytecode.o",
    "links": [],
    "maps": [
      {
        "id": 417312,
        "name": "uprobe_stats_ma",
        "map_type": "percpuarray",
        "key_size": 4,
        "value_size": 8,
        "max_entries": 1,
        "flags": 0,
        "btf_id": 775394,
        "has_btf_id": true,
        "map_extra": 0,
        "has_map_extra": false,
        "memlock": 440,
        "has_memlock": true,
        "frozen": false,
        "pin_path": "/run/bpfman-parity-go/fs/maps/260780/uprobe_stats_map",
        "present": true
      }
    ],
    "map_used_by": [
      260780
    ]
  }
}
[exit 0]

$ gobpf link attach uprobe 260780 /nix/store/l0l2ll1lmylczj1ihqn351af2kyp5x19-glibc-2.42-51/lib/libc.so.6 --fn-name malloc --metadata owner=parity -o json
{
  "record": {
    "id": 2123456955,
    "program_id": 260780,
    "kernel_link_id": 371395,
    "kind": "uretprobe",
    "pin_path": "/run/bpfman-parity-go/fs/links/2123456955",
    "details": {
      "target": "/nix/store/l0l2ll1lmylczj1ihqn351af2kyp5x19-glibc-2.42-51/lib/libc.so.6",
      "fn_name": "malloc",
      "offset": 0,
      "pid": 0,
      "retprobe": true,
      "container_pid": 0
    },
    "created_at": "2026-06-26T15:50:56Z",
    "metadata": {
      "owner": "parity"
    }
  },
  "status": {
    "kernel": {
      "id": 371395,
      "program_id": 260780,
      "link_type": "perf_event",
      "attach_type": "",
      "ifindex": 0,
      "target_obj_id": 0,
      "target_btf_id": 0,
      "cgroup_id": 0,
      "netns_ino": 0,
      "netfilter_pf": 0,
      "netfilter_hooknum": 0,
      "netfilter_priority": 0,
      "netfilter_flags": 0,
      "kprobe_multi_count": 0,
      "kprobe_multi_flags": 0,
      "kprobe_multi_missed": 0,
      "kprobe_address": 0,
      "kprobe_missed": 0
    },
    "kernel_seen": true,
    "pin_present": true
  }
}
[exit 0]

$ gobpf link get 2123456955 -o json
{
  "record": {
    "id": 2123456955,
    "program_id": 260780,
    "kernel_link_id": 371395,
    "kind": "uretprobe",
    "pin_path": "/run/bpfman-parity-go/fs/links/2123456955",
    "details": {
      "target": "/nix/store/l0l2ll1lmylczj1ihqn351af2kyp5x19-glibc-2.42-51/lib/libc.so.6",
      "fn_name": "malloc",
      "offset": 0,
      "pid": 0,
      "retprobe": true,
      "container_pid": 0
    },
    "created_at": "2026-06-26T15:50:56Z",
    "metadata": {
      "owner": "parity"
    }
  },
  "status": {
    "kernel": {
      "id": 371395,
      "program_id": 260780,
      "link_type": "perf_event",
      "attach_type": "",
      "ifindex": 0,
      "target_obj_id": 0,
      "target_btf_id": 0,
      "cgroup_id": 0,
      "netns_ino": 0,
      "netfilter_pf": 0,
      "netfilter_hooknum": 0,
      "netfilter_priority": 0,
      "netfilter_flags": 0,
      "kprobe_multi_count": 0,
      "kprobe_multi_flags": 0,
      "kprobe_multi_missed": 0,
      "kprobe_address": 0,
      "kprobe_missed": 0
    },
    "kernel_seen": true,
    "pin_present": true
  }
}
[exit 0]

$ gobpf link list -o json
{
  "links": [
    {
      "id": 2123456955,
      "program_id": 260780,
      "kernel_link_id": 371395,
      "kind": "uretprobe",
      "pin_path": "/run/bpfman-parity-go/fs/links/2123456955",
      "details": {
        "target": "/nix/store/l0l2ll1lmylczj1ihqn351af2kyp5x19-glibc-2.42-51/lib/libc.so.6",
        "fn_name": "malloc",
        "offset": 0,
        "pid": 0,
        "retprobe": true,
        "container_pid": 0
      },
      "created_at": "2026-06-26T15:50:56Z",
      "metadata": {
        "owner": "parity"
      }
    }
  ]
}
[exit 0]

$ gobpf program list -o json
{
  "programs": [
    {
      "program_id": 260780,
      "managed": true,
      "application": "",
      "type": "uretprobe",
      "function_name": "uprobe_counter",
      "links": [
        2123456955
      ],
      "record": {
        "program_id": 260780,
        "load": {
          "object_path": "/run/bpfman-parity-go/programs/260780/bytecode.o",
          "program_name": "uprobe_counter",
          "program_type": "uretprobe",
          "global_data": {},
          "image_source": null,
          "attach_func": null,
          "map_owner_id": null
        },
        "license": "Dual BSD/GPL",
        "gpl_compatible": true,
        "handles": {
          "pin_path": "/run/bpfman-parity-go/fs/prog_260780",
          "map_pin_path": "/run/bpfman-parity-go/fs/maps/260780",
          "map_owner_id": null
        },
        "meta": {
          "name": "uprobe_counter",
          "owner": "",
          "description": "",
          "metadata": {
            "parity": "go"
          }
        },
        "created_at": "2026-06-26T15:50:56Z",
        "updated_at": null
      },
      "kernel": {
        "id": 260780,
        "name": "uprobe_counter",
        "program_type": "kprobe",
        "tag": "7a2dd52cbef12658",
        "loaded_at": "2026-06-26T15:50:55Z",
        "uid": 0,
        "has_uid": true,
        "btf_id": 775395,
        "has_btf_id": true,
        "map_ids": [
          417312
        ],
        "has_map_ids": true,
        "jited_size": 114,
        "xlated_size": 168,
        "verified_insns": 12,
        "memlock": 4096,
        "has_memlock": true,
        "restricted": false
      }
    }
  ]
}
[exit 0]

$ gobpf link detach 2123456955

[exit 0]

$ gobpf program unload 260780

[exit 0]

$ gobpf program get 260780 -o json
bpfman: error: record not found
[exit 1]

